{"C:\\Users\\paubo\\OneDrive\\Documentos\\GitHub\\DS_Proyecto\\backend\\src\\controllers\\CartAdmin.ts": {"path":"C:\\Users\\paubo\\OneDrive\\Documentos\\GitHub\\DS_Proyecto\\backend\\src\\controllers\\CartAdmin.ts","statementMap":{"0":{"start":{"line":3,"column":33},"end":{"line":3,"column":69}},"1":{"start":{"line":4,"column":11},"end":{"line":4,"column":24}},"2":{"start":{"line":6,"column":0},"end":{"line":6,"column":null}},"3":{"start":{"line":10,"column":4},"end":{"line":10,"column":27}},"4":{"start":{"line":15,"column":15},"end":{"line":35,"column":null}},"5":{"start":{"line":20,"column":24},"end":{"line":20,"column":null}},"6":{"start":{"line":20,"column":10},"end":{"line":20,"column":null}},"7":{"start":{"line":22,"column":8},"end":{"line":22,"column":19}},"8":{"start":{"line":23,"column":13},"end":{"line":23,"column":69}},"9":{"start":{"line":23,"column":6},"end":{"line":23,"column":69}},"10":{"start":{"line":26,"column":12},"end":{"line":26,"column":43}},"11":{"start":{"line":27,"column":10},"end":{"line":27,"column":18}},"12":{"start":{"line":28,"column":8},"end":{"line":28,"column":41}},"13":{"start":{"line":32,"column":15},"end":{"line":32,"column":75}},"14":{"start":{"line":32,"column":8},"end":{"line":32,"column":75}},"15":{"start":{"line":39,"column":15},"end":{"line":51,"column":null}},"16":{"start":{"line":44,"column":24},"end":{"line":44,"column":null}},"17":{"start":{"line":44,"column":10},"end":{"line":44,"column":null}},"18":{"start":{"line":45,"column":10},"end":{"line":45,"column":41}},"19":{"start":{"line":46,"column":8},"end":{"line":46,"column":16}},"20":{"start":{"line":47,"column":13},"end":{"line":47,"column":65}},"21":{"start":{"line":47,"column":6},"end":{"line":47,"column":65}},"22":{"start":{"line":49,"column":13},"end":{"line":49,"column":73}},"23":{"start":{"line":49,"column":6},"end":{"line":49,"column":73}},"24":{"start":{"line":54,"column":15},"end":{"line":56,"column":null}},"25":{"start":{"line":55,"column":11},"end":{"line":55,"column":46}},"26":{"start":{"line":55,"column":4},"end":{"line":55,"column":46}},"27":{"start":{"line":60,"column":15},"end":{"line":98,"column":null}},"28":{"start":{"line":67,"column":21},"end":{"line":67,"column":null}},"29":{"start":{"line":67,"column":10},"end":{"line":67,"column":null}},"30":{"start":{"line":68,"column":10},"end":{"line":80,"column":6}},"31":{"start":{"line":74,"column":12},"end":{"line":79,"column":null}},"32":{"start":{"line":82,"column":20},"end":{"line":89,"column":null}},"33":{"start":{"line":82,"column":10},"end":{"line":89,"column":null}},"34":{"start":{"line":92,"column":4},"end":{"line":92,"column":41}},"35":{"start":{"line":97,"column":4},"end":{"line":97,"column":19}},"36":{"start":{"line":99,"column":0},"end":{"line":99,"column":null}},"37":{"start":{"line":101,"column":9},"end":{"line":101,"column":18}}},"fnMap":{"0":{"name":"(anonymous_13)","decl":{"start":{"line":6,"column":0},"end":{"line":6,"column":null}},"loc":{"start":{"line":6,"column":0},"end":{"line":99,"column":null}}},"1":{"name":"CartAdmin","decl":{"start":{"line":9,"column":2},"end":{"line":9,"column":14}},"loc":{"start":{"line":9,"column":31},"end":{"line":11,"column":3}}},"2":{"name":"(anonymous_15)","decl":{"start":{"line":15,"column":2},"end":{"line":15,"column":15}},"loc":{"start":{"line":18,"column":17},"end":{"line":35,"column":null}}},"3":{"name":"(anonymous_18)","decl":{"start":{"line":39,"column":2},"end":{"line":39,"column":15}},"loc":{"start":{"line":42,"column":17},"end":{"line":51,"column":null}}},"4":{"name":"(anonymous_21)","decl":{"start":{"line":54,"column":2},"end":{"line":54,"column":15}},"loc":{"start":{"line":54,"column":37},"end":{"line":56,"column":null}}},"5":{"name":"(anonymous_24)","decl":{"start":{"line":60,"column":2},"end":{"line":60,"column":15}},"loc":{"start":{"line":64,"column":21},"end":{"line":98,"column":null}}},"6":{"name":"(anonymous_27)","decl":{"start":{"line":69,"column":6},"end":{"line":69,"column":7}},"loc":{"start":{"line":74,"column":7},"end":{"line":74,"column":13}}}},"branchMap":{"0":{"loc":{"start":{"line":20,"column":24},"end":{"line":20,"column":null}},"type":"switch","locations":[{"start":{"line":20,"column":24},"end":{"line":20,"column":null}},{"start":{"line":23,"column":6},"end":{"line":23,"column":69}},{"start":{"line":32,"column":15},"end":{"line":32,"column":75}}]},"1":{"loc":{"start":{"line":22,"column":8},"end":{"line":22,"column":19}},"type":"if","locations":[{"start":{"line":22,"column":8},"end":{"line":22,"column":19}}]},"2":{"loc":{"start":{"line":27,"column":10},"end":{"line":27,"column":18}},"type":"if","locations":[{"start":{"line":27,"column":10},"end":{"line":27,"column":18}}]},"3":{"loc":{"start":{"line":44,"column":24},"end":{"line":44,"column":null}},"type":"switch","locations":[{"start":{"line":44,"column":24},"end":{"line":44,"column":null}},{"start":{"line":47,"column":6},"end":{"line":47,"column":65}},{"start":{"line":49,"column":13},"end":{"line":49,"column":73}},{"start":{"line":49,"column":6},"end":{"line":49,"column":73}}]},"4":{"loc":{"start":{"line":46,"column":8},"end":{"line":46,"column":16}},"type":"if","locations":[{"start":{"line":46,"column":8},"end":{"line":46,"column":16}}]},"5":{"loc":{"start":{"line":55,"column":11},"end":{"line":55,"column":46}},"type":"switch","locations":[{"start":{"line":55,"column":11},"end":{"line":55,"column":46}},{"start":{"line":55,"column":4},"end":{"line":55,"column":46}}]},"6":{"loc":{"start":{"line":67,"column":21},"end":{"line":67,"column":null}},"type":"switch","locations":[{"start":{"line":67,"column":21},"end":{"line":67,"column":null}}]}},"s":{"0":1,"1":1,"2":1,"3":6,"4":1,"5":3,"6":3,"7":6,"8":0,"9":0,"10":3,"11":5,"12":1,"13":2,"14":2,"15":1,"16":0,"17":0,"18":0,"19":0,"20":0,"21":0,"22":0,"23":0,"24":1,"25":3,"26":3,"27":1,"28":3,"29":3,"30":3,"31":0,"32":2,"33":2,"34":4,"35":2,"36":1,"37":1},"f":{"0":1,"1":6,"2":3,"3":0,"4":3,"5":3,"6":0},"b":{"0":[3,0,2],"1":[3],"2":[2],"3":[0,0,0,0],"4":[0],"5":[3,3],"6":[3]}}
,"C:\\Users\\paubo\\OneDrive\\Documentos\\GitHub\\DS_Proyecto\\backend\\src\\controllers\\_tests_\\CartDaoStub.ts": {"path":"C:\\Users\\paubo\\OneDrive\\Documentos\\GitHub\\DS_Proyecto\\backend\\src\\controllers\\_tests_\\CartDaoStub.ts","statementMap":{"0":{"start":{"line":2,"column":0},"end":{"line":2,"column":null}},"1":{"start":{"line":8,"column":8},"end":{"line":10,"column":null}},"2":{"start":{"line":9,"column":4},"end":{"line":9,"column":50}},"3":{"start":{"line":12,"column":8},"end":{"line":19,"column":null}},"4":{"start":{"line":18,"column":4},"end":{"line":18,"column":57}},"5":{"start":{"line":21,"column":9},"end":{"line":23,"column":null}},"6":{"start":{"line":22,"column":4},"end":{"line":22,"column":31}},"7":{"start":{"line":25,"column":9},"end":{"line":27,"column":null}},"8":{"start":{"line":26,"column":4},"end":{"line":26,"column":32}},"9":{"start":{"line":29,"column":8},"end":{"line":36,"column":null}},"10":{"start":{"line":35,"column":4},"end":{"line":35,"column":34}},"11":{"start":{"line":39,"column":8},"end":{"line":41,"column":null}},"12":{"start":{"line":40,"column":4},"end":{"line":40,"column":46}},"13":{"start":{"line":43,"column":9},"end":{"line":45,"column":null}},"14":{"start":{"line":44,"column":4},"end":{"line":44,"column":28}},"15":{"start":{"line":48,"column":8},"end":{"line":50,"column":null}},"16":{"start":{"line":49,"column":4},"end":{"line":49,"column":29}},"17":{"start":{"line":53,"column":8},"end":{"line":55,"column":null}},"18":{"start":{"line":54,"column":4},"end":{"line":54,"column":29}},"19":{"start":{"line":58,"column":8},"end":{"line":67,"column":null}},"20":{"start":{"line":66,"column":4},"end":{"line":66,"column":32}},"21":{"start":{"line":69,"column":9},"end":{"line":71,"column":null}},"22":{"start":{"line":70,"column":4},"end":{"line":70,"column":34}},"23":{"start":{"line":72,"column":0},"end":{"line":72,"column":null}},"24":{"start":{"line":74,"column":0},"end":{"line":74,"column":27}}},"fnMap":{"0":{"name":"(anonymous_13)","decl":{"start":{"line":2,"column":0},"end":{"line":2,"column":null}},"loc":{"start":{"line":2,"column":0},"end":{"line":72,"column":null}}},"1":{"name":"(anonymous_15)","decl":{"start":{"line":8,"column":2},"end":{"line":8,"column":8}},"loc":{"start":{"line":8,"column":53},"end":{"line":10,"column":null}}},"2":{"name":"(anonymous_18)","decl":{"start":{"line":12,"column":2},"end":{"line":12,"column":8}},"loc":{"start":{"line":15,"column":18},"end":{"line":19,"column":null}}},"3":{"name":"(anonymous_21)","decl":{"start":{"line":21,"column":2},"end":{"line":21,"column":9}},"loc":{"start":{"line":21,"column":39},"end":{"line":23,"column":3}}},"4":{"name":"(anonymous_22)","decl":{"start":{"line":25,"column":2},"end":{"line":25,"column":9}},"loc":{"start":{"line":25,"column":40},"end":{"line":27,"column":3}}},"5":{"name":"(anonymous_23)","decl":{"start":{"line":29,"column":2},"end":{"line":29,"column":8}},"loc":{"start":{"line":32,"column":18},"end":{"line":36,"column":null}}},"6":{"name":"(anonymous_26)","decl":{"start":{"line":39,"column":2},"end":{"line":39,"column":8}},"loc":{"start":{"line":39,"column":30},"end":{"line":41,"column":null}}},"7":{"name":"(anonymous_29)","decl":{"start":{"line":43,"column":2},"end":{"line":43,"column":9}},"loc":{"start":{"line":43,"column":33},"end":{"line":45,"column":3}}},"8":{"name":"(anonymous_30)","decl":{"start":{"line":48,"column":2},"end":{"line":48,"column":8}},"loc":{"start":{"line":48,"column":55},"end":{"line":50,"column":null}}},"9":{"name":"(anonymous_33)","decl":{"start":{"line":53,"column":2},"end":{"line":53,"column":8}},"loc":{"start":{"line":53,"column":32},"end":{"line":55,"column":null}}},"10":{"name":"(anonymous_36)","decl":{"start":{"line":58,"column":2},"end":{"line":58,"column":8}},"loc":{"start":{"line":64,"column":17},"end":{"line":67,"column":null}}},"11":{"name":"(anonymous_39)","decl":{"start":{"line":69,"column":2},"end":{"line":69,"column":9}},"loc":{"start":{"line":69,"column":39},"end":{"line":71,"column":3}}}},"branchMap":{},"s":{"0":1,"1":1,"2":3,"3":1,"4":0,"5":1,"6":0,"7":1,"8":3,"9":1,"10":2,"11":1,"12":3,"13":1,"14":3,"15":1,"16":0,"17":1,"18":2,"19":1,"20":2,"21":1,"22":2,"23":1,"24":1},"f":{"0":7,"1":3,"2":0,"3":0,"4":3,"5":2,"6":3,"7":3,"8":0,"9":2,"10":2,"11":2},"b":{}}
,"C:\\Users\\paubo\\OneDrive\\Documentos\\GitHub\\DS_Proyecto\\backend\\src\\daos\\_tests_\\DataBaseStub.ts": {"path":"C:\\Users\\paubo\\OneDrive\\Documentos\\GitHub\\DS_Proyecto\\backend\\src\\daos\\_tests_\\DataBaseStub.ts","statementMap":{"0":{"start":{"line":3,"column":0},"end":{"line":3,"column":null}},"1":{"start":{"line":8,"column":4},"end":{"line":8,"column":23}},"2":{"start":{"line":9,"column":4},"end":{"line":9,"column":24}},"3":{"start":{"line":12,"column":8},"end":{"line":19,"column":null}},"4":{"start":{"line":13,"column":4},"end":{"line":18,"column":null}},"5":{"start":{"line":14,"column":12},"end":{"line":14,"column":61}},"6":{"start":{"line":15,"column":6},"end":{"line":15,"column":18}},"7":{"start":{"line":17,"column":6},"end":{"line":17,"column":38}},"8":{"start":{"line":22,"column":8},"end":{"line":30,"column":null}},"9":{"start":{"line":23,"column":4},"end":{"line":25,"column":null}},"10":{"start":{"line":24,"column":8},"end":{"line":24,"column":40}},"11":{"start":{"line":26,"column":4},"end":{"line":28,"column":null}},"12":{"start":{"line":27,"column":8},"end":{"line":27,"column":49}},"13":{"start":{"line":29,"column":4},"end":{"line":29,"column":74}},"14":{"start":{"line":32,"column":8},"end":{"line":36,"column":null}},"15":{"start":{"line":33,"column":4},"end":{"line":35,"column":null}},"16":{"start":{"line":34,"column":6},"end":{"line":34,"column":38}},"17":{"start":{"line":38,"column":8},"end":{"line":51,"column":null}},"18":{"start":{"line":39,"column":4},"end":{"line":41,"column":null}},"19":{"start":{"line":40,"column":8},"end":{"line":40,"column":40}},"20":{"start":{"line":42,"column":10},"end":{"line":45,"column":6}},"21":{"start":{"line":46,"column":10},"end":{"line":50,"column":6}},"22":{"start":{"line":53,"column":8},"end":{"line":58,"column":null}},"23":{"start":{"line":54,"column":4},"end":{"line":56,"column":null}},"24":{"start":{"line":55,"column":8},"end":{"line":55,"column":40}},"25":{"start":{"line":57,"column":4},"end":{"line":57,"column":null}},"26":{"start":{"line":60,"column":8},"end":{"line":64,"column":null}},"27":{"start":{"line":61,"column":4},"end":{"line":63,"column":null}},"28":{"start":{"line":62,"column":6},"end":{"line":62,"column":42}},"29":{"start":{"line":66,"column":8},"end":{"line":90,"column":null}},"30":{"start":{"line":74,"column":4},"end":{"line":76,"column":null}},"31":{"start":{"line":75,"column":6},"end":{"line":75,"column":38}},"32":{"start":{"line":77,"column":10},"end":{"line":77,"column":46}},"33":{"start":{"line":78,"column":10},"end":{"line":87,"column":6}},"34":{"start":{"line":88,"column":4},"end":{"line":88,"column":31}},"35":{"start":{"line":89,"column":4},"end":{"line":89,"column":19}},"36":{"start":{"line":91,"column":0},"end":{"line":91,"column":null}},"37":{"start":{"line":93,"column":0},"end":{"line":93,"column":28}}},"fnMap":{"0":{"name":"(anonymous_13)","decl":{"start":{"line":3,"column":0},"end":{"line":3,"column":null}},"loc":{"start":{"line":3,"column":0},"end":{"line":91,"column":null}}},"1":{"name":"DataBaseStub","decl":{"start":{"line":7,"column":2},"end":{"line":7,"column":null}},"loc":{"start":{"line":7,"column":2},"end":{"line":10,"column":3}}},"2":{"name":"(anonymous_15)","decl":{"start":{"line":12,"column":2},"end":{"line":12,"column":8}},"loc":{"start":{"line":12,"column":30},"end":{"line":19,"column":null}}},"3":{"name":"(anonymous_18)","decl":{"start":{"line":22,"column":2},"end":{"line":22,"column":8}},"loc":{"start":{"line":22,"column":67},"end":{"line":30,"column":null}}},"4":{"name":"(anonymous_21)","decl":{"start":{"line":32,"column":2},"end":{"line":32,"column":8}},"loc":{"start":{"line":32,"column":55},"end":{"line":36,"column":null}}},"5":{"name":"(anonymous_24)","decl":{"start":{"line":38,"column":2},"end":{"line":38,"column":8}},"loc":{"start":{"line":38,"column":68},"end":{"line":51,"column":null}}},"6":{"name":"(anonymous_27)","decl":{"start":{"line":53,"column":2},"end":{"line":53,"column":8}},"loc":{"start":{"line":53,"column":53},"end":{"line":58,"column":null}}},"7":{"name":"(anonymous_30)","decl":{"start":{"line":60,"column":2},"end":{"line":60,"column":8}},"loc":{"start":{"line":60,"column":32},"end":{"line":64,"column":null}}},"8":{"name":"(anonymous_33)","decl":{"start":{"line":66,"column":2},"end":{"line":66,"column":8}},"loc":{"start":{"line":72,"column":17},"end":{"line":90,"column":null}}}},"branchMap":{"0":{"loc":{"start":{"line":13,"column":4},"end":{"line":18,"column":null}},"type":"if","locations":[{"start":{"line":13,"column":4},"end":{"line":18,"column":null}},{"start":{"line":16,"column":11},"end":{"line":18,"column":null}}]},"1":{"loc":{"start":{"line":14,"column":19},"end":{"line":14,"column":60}},"type":"binary-expr","locations":[{"start":{"line":14,"column":19},"end":{"line":14,"column":40}},{"start":{"line":14,"column":44},"end":{"line":14,"column":60}}]},"2":{"loc":{"start":{"line":23,"column":4},"end":{"line":25,"column":null}},"type":"if","locations":[{"start":{"line":23,"column":4},"end":{"line":25,"column":null}}]},"3":{"loc":{"start":{"line":26,"column":4},"end":{"line":28,"column":null}},"type":"if","locations":[{"start":{"line":26,"column":4},"end":{"line":28,"column":null}}]},"4":{"loc":{"start":{"line":33,"column":4},"end":{"line":35,"column":null}},"type":"if","locations":[{"start":{"line":33,"column":4},"end":{"line":35,"column":null}}]},"5":{"loc":{"start":{"line":39,"column":4},"end":{"line":41,"column":null}},"type":"if","locations":[{"start":{"line":39,"column":4},"end":{"line":41,"column":null}}]},"6":{"loc":{"start":{"line":54,"column":4},"end":{"line":56,"column":null}},"type":"if","locations":[{"start":{"line":54,"column":4},"end":{"line":56,"column":null}}]},"7":{"loc":{"start":{"line":61,"column":4},"end":{"line":63,"column":null}},"type":"if","locations":[{"start":{"line":61,"column":4},"end":{"line":63,"column":null}}]},"8":{"loc":{"start":{"line":74,"column":4},"end":{"line":76,"column":null}},"type":"if","locations":[{"start":{"line":74,"column":4},"end":{"line":76,"column":null}}]}},"s":{"0":1,"1":18,"2":18,"3":1,"4":1002,"5":1001,"6":1001,"7":1,"8":1,"9":4005,"10":1,"11":4004,"12":8,"13":4004,"14":1,"15":1002,"16":1,"17":1,"18":1002,"19":1,"20":1001,"21":1001,"22":1,"23":1002,"24":1,"25":1001,"26":1,"27":0,"28":0,"29":1,"30":2002,"31":1,"32":2001,"33":2001,"34":2001,"35":2001,"36":1,"37":1},"f":{"0":1,"1":18,"2":1002,"3":4005,"4":1002,"5":1002,"6":1002,"7":0,"8":2002},"b":{"0":[1001,1],"1":[1001,1000],"2":[1],"3":[8],"4":[1],"5":[1],"6":[1],"7":[0],"8":[1]}}
,"C:\\Users\\paubo\\OneDrive\\Documentos\\GitHub\\DS_Proyecto\\backend\\src\\exceptions\\exceptions.ts": {"path":"C:\\Users\\paubo\\OneDrive\\Documentos\\GitHub\\DS_Proyecto\\backend\\src\\exceptions\\exceptions.ts","statementMap":{"0":{"start":{"line":1,"column":0},"end":{"line":1,"column":null}},"1":{"start":{"line":1,"column":25},"end":{"line":1,"column":30}},"2":{"start":{"line":3,"column":4},"end":{"line":3,"column":null}},"3":{"start":{"line":4,"column":4},"end":{"line":4,"column":29}},"4":{"start":{"line":5,"column":4},"end":{"line":5,"column":54}},"5":{"start":{"line":7,"column":0},"end":{"line":7,"column":null}},"6":{"start":{"line":38,"column":2},"end":{"line":38,"column":12}},"7":{"start":{"line":9,"column":0},"end":{"line":9,"column":null}},"8":{"start":{"line":9,"column":32},"end":{"line":9,"column":37}},"9":{"start":{"line":11,"column":4},"end":{"line":13,"column":null}},"10":{"start":{"line":14,"column":4},"end":{"line":14,"column":36}},"11":{"start":{"line":15,"column":4},"end":{"line":15,"column":61}},"12":{"start":{"line":17,"column":0},"end":{"line":17,"column":null}},"13":{"start":{"line":39,"column":2},"end":{"line":39,"column":19}},"14":{"start":{"line":19,"column":0},"end":{"line":19,"column":null}},"15":{"start":{"line":19,"column":35},"end":{"line":19,"column":40}},"16":{"start":{"line":21,"column":4},"end":{"line":23,"column":null}},"17":{"start":{"line":24,"column":4},"end":{"line":24,"column":39}},"18":{"start":{"line":25,"column":4},"end":{"line":25,"column":64}},"19":{"start":{"line":27,"column":0},"end":{"line":27,"column":null}},"20":{"start":{"line":40,"column":2},"end":{"line":40,"column":22}},"21":{"start":{"line":29,"column":0},"end":{"line":29,"column":null}},"22":{"start":{"line":29,"column":35},"end":{"line":29,"column":40}},"23":{"start":{"line":31,"column":4},"end":{"line":31,"column":null}},"24":{"start":{"line":32,"column":4},"end":{"line":32,"column":39}},"25":{"start":{"line":33,"column":4},"end":{"line":33,"column":64}},"26":{"start":{"line":35,"column":0},"end":{"line":35,"column":null}},"27":{"start":{"line":41,"column":2},"end":{"line":41,"column":22}}},"fnMap":{"0":{"name":"(anonymous_6)","decl":{"start":{"line":1,"column":0},"end":{"line":1,"column":25}},"loc":{"start":{"line":1,"column":0},"end":{"line":7,"column":null}}},"1":{"name":"EmailInUse","decl":{"start":{"line":2,"column":2},"end":{"line":2,"column":null}},"loc":{"start":{"line":2,"column":2},"end":{"line":6,"column":3}}},"2":{"name":"(anonymous_8)","decl":{"start":{"line":9,"column":0},"end":{"line":9,"column":32}},"loc":{"start":{"line":9,"column":0},"end":{"line":17,"column":null}}},"3":{"name":"ProductNotInStock","decl":{"start":{"line":10,"column":2},"end":{"line":10,"column":14}},"loc":{"start":{"line":10,"column":33},"end":{"line":16,"column":3}}},"4":{"name":"(anonymous_10)","decl":{"start":{"line":19,"column":0},"end":{"line":19,"column":35}},"loc":{"start":{"line":19,"column":0},"end":{"line":27,"column":null}}},"5":{"name":"ProductDoesNotExists","decl":{"start":{"line":20,"column":2},"end":{"line":20,"column":14}},"loc":{"start":{"line":20,"column":33},"end":{"line":26,"column":3}}},"6":{"name":"(anonymous_12)","decl":{"start":{"line":29,"column":0},"end":{"line":29,"column":35}},"loc":{"start":{"line":29,"column":0},"end":{"line":35,"column":null}}},"7":{"name":"ToManyProductsInCart","decl":{"start":{"line":30,"column":2},"end":{"line":30,"column":null}},"loc":{"start":{"line":30,"column":2},"end":{"line":34,"column":3}}}},"branchMap":{"0":{"loc":{"start":{"line":3,"column":4},"end":{"line":3,"column":null}},"type":"binary-expr","locations":[{"start":{"line":3,"column":4},"end":{"line":3,"column":57}},{"start":{"line":3,"column":57},"end":{"line":3,"column":null}}]},"1":{"loc":{"start":{"line":11,"column":4},"end":{"line":13,"column":null}},"type":"binary-expr","locations":[{"start":{"line":11,"column":4},"end":{"line":12,"column":null}},{"start":{"line":13,"column":5},"end":{"line":13,"column":null}}]},"2":{"loc":{"start":{"line":21,"column":4},"end":{"line":23,"column":null}},"type":"binary-expr","locations":[{"start":{"line":21,"column":4},"end":{"line":22,"column":null}},{"start":{"line":23,"column":5},"end":{"line":23,"column":null}}]},"3":{"loc":{"start":{"line":31,"column":4},"end":{"line":31,"column":null}},"type":"binary-expr","locations":[{"start":{"line":31,"column":4},"end":{"line":31,"column":70}},{"start":{"line":31,"column":70},"end":{"line":31,"column":null}}]}},"s":{"0":1,"1":1,"2":0,"3":0,"4":0,"5":1,"6":1,"7":1,"8":1,"9":0,"10":0,"11":0,"12":1,"13":1,"14":1,"15":1,"16":0,"17":0,"18":0,"19":1,"20":1,"21":1,"22":1,"23":1,"24":1,"25":1,"26":1,"27":1},"f":{"0":1,"1":0,"2":1,"3":0,"4":1,"5":0,"6":1,"7":1},"b":{"0":[0,0],"1":[0,0],"2":[0,0],"3":[1,0]}}
}
