TN:
SF:src\controllers\CartAdmin.ts
FN:6,(anonymous_13)
FN:9,CartAdmin
FN:15,(anonymous_15)
FN:39,(anonymous_18)
FN:54,(anonymous_21)
FN:60,(anonymous_24)
FN:69,(anonymous_27)
FNF:7
FNH:5
FNDA:1,(anonymous_13)
FNDA:6,CartAdmin
FNDA:3,(anonymous_15)
FNDA:0,(anonymous_18)
FNDA:3,(anonymous_21)
FNDA:3,(anonymous_24)
FNDA:0,(anonymous_27)
DA:3,1
DA:4,1
DA:6,1
DA:10,6
DA:15,1
DA:20,3
DA:22,6
DA:23,0
DA:26,3
DA:27,5
DA:28,1
DA:32,2
DA:39,1
DA:44,0
DA:45,0
DA:46,0
DA:47,0
DA:49,0
DA:54,1
DA:55,3
DA:60,1
DA:67,3
DA:68,3
DA:74,0
DA:82,2
DA:92,4
DA:97,2
DA:99,1
DA:101,1
LF:29
LH:22
BRDA:20,0,0,3
BRDA:20,0,1,0
BRDA:20,0,2,2
BRDA:22,1,0,3
BRDA:27,2,0,2
BRDA:44,3,0,0
BRDA:44,3,1,0
BRDA:44,3,2,0
BRDA:44,3,3,0
BRDA:46,4,0,0
BRDA:55,5,0,3
BRDA:55,5,1,3
BRDA:67,6,0,3
BRF:13
BRH:7
end_of_record
TN:
SF:src\controllers\_tests_\CartDaoStub.ts
FN:2,(anonymous_13)
FN:8,(anonymous_15)
FN:12,(anonymous_18)
FN:21,(anonymous_21)
FN:25,(anonymous_22)
FN:29,(anonymous_23)
FN:39,(anonymous_26)
FN:43,(anonymous_29)
FN:48,(anonymous_30)
FN:53,(anonymous_33)
FN:58,(anonymous_36)
FN:69,(anonymous_39)
FNF:12
FNH:9
FNDA:7,(anonymous_13)
FNDA:3,(anonymous_15)
FNDA:0,(anonymous_18)
FNDA:0,(anonymous_21)
FNDA:3,(anonymous_22)
FNDA:2,(anonymous_23)
FNDA:3,(anonymous_26)
FNDA:3,(anonymous_29)
FNDA:0,(anonymous_30)
FNDA:2,(anonymous_33)
FNDA:2,(anonymous_36)
FNDA:2,(anonymous_39)
DA:2,1
DA:8,1
DA:9,3
DA:12,1
DA:18,0
DA:21,1
DA:22,0
DA:25,1
DA:26,3
DA:29,1
DA:35,2
DA:39,1
DA:40,3
DA:43,1
DA:44,3
DA:48,1
DA:49,0
DA:53,1
DA:54,2
DA:58,1
DA:66,2
DA:69,1
DA:70,2
DA:72,1
DA:74,1
LF:25
LH:22
BRF:0
BRH:0
end_of_record
TN:
SF:src\daos\_tests_\DataBaseStub.ts
FN:3,(anonymous_13)
FN:7,DataBaseStub
FN:12,(anonymous_15)
FN:22,(anonymous_18)
FN:32,(anonymous_21)
FN:38,(anonymous_24)
FN:53,(anonymous_27)
FN:60,(anonymous_30)
FN:66,(anonymous_33)
FNF:9
FNH:8
FNDA:1,(anonymous_13)
FNDA:18,DataBaseStub
FNDA:1002,(anonymous_15)
FNDA:4005,(anonymous_18)
FNDA:1002,(anonymous_21)
FNDA:1002,(anonymous_24)
FNDA:1002,(anonymous_27)
FNDA:0,(anonymous_30)
FNDA:2002,(anonymous_33)
DA:3,1
DA:8,18
DA:9,18
DA:12,1
DA:13,1002
DA:14,1001
DA:15,1001
DA:17,1
DA:22,1
DA:23,4005
DA:24,1
DA:26,4004
DA:27,8
DA:29,4004
DA:32,1
DA:33,1002
DA:34,1
DA:38,1
DA:39,1002
DA:40,1
DA:42,1001
DA:46,1001
DA:53,1
DA:54,1002
DA:55,1
DA:57,1001
DA:60,1
DA:61,0
DA:62,0
DA:66,1
DA:74,2002
DA:75,1
DA:77,2001
DA:78,2001
DA:88,2001
DA:89,2001
DA:91,1
DA:93,1
LF:38
LH:36
BRDA:13,0,0,1001
BRDA:13,0,1,1
BRDA:14,1,0,1001
BRDA:14,1,1,1000
BRDA:23,2,0,1
BRDA:26,3,0,8
BRDA:33,4,0,1
BRDA:39,5,0,1
BRDA:54,6,0,1
BRDA:61,7,0,0
BRDA:74,8,0,1
BRF:11
BRH:10
end_of_record
TN:
SF:src\exceptions\exceptions.ts
FN:1,(anonymous_6)
FN:2,EmailInUse
FN:9,(anonymous_8)
FN:10,ProductNotInStock
FN:19,(anonymous_10)
FN:20,ProductDoesNotExists
FN:29,(anonymous_12)
FN:30,ToManyProductsInCart
FNF:8
FNH:5
FNDA:1,(anonymous_6)
FNDA:0,EmailInUse
FNDA:1,(anonymous_8)
FNDA:0,ProductNotInStock
FNDA:1,(anonymous_10)
FNDA:0,ProductDoesNotExists
FNDA:1,(anonymous_12)
FNDA:1,ToManyProductsInCart
DA:1,1
DA:3,0
DA:4,0
DA:5,0
DA:7,1
DA:9,1
DA:11,0
DA:14,0
DA:15,0
DA:17,1
DA:19,1
DA:21,0
DA:24,0
DA:25,0
DA:27,1
DA:29,1
DA:31,1
DA:32,1
DA:33,1
DA:35,1
DA:38,1
DA:39,1
DA:40,1
DA:41,1
LF:24
LH:15
BRDA:3,0,0,0
BRDA:3,0,1,0
BRDA:11,1,0,0
BRDA:11,1,1,0
BRDA:21,2,0,0
BRDA:21,2,1,0
BRDA:31,3,0,1
BRDA:31,3,1,0
BRF:8
BRH:1
end_of_record
