<?xml version="1.0" encoding="UTF-8"?>
<coverage generated="1716914144994" clover="3.2.0">
  <project timestamp="1716914144994" name="All files">
    <metrics statements="121" coveredstatements="100" conditionals="32" coveredconditionals="18" methods="36" coveredmethods="27" elements="189" coveredelements="145" complexity="0" loc="121" ncloc="121" packages="4" files="4" classes="4"/>
    <package name="controllers">
      <metrics statements="30" coveredstatements="23" conditionals="13" coveredconditionals="7" methods="7" coveredmethods="5"/>
      <file name="CartAdmin.ts" path="C:\Users\Jeffrey Leiva\Documents\GitHub\ACS_Proyecto_01\Code\backend\src\controllers\CartAdmin.ts">
        <metrics statements="30" coveredstatements="23" conditionals="13" coveredconditionals="7" methods="7" coveredmethods="5"/>
        <line num="3" count="1" type="stmt"/>
        <line num="4" count="1" type="stmt"/>
        <line num="6" count="1" type="stmt"/>
        <line num="10" count="6" type="stmt"/>
        <line num="15" count="1" type="stmt"/>
        <line num="20" count="3" type="cond" truecount="2" falsecount="1"/>
        <line num="22" count="6" type="cond" truecount="1" falsecount="0"/>
        <line num="23" count="0" type="stmt"/>
        <line num="26" count="3" type="stmt"/>
        <line num="27" count="5" type="cond" truecount="1" falsecount="0"/>
        <line num="28" count="1" type="stmt"/>
        <line num="32" count="2" type="stmt"/>
        <line num="39" count="1" type="stmt"/>
        <line num="44" count="0" type="cond" truecount="0" falsecount="4"/>
        <line num="45" count="0" type="stmt"/>
        <line num="46" count="0" type="cond" truecount="0" falsecount="1"/>
        <line num="47" count="0" type="stmt"/>
        <line num="49" count="0" type="stmt"/>
        <line num="54" count="1" type="stmt"/>
        <line num="55" count="3" type="cond" truecount="2" falsecount="0"/>
        <line num="60" count="1" type="stmt"/>
        <line num="67" count="3" type="cond" truecount="1" falsecount="0"/>
        <line num="68" count="3" type="stmt"/>
        <line num="74" count="0" type="stmt"/>
        <line num="82" count="3" type="stmt"/>
        <line num="92" count="6" type="stmt"/>
        <line num="95" count="6" type="stmt"/>
        <line num="97" count="3" type="stmt"/>
        <line num="99" count="1" type="stmt"/>
        <line num="101" count="1" type="stmt"/>
      </file>
    </package>
    <package name="controllers._tests_">
      <metrics statements="25" coveredstatements="22" conditionals="0" coveredconditionals="0" methods="12" coveredmethods="9"/>
      <file name="CartDaoStub.ts" path="C:\Users\Jeffrey Leiva\Documents\GitHub\ACS_Proyecto_01\Code\backend\src\controllers\_tests_\CartDaoStub.ts">
        <metrics statements="25" coveredstatements="22" conditionals="0" coveredconditionals="0" methods="12" coveredmethods="9"/>
        <line num="2" count="1" type="stmt"/>
        <line num="8" count="1" type="stmt"/>
        <line num="9" count="3" type="stmt"/>
        <line num="12" count="1" type="stmt"/>
        <line num="18" count="0" type="stmt"/>
        <line num="21" count="1" type="stmt"/>
        <line num="22" count="0" type="stmt"/>
        <line num="25" count="1" type="stmt"/>
        <line num="26" count="3" type="stmt"/>
        <line num="29" count="1" type="stmt"/>
        <line num="35" count="2" type="stmt"/>
        <line num="39" count="1" type="stmt"/>
        <line num="40" count="3" type="stmt"/>
        <line num="43" count="1" type="stmt"/>
        <line num="44" count="3" type="stmt"/>
        <line num="48" count="1" type="stmt"/>
        <line num="49" count="0" type="stmt"/>
        <line num="53" count="1" type="stmt"/>
        <line num="54" count="3" type="stmt"/>
        <line num="58" count="1" type="stmt"/>
        <line num="66" count="3" type="stmt"/>
        <line num="69" count="1" type="stmt"/>
        <line num="70" count="2" type="stmt"/>
        <line num="72" count="1" type="stmt"/>
        <line num="74" count="1" type="stmt"/>
      </file>
    </package>
    <package name="daos._tests_">
      <metrics statements="42" coveredstatements="40" conditionals="11" coveredconditionals="10" methods="9" coveredmethods="8"/>
      <file name="DataBaseStub.ts" path="C:\Users\Jeffrey Leiva\Documents\GitHub\ACS_Proyecto_01\Code\backend\src\daos\_tests_\DataBaseStub.ts">
        <metrics statements="42" coveredstatements="40" conditionals="11" coveredconditionals="10" methods="9" coveredmethods="8"/>
        <line num="3" count="1" type="stmt"/>
        <line num="8" count="18" type="stmt"/>
        <line num="9" count="18" type="stmt"/>
        <line num="11" count="18" type="stmt"/>
        <line num="12" count="1800" type="stmt"/>
        <line num="13" count="1800" type="stmt"/>
        <line num="14" count="1800" type="stmt"/>
        <line num="18" count="1" type="stmt"/>
        <line num="19" count="1002" type="cond" truecount="2" falsecount="0"/>
        <line num="20" count="1001" type="cond" truecount="2" falsecount="0"/>
        <line num="21" count="1001" type="stmt"/>
        <line num="23" count="1" type="stmt"/>
        <line num="27" count="1" type="stmt"/>
        <line num="28" count="5805" type="cond" truecount="1" falsecount="0"/>
        <line num="29" count="1" type="stmt"/>
        <line num="31" count="5804" type="cond" truecount="1" falsecount="0"/>
        <line num="32" count="188" type="stmt"/>
        <line num="34" count="5804" type="stmt"/>
        <line num="37" count="1" type="stmt"/>
        <line num="38" count="1002" type="cond" truecount="1" falsecount="0"/>
        <line num="39" count="1" type="stmt"/>
        <line num="43" count="1" type="stmt"/>
        <line num="44" count="1002" type="cond" truecount="1" falsecount="0"/>
        <line num="45" count="1" type="stmt"/>
        <line num="47" count="1001" type="stmt"/>
        <line num="51" count="1001" type="stmt"/>
        <line num="58" count="1" type="stmt"/>
        <line num="59" count="1002" type="cond" truecount="1" falsecount="0"/>
        <line num="60" count="1" type="stmt"/>
        <line num="62" count="1001" type="stmt"/>
        <line num="65" count="1" type="stmt"/>
        <line num="66" count="0" type="cond" truecount="0" falsecount="1"/>
        <line num="67" count="0" type="stmt"/>
        <line num="71" count="1" type="stmt"/>
        <line num="79" count="2002" type="cond" truecount="1" falsecount="0"/>
        <line num="80" count="1" type="stmt"/>
        <line num="82" count="2001" type="stmt"/>
        <line num="83" count="2001" type="stmt"/>
        <line num="93" count="2001" type="stmt"/>
        <line num="94" count="2001" type="stmt"/>
        <line num="96" count="1" type="stmt"/>
        <line num="98" count="1" type="stmt"/>
      </file>
    </package>
    <package name="exceptions">
      <metrics statements="24" coveredstatements="15" conditionals="8" coveredconditionals="1" methods="8" coveredmethods="5"/>
      <file name="exceptions.ts" path="C:\Users\Jeffrey Leiva\Documents\GitHub\ACS_Proyecto_01\Code\backend\src\exceptions\exceptions.ts">
        <metrics statements="24" coveredstatements="15" conditionals="8" coveredconditionals="1" methods="8" coveredmethods="5"/>
        <line num="1" count="1" type="stmt"/>
        <line num="3" count="0" type="cond" truecount="0" falsecount="2"/>
        <line num="4" count="0" type="stmt"/>
        <line num="5" count="0" type="stmt"/>
        <line num="7" count="1" type="stmt"/>
        <line num="9" count="1" type="stmt"/>
        <line num="11" count="0" type="cond" truecount="0" falsecount="2"/>
        <line num="14" count="0" type="stmt"/>
        <line num="15" count="0" type="stmt"/>
        <line num="17" count="1" type="stmt"/>
        <line num="19" count="1" type="stmt"/>
        <line num="21" count="0" type="cond" truecount="0" falsecount="2"/>
        <line num="24" count="0" type="stmt"/>
        <line num="25" count="0" type="stmt"/>
        <line num="27" count="1" type="stmt"/>
        <line num="29" count="1" type="stmt"/>
        <line num="31" count="1" type="cond" truecount="1" falsecount="1"/>
        <line num="32" count="1" type="stmt"/>
        <line num="33" count="1" type="stmt"/>
        <line num="35" count="1" type="stmt"/>
        <line num="38" count="1" type="stmt"/>
        <line num="39" count="1" type="stmt"/>
        <line num="40" count="1" type="stmt"/>
        <line num="41" count="1" type="stmt"/>
      </file>
    </package>
  </project>
</coverage>
