{"C:\\Users\\paubo\\OneDrive\\Documentos\\GitHub\\ACS_Proyecto_01\\Code\\backend\\src\\mongo-config.ts": {"path":"C:\\Users\\paubo\\OneDrive\\Documentos\\GitHub\\ACS_Proyecto_01\\Code\\backend\\src\\mongo-config.ts","statementMap":{"0":{"start":{"line":1,"column":0},"end":{"line":1,"column":32}},"1":{"start":{"line":4,"column":2},"end":{"line":4,"column":110}},"2":{"start":{"line":6,"column":0},"end":{"line":6,"column":null}},"3":{"start":{"line":11,"column":16},"end":{"line":16,"column":null}},"4":{"start":{"line":12,"column":4},"end":{"line":14,"column":null}},"5":{"start":{"line":13,"column":6},"end":{"line":13,"column":41}},"6":{"start":{"line":15,"column":4},"end":{"line":15,"column":29}},"7":{"start":{"line":18,"column":9},"end":{"line":27,"column":null}},"8":{"start":{"line":19,"column":4},"end":{"line":26,"column":9}},"9":{"start":{"line":22,"column":8},"end":{"line":22,"column":54}},"10":{"start":{"line":25,"column":8},"end":{"line":25,"column":51}},"11":{"start":{"line":29,"column":9},"end":{"line":38,"column":null}},"12":{"start":{"line":30,"column":4},"end":{"line":37,"column":9}},"13":{"start":{"line":33,"column":8},"end":{"line":33,"column":57}},"14":{"start":{"line":36,"column":8},"end":{"line":36,"column":59}},"15":{"start":{"line":39,"column":0},"end":{"line":39,"column":null}},"16":{"start":{"line":41,"column":9},"end":{"line":41,"column":17}}},"fnMap":{"0":{"name":"(anonymous_1)","decl":{"start":{"line":6,"column":0},"end":{"line":6,"column":null}},"loc":{"start":{"line":6,"column":0},"end":{"line":39,"column":null}}},"1":{"name":"Database","decl":{"start":{"line":9,"column":2},"end":{"line":9,"column":25}},"loc":{"start":{"line":9,"column":2},"end":{"line":9,"column":26}}},"2":{"name":"(anonymous_3)","decl":{"start":{"line":11,"column":2},"end":{"line":11,"column":16}},"loc":{"start":{"line":11,"column":2},"end":{"line":16,"column":3}}},"3":{"name":"(anonymous_4)","decl":{"start":{"line":18,"column":2},"end":{"line":18,"column":9}},"loc":{"start":{"line":18,"column":2},"end":{"line":27,"column":3}}},"4":{"name":"(anonymous_5)","decl":{"start":{"line":21,"column":12},"end":{"line":21,"column":null}},"loc":{"start":{"line":21,"column":12},"end":{"line":23,"column":7}}},"5":{"name":"(anonymous_6)","decl":{"start":{"line":24,"column":13},"end":{"line":24,"column":14}},"loc":{"start":{"line":24,"column":17},"end":{"line":26,"column":7}}},"6":{"name":"(anonymous_7)","decl":{"start":{"line":29,"column":2},"end":{"line":29,"column":9}},"loc":{"start":{"line":29,"column":2},"end":{"line":38,"column":3}}},"7":{"name":"(anonymous_8)","decl":{"start":{"line":32,"column":12},"end":{"line":32,"column":null}},"loc":{"start":{"line":32,"column":12},"end":{"line":34,"column":7}}},"8":{"name":"(anonymous_9)","decl":{"start":{"line":35,"column":13},"end":{"line":35,"column":14}},"loc":{"start":{"line":35,"column":17},"end":{"line":37,"column":7}}}},"branchMap":{"0":{"loc":{"start":{"line":12,"column":4},"end":{"line":14,"column":null}},"type":"if","locations":[{"start":{"line":12,"column":4},"end":{"line":14,"column":null}}]}},"s":{"0":1,"1":1,"2":1,"3":1,"4":2,"5":1,"6":2,"7":1,"8":1,"9":1,"10":0,"11":1,"12":1,"13":1,"14":0,"15":1,"16":1},"f":{"0":1,"1":1,"2":2,"3":1,"4":1,"5":0,"6":1,"7":1,"8":0},"b":{"0":[1]}}
,"C:\\Users\\paubo\\OneDrive\\Documentos\\GitHub\\ACS_Proyecto_01\\Code\\backend\\src\\daos\\PublicationDAO.ts": {"path":"C:\\Users\\paubo\\OneDrive\\Documentos\\GitHub\\ACS_Proyecto_01\\Code\\backend\\src\\daos\\PublicationDAO.ts","statementMap":{"0":{"start":{"line":1,"column":0},"end":{"line":1,"column":35}},"1":{"start":{"line":2,"column":0},"end":{"line":2,"column":32}},"2":{"start":{"line":3,"column":0},"end":{"line":3,"column":50}},"3":{"start":{"line":6,"column":0},"end":{"line":6,"column":null}},"4":{"start":{"line":10,"column":15},"end":{"line":30,"column":null}},"5":{"start":{"line":11,"column":24},"end":{"line":28,"column":null}},"6":{"start":{"line":11,"column":10},"end":{"line":28,"column":null}},"7":{"start":{"line":29,"column":4},"end":{"line":29,"column":26}},"8":{"start":{"line":33,"column":15},"end":{"line":47,"column":null}},"9":{"start":{"line":34,"column":11},"end":{"line":46,"column":7}},"10":{"start":{"line":34,"column":4},"end":{"line":46,"column":7}},"11":{"start":{"line":50,"column":15},"end":{"line":72,"column":null}},"12":{"start":{"line":51,"column":11},"end":{"line":71,"column":7}},"13":{"start":{"line":51,"column":4},"end":{"line":71,"column":7}},"14":{"start":{"line":75,"column":15},"end":{"line":96,"column":null}},"15":{"start":{"line":76,"column":11},"end":{"line":95,"column":48}},"16":{"start":{"line":76,"column":4},"end":{"line":95,"column":48}},"17":{"start":{"line":99,"column":15},"end":{"line":116,"column":null}},"18":{"start":{"line":100,"column":10},"end":{"line":106,"column":7}},"19":{"start":{"line":108,"column":19},"end":{"line":108,"column":null}},"20":{"start":{"line":108,"column":10},"end":{"line":108,"column":null}},"21":{"start":{"line":111,"column":4},"end":{"line":114,"column":6}},"22":{"start":{"line":115,"column":4},"end":{"line":115,"column":22}},"23":{"start":{"line":119,"column":15},"end":{"line":128,"column":null}},"24":{"start":{"line":120,"column":11},"end":{"line":127,"column":6}},"25":{"start":{"line":120,"column":4},"end":{"line":127,"column":6}},"26":{"start":{"line":131,"column":15},"end":{"line":133,"column":null}},"27":{"start":{"line":132,"column":11},"end":{"line":132,"column":63}},"28":{"start":{"line":132,"column":4},"end":{"line":132,"column":63}},"29":{"start":{"line":134,"column":0},"end":{"line":134,"column":null}},"30":{"start":{"line":136,"column":9},"end":{"line":136,"column":23}}},"fnMap":{"0":{"name":"(anonymous_14)","decl":{"start":{"line":6,"column":0},"end":{"line":6,"column":null}},"loc":{"start":{"line":6,"column":0},"end":{"line":134,"column":null}}},"1":{"name":"PublicationDAO","decl":{"start":{"line":7,"column":2},"end":{"line":7,"column":17}},"loc":{"start":{"line":7,"column":2},"end":{"line":7,"column":18}}},"2":{"name":"(anonymous_16)","decl":{"start":{"line":10,"column":2},"end":{"line":10,"column":15}},"loc":{"start":{"line":10,"column":51},"end":{"line":30,"column":null}}},"3":{"name":"(anonymous_19)","decl":{"start":{"line":33,"column":2},"end":{"line":33,"column":15}},"loc":{"start":{"line":33,"column":2},"end":{"line":47,"column":null}}},"4":{"name":"(anonymous_22)","decl":{"start":{"line":50,"column":2},"end":{"line":50,"column":15}},"loc":{"start":{"line":50,"column":59},"end":{"line":72,"column":null}}},"5":{"name":"(anonymous_25)","decl":{"start":{"line":75,"column":2},"end":{"line":75,"column":15}},"loc":{"start":{"line":75,"column":51},"end":{"line":96,"column":null}}},"6":{"name":"(anonymous_28)","decl":{"start":{"line":99,"column":2},"end":{"line":99,"column":15}},"loc":{"start":{"line":99,"column":74},"end":{"line":116,"column":null}}},"7":{"name":"(anonymous_31)","decl":{"start":{"line":119,"column":2},"end":{"line":119,"column":15}},"loc":{"start":{"line":119,"column":70},"end":{"line":128,"column":null}}},"8":{"name":"(anonymous_34)","decl":{"start":{"line":131,"column":2},"end":{"line":131,"column":15}},"loc":{"start":{"line":131,"column":54},"end":{"line":133,"column":null}}}},"branchMap":{"0":{"loc":{"start":{"line":11,"column":24},"end":{"line":28,"column":null}},"type":"switch","locations":[{"start":{"line":11,"column":24},"end":{"line":28,"column":null}}]},"1":{"loc":{"start":{"line":34,"column":11},"end":{"line":46,"column":7}},"type":"switch","locations":[{"start":{"line":34,"column":11},"end":{"line":46,"column":7}},{"start":{"line":34,"column":4},"end":{"line":46,"column":7}}]},"2":{"loc":{"start":{"line":51,"column":11},"end":{"line":71,"column":7}},"type":"switch","locations":[{"start":{"line":51,"column":11},"end":{"line":71,"column":7}},{"start":{"line":51,"column":4},"end":{"line":71,"column":7}}]},"3":{"loc":{"start":{"line":76,"column":11},"end":{"line":95,"column":48}},"type":"switch","locations":[{"start":{"line":76,"column":11},"end":{"line":95,"column":48}},{"start":{"line":76,"column":4},"end":{"line":95,"column":48}}]},"4":{"loc":{"start":{"line":120,"column":11},"end":{"line":127,"column":6}},"type":"switch","locations":[{"start":{"line":120,"column":11},"end":{"line":127,"column":6}},{"start":{"line":120,"column":4},"end":{"line":127,"column":6}}]},"5":{"loc":{"start":{"line":132,"column":11},"end":{"line":132,"column":63}},"type":"switch","locations":[{"start":{"line":132,"column":11},"end":{"line":132,"column":63}},{"start":{"line":132,"column":4},"end":{"line":132,"column":63}}]}},"s":{"0":1,"1":1,"2":1,"3":1,"4":1,"5":5,"6":5,"7":5,"8":1,"9":101,"10":101,"11":1,"12":101,"13":101,"14":1,"15":103,"16":103,"17":1,"18":4,"19":3,"20":3,"21":6,"22":3,"23":1,"24":2,"25":1,"26":1,"27":2,"28":2,"29":1,"30":1},"f":{"0":1,"1":1,"2":5,"3":101,"4":101,"5":103,"6":4,"7":2,"8":2},"b":{"0":[5],"1":[101,101],"2":[101,101],"3":[103,103],"4":[2,1],"5":[2,2]}}
,"C:\\Users\\paubo\\OneDrive\\Documentos\\GitHub\\ACS_Proyecto_01\\Code\\backend\\src\\models\\Publication.ts": {"path":"C:\\Users\\paubo\\OneDrive\\Documentos\\GitHub\\ACS_Proyecto_01\\Code\\backend\\src\\models\\Publication.ts","statementMap":{"0":{"start":{"line":1,"column":0},"end":{"line":1,"column":38}},"1":{"start":{"line":3,"column":0},"end":{"line":3,"column":null}},"2":{"start":{"line":3,"column":26},"end":{"line":3,"column":34}},"3":{"start":{"line":17,"column":4},"end":{"line":17,"column":null}},"4":{"start":{"line":18,"column":4},"end":{"line":18,"column":47}},"5":{"start":{"line":19,"column":4},"end":{"line":19,"column":33}},"6":{"start":{"line":20,"column":4},"end":{"line":20,"column":21}},"7":{"start":{"line":21,"column":4},"end":{"line":21,"column":21}},"8":{"start":{"line":24,"column":2},"end":{"line":26,"column":null}},"9":{"start":{"line":25,"column":4},"end":{"line":25,"column":30}},"10":{"start":{"line":28,"column":2},"end":{"line":30,"column":null}},"11":{"start":{"line":29,"column":4},"end":{"line":29,"column":27}},"12":{"start":{"line":32,"column":2},"end":{"line":34,"column":null}},"13":{"start":{"line":33,"column":4},"end":{"line":33,"column":21}},"14":{"start":{"line":36,"column":2},"end":{"line":38,"column":null}},"15":{"start":{"line":37,"column":4},"end":{"line":37,"column":28}},"16":{"start":{"line":40,"column":2},"end":{"line":42,"column":null}},"17":{"start":{"line":41,"column":4},"end":{"line":41,"column":22}},"18":{"start":{"line":44,"column":2},"end":{"line":46,"column":null}},"19":{"start":{"line":45,"column":4},"end":{"line":45,"column":21}},"20":{"start":{"line":48,"column":2},"end":{"line":50,"column":null}},"21":{"start":{"line":49,"column":4},"end":{"line":49,"column":31}},"22":{"start":{"line":52,"column":2},"end":{"line":54,"column":null}},"23":{"start":{"line":53,"column":4},"end":{"line":53,"column":36}},"24":{"start":{"line":56,"column":2},"end":{"line":58,"column":null}},"25":{"start":{"line":57,"column":4},"end":{"line":57,"column":24}},"26":{"start":{"line":60,"column":2},"end":{"line":62,"column":null}},"27":{"start":{"line":61,"column":4},"end":{"line":61,"column":38}},"28":{"start":{"line":64,"column":2},"end":{"line":66,"column":null}},"29":{"start":{"line":65,"column":4},"end":{"line":65,"column":26}},"30":{"start":{"line":68,"column":2},"end":{"line":70,"column":null}},"31":{"start":{"line":69,"column":4},"end":{"line":69,"column":24}},"32":{"start":{"line":71,"column":0},"end":{"line":71,"column":null}},"33":{"start":{"line":73,"column":9},"end":{"line":73,"column":20}}},"fnMap":{"0":{"name":"(anonymous_6)","decl":{"start":{"line":3,"column":0},"end":{"line":3,"column":26}},"loc":{"start":{"line":3,"column":0},"end":{"line":71,"column":null}}},"1":{"name":"Publication","decl":{"start":{"line":9,"column":2},"end":{"line":9,"column":null}},"loc":{"start":{"line":15,"column":26},"end":{"line":22,"column":3}}},"2":{"name":"(anonymous_8)","decl":{"start":{"line":24,"column":2},"end":{"line":24,"column":7}},"loc":{"start":{"line":24,"column":2},"end":{"line":26,"column":3}}},"3":{"name":"(anonymous_9)","decl":{"start":{"line":28,"column":2},"end":{"line":28,"column":15}},"loc":{"start":{"line":28,"column":2},"end":{"line":30,"column":3}}},"4":{"name":"(anonymous_10)","decl":{"start":{"line":32,"column":2},"end":{"line":32,"column":9}},"loc":{"start":{"line":32,"column":2},"end":{"line":34,"column":3}}},"5":{"name":"(anonymous_11)","decl":{"start":{"line":36,"column":2},"end":{"line":36,"column":16}},"loc":{"start":{"line":36,"column":2},"end":{"line":38,"column":3}}},"6":{"name":"(anonymous_12)","decl":{"start":{"line":40,"column":2},"end":{"line":40,"column":10}},"loc":{"start":{"line":40,"column":2},"end":{"line":42,"column":3}}},"7":{"name":"(anonymous_13)","decl":{"start":{"line":44,"column":2},"end":{"line":44,"column":9}},"loc":{"start":{"line":44,"column":2},"end":{"line":46,"column":3}}},"8":{"name":"(anonymous_14)","decl":{"start":{"line":48,"column":2},"end":{"line":48,"column":7}},"loc":{"start":{"line":48,"column":21},"end":{"line":50,"column":3}}},"9":{"name":"(anonymous_15)","decl":{"start":{"line":52,"column":2},"end":{"line":52,"column":15}},"loc":{"start":{"line":52,"column":37},"end":{"line":54,"column":3}}},"10":{"name":"(anonymous_16)","decl":{"start":{"line":56,"column":2},"end":{"line":56,"column":9}},"loc":{"start":{"line":56,"column":23},"end":{"line":58,"column":3}}},"11":{"name":"(anonymous_17)","decl":{"start":{"line":60,"column":2},"end":{"line":60,"column":16}},"loc":{"start":{"line":60,"column":39},"end":{"line":62,"column":3}}},"12":{"name":"(anonymous_18)","decl":{"start":{"line":64,"column":2},"end":{"line":64,"column":10}},"loc":{"start":{"line":64,"column":27},"end":{"line":66,"column":3}}},"13":{"name":"(anonymous_19)","decl":{"start":{"line":68,"column":2},"end":{"line":68,"column":9}},"loc":{"start":{"line":68,"column":27},"end":{"line":70,"column":3}}}},"branchMap":{"0":{"loc":{"start":{"line":17,"column":4},"end":{"line":17,"column":null}},"type":"binary-expr","locations":[{"start":{"line":17,"column":4},"end":{"line":17,"column":29}},{"start":{"line":17,"column":29},"end":{"line":17,"column":null}}]},"1":{"loc":{"start":{"line":18,"column":25},"end":{"line":18,"column":46}},"type":"binary-expr","locations":[{"start":{"line":18,"column":25},"end":{"line":18,"column":38}},{"start":{"line":18,"column":42},"end":{"line":18,"column":46}}]}},"s":{"0":1,"1":1,"2":1,"3":4,"4":4,"5":4,"6":4,"7":4,"8":1,"9":1,"10":1,"11":4,"12":1,"13":0,"14":1,"15":4,"16":1,"17":0,"18":1,"19":4,"20":1,"21":1,"22":1,"23":0,"24":1,"25":0,"26":1,"27":0,"28":1,"29":0,"30":1,"31":0,"32":1,"33":1},"f":{"0":1,"1":4,"2":1,"3":4,"4":0,"5":4,"6":0,"7":4,"8":1,"9":0,"10":0,"11":0,"12":0,"13":0},"b":{"0":[4,4],"1":[4,4]}}
,"C:\\Users\\paubo\\OneDrive\\Documentos\\GitHub\\ACS_Proyecto_01\\Code\\backend\\src\\models\\Viewable.ts": {"path":"C:\\Users\\paubo\\OneDrive\\Documentos\\GitHub\\ACS_Proyecto_01\\Code\\backend\\src\\models\\Viewable.ts","statementMap":{"0":{"start":{"line":1,"column":0},"end":{"line":1,"column":null}},"1":{"start":{"line":6,"column":4},"end":{"line":6,"column":35}},"2":{"start":{"line":7,"column":4},"end":{"line":7,"column":23}},"3":{"start":{"line":9,"column":0},"end":{"line":9,"column":null}},"4":{"start":{"line":11,"column":9},"end":{"line":11,"column":17}}},"fnMap":{"0":{"name":"(anonymous_0)","decl":{"start":{"line":1,"column":0},"end":{"line":1,"column":null}},"loc":{"start":{"line":1,"column":0},"end":{"line":9,"column":null}}},"1":{"name":"Viewable","decl":{"start":{"line":5,"column":2},"end":{"line":5,"column":14}},"loc":{"start":{"line":5,"column":48},"end":{"line":8,"column":3}}}},"branchMap":{},"s":{"0":1,"1":4,"2":4,"3":1,"4":1},"f":{"0":1,"1":4},"b":{}}
,"C:\\Users\\paubo\\OneDrive\\Documentos\\GitHub\\ACS_Proyecto_01\\Code\\backend\\src\\schemas\\publicationS.ts": {"path":"C:\\Users\\paubo\\OneDrive\\Documentos\\GitHub\\ACS_Proyecto_01\\Code\\backend\\src\\schemas\\publicationS.ts","statementMap":{"0":{"start":{"line":1,"column":0},"end":{"line":1,"column":51}},"1":{"start":{"line":2,"column":0},"end":{"line":2,"column":32}},"2":{"start":{"line":4,"column":34},"end":{"line":10,"column":2}},"3":{"start":{"line":14,"column":0},"end":{"line":14,"column":64}}},"fnMap":{},"branchMap":{},"s":{"0":1,"1":1,"2":1,"3":1},"f":{},"b":{}}
}
