{"C:\\Users\\paubo\\OneDrive\\Documentos\\GitHub\\ACS_Proyecto_01\\Code\\backend\\src\\controllers\\CartAdmin.ts": {"path":"C:\\Users\\paubo\\OneDrive\\Documentos\\GitHub\\ACS_Proyecto_01\\Code\\backend\\src\\controllers\\CartAdmin.ts","statementMap":{"0":{"start":{"line":3,"column":33},"end":{"line":3,"column":69}},"1":{"start":{"line":4,"column":11},"end":{"line":4,"column":24}},"2":{"start":{"line":6,"column":0},"end":{"line":6,"column":null}},"3":{"start":{"line":10,"column":4},"end":{"line":10,"column":27}},"4":{"start":{"line":15,"column":15},"end":{"line":35,"column":null}},"5":{"start":{"line":20,"column":24},"end":{"line":20,"column":null}},"6":{"start":{"line":20,"column":10},"end":{"line":20,"column":null}},"7":{"start":{"line":22,"column":8},"end":{"line":22,"column":19}},"8":{"start":{"line":23,"column":13},"end":{"line":23,"column":69}},"9":{"start":{"line":23,"column":6},"end":{"line":23,"column":69}},"10":{"start":{"line":26,"column":12},"end":{"line":26,"column":43}},"11":{"start":{"line":27,"column":10},"end":{"line":27,"column":18}},"12":{"start":{"line":28,"column":8},"end":{"line":28,"column":41}},"13":{"start":{"line":32,"column":15},"end":{"line":32,"column":75}},"14":{"start":{"line":32,"column":8},"end":{"line":32,"column":75}},"15":{"start":{"line":39,"column":15},"end":{"line":51,"column":null}},"16":{"start":{"line":44,"column":24},"end":{"line":44,"column":null}},"17":{"start":{"line":44,"column":10},"end":{"line":44,"column":null}},"18":{"start":{"line":45,"column":10},"end":{"line":45,"column":41}},"19":{"start":{"line":46,"column":8},"end":{"line":46,"column":16}},"20":{"start":{"line":47,"column":13},"end":{"line":47,"column":65}},"21":{"start":{"line":47,"column":6},"end":{"line":47,"column":65}},"22":{"start":{"line":49,"column":13},"end":{"line":49,"column":73}},"23":{"start":{"line":49,"column":6},"end":{"line":49,"column":73}},"24":{"start":{"line":54,"column":15},"end":{"line":56,"column":null}},"25":{"start":{"line":55,"column":11},"end":{"line":55,"column":46}},"26":{"start":{"line":55,"column":4},"end":{"line":55,"column":46}},"27":{"start":{"line":60,"column":15},"end":{"line":98,"column":null}},"28":{"start":{"line":67,"column":21},"end":{"line":67,"column":null}},"29":{"start":{"line":67,"column":10},"end":{"line":67,"column":null}},"30":{"start":{"line":68,"column":10},"end":{"line":80,"column":6}},"31":{"start":{"line":74,"column":12},"end":{"line":79,"column":null}},"32":{"start":{"line":82,"column":20},"end":{"line":89,"column":null}},"33":{"start":{"line":82,"column":10},"end":{"line":89,"column":null}},"34":{"start":{"line":92,"column":4},"end":{"line":92,"column":41}},"35":{"start":{"line":95,"column":4},"end":{"line":95,"column":74}},"36":{"start":{"line":97,"column":4},"end":{"line":97,"column":19}},"37":{"start":{"line":99,"column":0},"end":{"line":99,"column":null}},"38":{"start":{"line":101,"column":9},"end":{"line":101,"column":18}}},"fnMap":{"0":{"name":"(anonymous_13)","decl":{"start":{"line":6,"column":0},"end":{"line":6,"column":null}},"loc":{"start":{"line":6,"column":0},"end":{"line":99,"column":null}}},"1":{"name":"CartAdmin","decl":{"start":{"line":9,"column":2},"end":{"line":9,"column":14}},"loc":{"start":{"line":9,"column":31},"end":{"line":11,"column":3}}},"2":{"name":"(anonymous_15)","decl":{"start":{"line":15,"column":2},"end":{"line":15,"column":15}},"loc":{"start":{"line":18,"column":17},"end":{"line":35,"column":null}}},"3":{"name":"(anonymous_18)","decl":{"start":{"line":39,"column":2},"end":{"line":39,"column":15}},"loc":{"start":{"line":42,"column":17},"end":{"line":51,"column":null}}},"4":{"name":"(anonymous_21)","decl":{"start":{"line":54,"column":2},"end":{"line":54,"column":15}},"loc":{"start":{"line":54,"column":37},"end":{"line":56,"column":null}}},"5":{"name":"(anonymous_24)","decl":{"start":{"line":60,"column":2},"end":{"line":60,"column":15}},"loc":{"start":{"line":64,"column":21},"end":{"line":98,"column":null}}},"6":{"name":"(anonymous_27)","decl":{"start":{"line":69,"column":6},"end":{"line":69,"column":7}},"loc":{"start":{"line":74,"column":7},"end":{"line":74,"column":13}}}},"branchMap":{"0":{"loc":{"start":{"line":20,"column":24},"end":{"line":20,"column":null}},"type":"switch","locations":[{"start":{"line":20,"column":24},"end":{"line":20,"column":null}},{"start":{"line":23,"column":6},"end":{"line":23,"column":69}},{"start":{"line":32,"column":15},"end":{"line":32,"column":75}}]},"1":{"loc":{"start":{"line":22,"column":8},"end":{"line":22,"column":19}},"type":"if","locations":[{"start":{"line":22,"column":8},"end":{"line":22,"column":19}}]},"2":{"loc":{"start":{"line":27,"column":10},"end":{"line":27,"column":18}},"type":"if","locations":[{"start":{"line":27,"column":10},"end":{"line":27,"column":18}}]},"3":{"loc":{"start":{"line":44,"column":24},"end":{"line":44,"column":null}},"type":"switch","locations":[{"start":{"line":44,"column":24},"end":{"line":44,"column":null}},{"start":{"line":47,"column":6},"end":{"line":47,"column":65}},{"start":{"line":49,"column":13},"end":{"line":49,"column":73}},{"start":{"line":49,"column":6},"end":{"line":49,"column":73}}]},"4":{"loc":{"start":{"line":46,"column":8},"end":{"line":46,"column":16}},"type":"if","locations":[{"start":{"line":46,"column":8},"end":{"line":46,"column":16}}]},"5":{"loc":{"start":{"line":55,"column":11},"end":{"line":55,"column":46}},"type":"switch","locations":[{"start":{"line":55,"column":11},"end":{"line":55,"column":46}},{"start":{"line":55,"column":4},"end":{"line":55,"column":46}}]},"6":{"loc":{"start":{"line":67,"column":21},"end":{"line":67,"column":null}},"type":"switch","locations":[{"start":{"line":67,"column":21},"end":{"line":67,"column":null}}]}},"s":{"0":1,"1":1,"2":1,"3":6,"4":1,"5":3,"6":3,"7":6,"8":0,"9":0,"10":3,"11":5,"12":1,"13":2,"14":2,"15":1,"16":0,"17":0,"18":0,"19":0,"20":0,"21":0,"22":0,"23":0,"24":1,"25":3,"26":3,"27":1,"28":3,"29":3,"30":3,"31":0,"32":3,"33":3,"34":6,"35":6,"36":3,"37":1,"38":1},"f":{"0":1,"1":6,"2":3,"3":0,"4":3,"5":3,"6":0},"b":{"0":[3,0,2],"1":[3],"2":[2],"3":[0,0,0,0],"4":[0],"5":[3,3],"6":[3]}}
,"C:\\Users\\paubo\\OneDrive\\Documentos\\GitHub\\ACS_Proyecto_01\\Code\\backend\\src\\controllers\\ProductAdmin.ts": {"path":"C:\\Users\\paubo\\OneDrive\\Documentos\\GitHub\\ACS_Proyecto_01\\Code\\backend\\src\\controllers\\ProductAdmin.ts","statementMap":{"0":{"start":{"line":1,"column":0},"end":{"line":1,"column":48}},"1":{"start":{"line":2,"column":0},"end":{"line":2,"column":44}},"2":{"start":{"line":4,"column":11},"end":{"line":4,"column":24}},"3":{"start":{"line":6,"column":0},"end":{"line":6,"column":null}},"4":{"start":{"line":7,"column":10},"end":{"line":7,"column":52}},"5":{"start":{"line":10,"column":4},"end":{"line":10,"column":null}},"6":{"start":{"line":13,"column":10},"end":{"line":22,"column":null}},"7":{"start":{"line":14,"column":4},"end":{"line":21,"column":6}},"8":{"start":{"line":25,"column":15},"end":{"line":32,"column":null}},"9":{"start":{"line":26,"column":4},"end":{"line":28,"column":null}},"10":{"start":{"line":27,"column":6},"end":{"line":27,"column":48}},"11":{"start":{"line":29,"column":22},"end":{"line":29,"column":null}},"12":{"start":{"line":29,"column":10},"end":{"line":29,"column":null}},"13":{"start":{"line":31,"column":4},"end":{"line":31,"column":81}},"14":{"start":{"line":35,"column":15},"end":{"line":50,"column":null}},"15":{"start":{"line":36,"column":4},"end":{"line":38,"column":null}},"16":{"start":{"line":37,"column":6},"end":{"line":37,"column":48}},"17":{"start":{"line":40,"column":8},"end":{"line":40,"column":15}},"18":{"start":{"line":42,"column":6},"end":{"line":42,"column":79}},"19":{"start":{"line":44,"column":6},"end":{"line":47,"column":8}},"20":{"start":{"line":49,"column":11},"end":{"line":49,"column":56}},"21":{"start":{"line":49,"column":4},"end":{"line":49,"column":56}},"22":{"start":{"line":53,"column":15},"end":{"line":68,"column":null}},"23":{"start":{"line":54,"column":20},"end":{"line":54,"column":null}},"24":{"start":{"line":54,"column":10},"end":{"line":54,"column":null}},"25":{"start":{"line":55,"column":4},"end":{"line":57,"column":null}},"26":{"start":{"line":56,"column":6},"end":{"line":56,"column":64}},"27":{"start":{"line":61,"column":6},"end":{"line":61,"column":58}},"28":{"start":{"line":63,"column":6},"end":{"line":63,"column":90}},"29":{"start":{"line":67,"column":4},"end":{"line":67,"column":51}},"30":{"start":{"line":71,"column":15},"end":{"line":73,"column":null}},"31":{"start":{"line":72,"column":11},"end":{"line":72,"column":47}},"32":{"start":{"line":72,"column":4},"end":{"line":72,"column":47}},"33":{"start":{"line":76,"column":15},"end":{"line":82,"column":null}},"34":{"start":{"line":77,"column":20},"end":{"line":77,"column":null}},"35":{"start":{"line":77,"column":10},"end":{"line":77,"column":null}},"36":{"start":{"line":78,"column":4},"end":{"line":80,"column":null}},"37":{"start":{"line":79,"column":6},"end":{"line":79,"column":64}},"38":{"start":{"line":81,"column":4},"end":{"line":81,"column":19}},"39":{"start":{"line":83,"column":0},"end":{"line":83,"column":null}},"40":{"start":{"line":85,"column":9},"end":{"line":85,"column":21}}},"fnMap":{"0":{"name":"(anonymous_13)","decl":{"start":{"line":6,"column":0},"end":{"line":6,"column":null}},"loc":{"start":{"line":6,"column":0},"end":{"line":83,"column":null}}},"1":{"name":"ProductAdmin","decl":{"start":{"line":9,"column":2},"end":{"line":9,"column":14}},"loc":{"start":{"line":9,"column":37},"end":{"line":11,"column":3}}},"2":{"name":"(anonymous_15)","decl":{"start":{"line":13,"column":2},"end":{"line":13,"column":10}},"loc":{"start":{"line":13,"column":37},"end":{"line":22,"column":3}}},"3":{"name":"(anonymous_16)","decl":{"start":{"line":25,"column":2},"end":{"line":25,"column":15}},"loc":{"start":{"line":25,"column":47},"end":{"line":32,"column":null}}},"4":{"name":"(anonymous_19)","decl":{"start":{"line":35,"column":2},"end":{"line":35,"column":15}},"loc":{"start":{"line":35,"column":45},"end":{"line":50,"column":null}}},"5":{"name":"(anonymous_22)","decl":{"start":{"line":42,"column":69},"end":{"line":42,"column":76}},"loc":{"start":{"line":42,"column":69},"end":{"line":42,"column":77}}},"6":{"name":"(anonymous_23)","decl":{"start":{"line":53,"column":2},"end":{"line":53,"column":15}},"loc":{"start":{"line":53,"column":46},"end":{"line":68,"column":null}}},"7":{"name":"(anonymous_26)","decl":{"start":{"line":71,"column":2},"end":{"line":71,"column":15}},"loc":{"start":{"line":71,"column":2},"end":{"line":73,"column":null}}},"8":{"name":"(anonymous_29)","decl":{"start":{"line":76,"column":2},"end":{"line":76,"column":15}},"loc":{"start":{"line":76,"column":43},"end":{"line":82,"column":null}}}},"branchMap":{"0":{"loc":{"start":{"line":15,"column":6},"end":{"line":20,"column":44}},"type":"binary-expr","locations":[{"start":{"line":15,"column":6},"end":{"line":15,"column":32}},{"start":{"line":16,"column":6},"end":{"line":16,"column":43}},{"start":{"line":17,"column":6},"end":{"line":17,"column":50}},{"start":{"line":18,"column":6},"end":{"line":18,"column":44}},{"start":{"line":19,"column":6},"end":{"line":19,"column":44}},{"start":{"line":20,"column":6},"end":{"line":20,"column":44}}]},"1":{"loc":{"start":{"line":26,"column":4},"end":{"line":28,"column":null}},"type":"if","locations":[{"start":{"line":26,"column":4},"end":{"line":28,"column":null}}]},"2":{"loc":{"start":{"line":49,"column":11},"end":{"line":49,"column":56}},"type":"switch","locations":[{"start":{"line":49,"column":11},"end":{"line":49,"column":56}},{"start":{"line":49,"column":4},"end":{"line":49,"column":56}}]},"3":{"loc":{"start":{"line":36,"column":4},"end":{"line":38,"column":null}},"type":"if","locations":[{"start":{"line":36,"column":4},"end":{"line":38,"column":null}}]},"4":{"loc":{"start":{"line":40,"column":8},"end":{"line":40,"column":15}},"type":"if","locations":[{"start":{"line":40,"column":8},"end":{"line":40,"column":15}}]},"5":{"loc":{"start":{"line":54,"column":20},"end":{"line":54,"column":null}},"type":"switch","locations":[{"start":{"line":54,"column":20},"end":{"line":54,"column":null}}]},"6":{"loc":{"start":{"line":55,"column":4},"end":{"line":57,"column":null}},"type":"if","locations":[{"start":{"line":55,"column":4},"end":{"line":57,"column":null}}]},"7":{"loc":{"start":{"line":72,"column":11},"end":{"line":72,"column":47}},"type":"switch","locations":[{"start":{"line":72,"column":11},"end":{"line":72,"column":47}},{"start":{"line":72,"column":4},"end":{"line":72,"column":47}}]},"8":{"loc":{"start":{"line":77,"column":20},"end":{"line":77,"column":null}},"type":"switch","locations":[{"start":{"line":77,"column":20},"end":{"line":77,"column":null}}]},"9":{"loc":{"start":{"line":78,"column":4},"end":{"line":80,"column":null}},"type":"if","locations":[{"start":{"line":78,"column":4},"end":{"line":80,"column":null}}]}},"s":{"0":1,"1":1,"2":1,"3":1,"4":9,"5":9,"6":1,"7":4,"8":1,"9":2,"10":1,"11":1,"12":1,"13":2,"14":1,"15":2,"16":1,"17":1,"18":2,"19":2,"20":1,"21":1,"22":1,"23":2,"24":2,"25":2,"26":1,"27":2,"28":0,"29":2,"30":1,"31":1,"32":1,"33":1,"34":2,"35":2,"36":1,"37":0,"38":1,"39":1,"40":1},"f":{"0":1,"1":9,"2":4,"3":2,"4":2,"5":0,"6":2,"7":1,"8":2},"b":{"0":[4,2,2,2,2,2],"1":[1],"2":[1,1],"3":[1],"4":[0],"5":[2],"6":[1],"7":[1,1],"8":[2],"9":[0]}}
,"C:\\Users\\paubo\\OneDrive\\Documentos\\GitHub\\ACS_Proyecto_01\\Code\\backend\\src\\controllers\\PublicationAdmin.ts": {"path":"C:\\Users\\paubo\\OneDrive\\Documentos\\GitHub\\ACS_Proyecto_01\\Code\\backend\\src\\controllers\\PublicationAdmin.ts","statementMap":{"0":{"start":{"line":1,"column":0},"end":{"line":1,"column":56}},"1":{"start":{"line":4,"column":11},"end":{"line":4,"column":24}},"2":{"start":{"line":6,"column":0},"end":{"line":6,"column":null}},"3":{"start":{"line":7,"column":10},"end":{"line":7,"column":64}},"4":{"start":{"line":10,"column":4},"end":{"line":10,"column":41}},"5":{"start":{"line":14,"column":10},"end":{"line":25,"column":null}},"6":{"start":{"line":15,"column":4},"end":{"line":24,"column":6}},"7":{"start":{"line":23,"column":48},"end":{"line":23,"column":72}},"8":{"start":{"line":28,"column":15},"end":{"line":34,"column":null}},"9":{"start":{"line":29,"column":24},"end":{"line":29,"column":null}},"10":{"start":{"line":29,"column":10},"end":{"line":29,"column":null}},"11":{"start":{"line":30,"column":4},"end":{"line":32,"column":null}},"12":{"start":{"line":31,"column":6},"end":{"line":31,"column":72}},"13":{"start":{"line":33,"column":4},"end":{"line":33,"column":23}},"14":{"start":{"line":37,"column":15},"end":{"line":39,"column":null}},"15":{"start":{"line":38,"column":11},"end":{"line":38,"column":55}},"16":{"start":{"line":38,"column":4},"end":{"line":38,"column":55}},"17":{"start":{"line":42,"column":15},"end":{"line":48,"column":null}},"18":{"start":{"line":43,"column":25},"end":{"line":43,"column":null}},"19":{"start":{"line":43,"column":10},"end":{"line":43,"column":null}},"20":{"start":{"line":44,"column":4},"end":{"line":46,"column":null}},"21":{"start":{"line":45,"column":6},"end":{"line":45,"column":77}},"22":{"start":{"line":47,"column":4},"end":{"line":47,"column":24}},"23":{"start":{"line":51,"column":15},"end":{"line":57,"column":null}},"24":{"start":{"line":52,"column":25},"end":{"line":52,"column":null}},"25":{"start":{"line":52,"column":10},"end":{"line":52,"column":null}},"26":{"start":{"line":53,"column":4},"end":{"line":55,"column":null}},"27":{"start":{"line":54,"column":6},"end":{"line":54,"column":75}},"28":{"start":{"line":56,"column":4},"end":{"line":56,"column":24}},"29":{"start":{"line":60,"column":15},"end":{"line":69,"column":null}},"30":{"start":{"line":61,"column":4},"end":{"line":63,"column":null}},"31":{"start":{"line":62,"column":6},"end":{"line":62,"column":52}},"32":{"start":{"line":64,"column":26},"end":{"line":64,"column":null}},"33":{"start":{"line":64,"column":10},"end":{"line":64,"column":null}},"34":{"start":{"line":65,"column":4},"end":{"line":68,"column":6}},"35":{"start":{"line":72,"column":15},"end":{"line":90,"column":null}},"36":{"start":{"line":73,"column":4},"end":{"line":75,"column":null}},"37":{"start":{"line":74,"column":6},"end":{"line":74,"column":52}},"38":{"start":{"line":77,"column":8},"end":{"line":77,"column":19}},"39":{"start":{"line":79,"column":6},"end":{"line":82,"column":8}},"40":{"start":{"line":84,"column":6},"end":{"line":87,"column":8}},"41":{"start":{"line":89,"column":4},"end":{"line":89,"column":61}},"42":{"start":{"line":93,"column":15},"end":{"line":106,"column":null}},"43":{"start":{"line":95,"column":8},"end":{"line":95,"column":73}},"44":{"start":{"line":96,"column":8},"end":{"line":96,"column":67}},"45":{"start":{"line":99,"column":8},"end":{"line":104,"column":null}},"46":{"start":{"line":100,"column":12},"end":{"line":100,"column":53}},"47":{"start":{"line":102,"column":12},"end":{"line":102,"column":64}},"48":{"start":{"line":103,"column":12},"end":{"line":103,"column":24}},"49":{"start":{"line":107,"column":0},"end":{"line":107,"column":null}},"50":{"start":{"line":109,"column":9},"end":{"line":109,"column":25}}},"fnMap":{"0":{"name":"(anonymous_13)","decl":{"start":{"line":6,"column":0},"end":{"line":6,"column":null}},"loc":{"start":{"line":6,"column":0},"end":{"line":107,"column":null}}},"1":{"name":"PublicationAdmin","decl":{"start":{"line":9,"column":2},"end":{"line":9,"column":14}},"loc":{"start":{"line":9,"column":45},"end":{"line":11,"column":3}}},"2":{"name":"(anonymous_15)","decl":{"start":{"line":14,"column":2},"end":{"line":14,"column":10}},"loc":{"start":{"line":14,"column":45},"end":{"line":25,"column":3}}},"3":{"name":"(anonymous_16)","decl":{"start":{"line":23,"column":34},"end":{"line":23,"column":35}},"loc":{"start":{"line":23,"column":43},"end":{"line":23,"column":55}}},"4":{"name":"(anonymous_17)","decl":{"start":{"line":28,"column":2},"end":{"line":28,"column":15}},"loc":{"start":{"line":28,"column":51},"end":{"line":34,"column":null}}},"5":{"name":"(anonymous_20)","decl":{"start":{"line":37,"column":2},"end":{"line":37,"column":15}},"loc":{"start":{"line":37,"column":2},"end":{"line":39,"column":null}}},"6":{"name":"(anonymous_23)","decl":{"start":{"line":42,"column":2},"end":{"line":42,"column":15}},"loc":{"start":{"line":42,"column":59},"end":{"line":48,"column":null}}},"7":{"name":"(anonymous_26)","decl":{"start":{"line":51,"column":2},"end":{"line":51,"column":15}},"loc":{"start":{"line":51,"column":51},"end":{"line":57,"column":null}}},"8":{"name":"(anonymous_29)","decl":{"start":{"line":60,"column":2},"end":{"line":60,"column":15}},"loc":{"start":{"line":60,"column":59},"end":{"line":69,"column":null}}},"9":{"name":"(anonymous_32)","decl":{"start":{"line":72,"column":2},"end":{"line":72,"column":15}},"loc":{"start":{"line":72,"column":57},"end":{"line":90,"column":null}}},"10":{"name":"(anonymous_35)","decl":{"start":{"line":81,"column":8},"end":{"line":81,"column":15}},"loc":{"start":{"line":81,"column":8},"end":{"line":81,"column":16}}},"11":{"name":"(anonymous_36)","decl":{"start":{"line":93,"column":2},"end":{"line":93,"column":15}},"loc":{"start":{"line":93,"column":54},"end":{"line":106,"column":null}}}},"branchMap":{"0":{"loc":{"start":{"line":16,"column":6},"end":{"line":23,"column":72}},"type":"binary-expr","locations":[{"start":{"line":16,"column":6},"end":{"line":16,"column":17}},{"start":{"line":17,"column":6},"end":{"line":17,"column":53}},{"start":{"line":18,"column":6},"end":{"line":18,"column":54}},{"start":{"line":19,"column":6},"end":{"line":19,"column":47}},{"start":{"line":20,"column":6},"end":{"line":20,"column":42}},{"start":{"line":21,"column":6},"end":{"line":21,"column":53}},{"start":{"line":22,"column":6},"end":{"line":22,"column":54}},{"start":{"line":23,"column":6},"end":{"line":23,"column":72}}]},"1":{"loc":{"start":{"line":29,"column":24},"end":{"line":29,"column":null}},"type":"switch","locations":[{"start":{"line":29,"column":24},"end":{"line":29,"column":null}}]},"2":{"loc":{"start":{"line":30,"column":4},"end":{"line":32,"column":null}},"type":"if","locations":[{"start":{"line":30,"column":4},"end":{"line":32,"column":null}}]},"3":{"loc":{"start":{"line":38,"column":11},"end":{"line":38,"column":55}},"type":"switch","locations":[{"start":{"line":38,"column":11},"end":{"line":38,"column":55}},{"start":{"line":38,"column":4},"end":{"line":38,"column":55}}]},"4":{"loc":{"start":{"line":43,"column":25},"end":{"line":43,"column":null}},"type":"switch","locations":[{"start":{"line":43,"column":25},"end":{"line":43,"column":null}}]},"5":{"loc":{"start":{"line":44,"column":4},"end":{"line":46,"column":null}},"type":"if","locations":[{"start":{"line":44,"column":4},"end":{"line":46,"column":null}}]},"6":{"loc":{"start":{"line":52,"column":25},"end":{"line":52,"column":null}},"type":"switch","locations":[{"start":{"line":52,"column":25},"end":{"line":52,"column":null}}]},"7":{"loc":{"start":{"line":53,"column":4},"end":{"line":55,"column":null}},"type":"if","locations":[{"start":{"line":53,"column":4},"end":{"line":55,"column":null}}]},"8":{"loc":{"start":{"line":61,"column":4},"end":{"line":63,"column":null}},"type":"if","locations":[{"start":{"line":61,"column":4},"end":{"line":63,"column":null}}]},"9":{"loc":{"start":{"line":89,"column":4},"end":{"line":89,"column":61}},"type":"switch","locations":[{"start":{"line":89,"column":4},"end":{"line":89,"column":61}}]},"10":{"loc":{"start":{"line":73,"column":4},"end":{"line":75,"column":null}},"type":"if","locations":[{"start":{"line":73,"column":4},"end":{"line":75,"column":null}}]},"11":{"loc":{"start":{"line":77,"column":8},"end":{"line":77,"column":19}},"type":"if","locations":[{"start":{"line":77,"column":8},"end":{"line":77,"column":19}}]},"12":{"loc":{"start":{"line":99,"column":8},"end":{"line":104,"column":null}},"type":"if","locations":[{"start":{"line":99,"column":8},"end":{"line":104,"column":null}},{"start":{"line":101,"column":15},"end":{"line":104,"column":null}}]}},"s":{"0":1,"1":1,"2":1,"3":13,"4":13,"5":1,"6":4,"7":2,"8":1,"9":2,"10":2,"11":2,"12":1,"13":1,"14":1,"15":1,"16":1,"17":1,"18":2,"19":2,"20":2,"21":1,"22":1,"23":1,"24":2,"25":2,"26":2,"27":1,"28":1,"29":1,"30":2,"31":1,"32":1,"33":1,"34":2,"35":1,"36":2,"37":1,"38":1,"39":2,"40":2,"41":2,"42":1,"43":4,"44":4,"45":1,"46":1,"47":0,"48":0,"49":1,"50":1},"f":{"0":1,"1":13,"2":4,"3":2,"4":2,"5":1,"6":2,"7":2,"8":2,"9":2,"10":0,"11":2},"b":{"0":[4,4,2,2,2,2,2,2],"1":[2],"2":[1],"3":[1,1],"4":[2],"5":[1],"6":[2],"7":[1],"8":[1],"9":[1],"10":[1],"11":[0],"12":[1,0]}}
,"C:\\Users\\paubo\\OneDrive\\Documentos\\GitHub\\ACS_Proyecto_01\\Code\\backend\\src\\controllers\\_tests_\\CartDaoStub.ts": {"path":"C:\\Users\\paubo\\OneDrive\\Documentos\\GitHub\\ACS_Proyecto_01\\Code\\backend\\src\\controllers\\_tests_\\CartDaoStub.ts","statementMap":{"0":{"start":{"line":2,"column":0},"end":{"line":2,"column":null}},"1":{"start":{"line":8,"column":8},"end":{"line":10,"column":null}},"2":{"start":{"line":9,"column":4},"end":{"line":9,"column":50}},"3":{"start":{"line":12,"column":8},"end":{"line":19,"column":null}},"4":{"start":{"line":18,"column":4},"end":{"line":18,"column":57}},"5":{"start":{"line":21,"column":9},"end":{"line":23,"column":null}},"6":{"start":{"line":22,"column":4},"end":{"line":22,"column":31}},"7":{"start":{"line":25,"column":9},"end":{"line":27,"column":null}},"8":{"start":{"line":26,"column":4},"end":{"line":26,"column":32}},"9":{"start":{"line":29,"column":8},"end":{"line":36,"column":null}},"10":{"start":{"line":35,"column":4},"end":{"line":35,"column":34}},"11":{"start":{"line":39,"column":8},"end":{"line":41,"column":null}},"12":{"start":{"line":40,"column":4},"end":{"line":40,"column":46}},"13":{"start":{"line":43,"column":9},"end":{"line":45,"column":null}},"14":{"start":{"line":44,"column":4},"end":{"line":44,"column":28}},"15":{"start":{"line":48,"column":8},"end":{"line":50,"column":null}},"16":{"start":{"line":49,"column":4},"end":{"line":49,"column":29}},"17":{"start":{"line":53,"column":8},"end":{"line":55,"column":null}},"18":{"start":{"line":54,"column":4},"end":{"line":54,"column":29}},"19":{"start":{"line":58,"column":8},"end":{"line":67,"column":null}},"20":{"start":{"line":66,"column":4},"end":{"line":66,"column":32}},"21":{"start":{"line":69,"column":9},"end":{"line":71,"column":null}},"22":{"start":{"line":70,"column":4},"end":{"line":70,"column":34}},"23":{"start":{"line":72,"column":0},"end":{"line":72,"column":null}},"24":{"start":{"line":74,"column":0},"end":{"line":74,"column":27}}},"fnMap":{"0":{"name":"(anonymous_13)","decl":{"start":{"line":2,"column":0},"end":{"line":2,"column":null}},"loc":{"start":{"line":2,"column":0},"end":{"line":72,"column":null}}},"1":{"name":"(anonymous_15)","decl":{"start":{"line":8,"column":2},"end":{"line":8,"column":8}},"loc":{"start":{"line":8,"column":53},"end":{"line":10,"column":null}}},"2":{"name":"(anonymous_18)","decl":{"start":{"line":12,"column":2},"end":{"line":12,"column":8}},"loc":{"start":{"line":15,"column":18},"end":{"line":19,"column":null}}},"3":{"name":"(anonymous_21)","decl":{"start":{"line":21,"column":2},"end":{"line":21,"column":9}},"loc":{"start":{"line":21,"column":39},"end":{"line":23,"column":3}}},"4":{"name":"(anonymous_22)","decl":{"start":{"line":25,"column":2},"end":{"line":25,"column":9}},"loc":{"start":{"line":25,"column":40},"end":{"line":27,"column":3}}},"5":{"name":"(anonymous_23)","decl":{"start":{"line":29,"column":2},"end":{"line":29,"column":8}},"loc":{"start":{"line":32,"column":18},"end":{"line":36,"column":null}}},"6":{"name":"(anonymous_26)","decl":{"start":{"line":39,"column":2},"end":{"line":39,"column":8}},"loc":{"start":{"line":39,"column":30},"end":{"line":41,"column":null}}},"7":{"name":"(anonymous_29)","decl":{"start":{"line":43,"column":2},"end":{"line":43,"column":9}},"loc":{"start":{"line":43,"column":33},"end":{"line":45,"column":3}}},"8":{"name":"(anonymous_30)","decl":{"start":{"line":48,"column":2},"end":{"line":48,"column":8}},"loc":{"start":{"line":48,"column":55},"end":{"line":50,"column":null}}},"9":{"name":"(anonymous_33)","decl":{"start":{"line":53,"column":2},"end":{"line":53,"column":8}},"loc":{"start":{"line":53,"column":32},"end":{"line":55,"column":null}}},"10":{"name":"(anonymous_36)","decl":{"start":{"line":58,"column":2},"end":{"line":58,"column":8}},"loc":{"start":{"line":64,"column":17},"end":{"line":67,"column":null}}},"11":{"name":"(anonymous_39)","decl":{"start":{"line":69,"column":2},"end":{"line":69,"column":9}},"loc":{"start":{"line":69,"column":39},"end":{"line":71,"column":3}}}},"branchMap":{},"s":{"0":1,"1":1,"2":3,"3":1,"4":0,"5":1,"6":0,"7":1,"8":3,"9":1,"10":2,"11":1,"12":3,"13":1,"14":3,"15":1,"16":0,"17":1,"18":3,"19":1,"20":3,"21":1,"22":2,"23":1,"24":1},"f":{"0":7,"1":3,"2":0,"3":0,"4":3,"5":2,"6":3,"7":3,"8":0,"9":3,"10":3,"11":2},"b":{}}
,"C:\\Users\\paubo\\OneDrive\\Documentos\\GitHub\\ACS_Proyecto_01\\Code\\backend\\src\\controllers\\_tests_\\ProductDaoStub.ts": {"path":"C:\\Users\\paubo\\OneDrive\\Documentos\\GitHub\\ACS_Proyecto_01\\Code\\backend\\src\\controllers\\_tests_\\ProductDaoStub.ts","statementMap":{"0":{"start":{"line":2,"column":0},"end":{"line":2,"column":73}},"1":{"start":{"line":3,"column":0},"end":{"line":3,"column":32}},"2":{"start":{"line":5,"column":0},"end":{"line":5,"column":null}},"3":{"start":{"line":9,"column":4},"end":{"line":13,"column":6}},"4":{"start":{"line":16,"column":10},"end":{"line":25,"column":null}},"5":{"start":{"line":17,"column":4},"end":{"line":24,"column":6}},"6":{"start":{"line":27,"column":15},"end":{"line":34,"column":null}},"7":{"start":{"line":28,"column":4},"end":{"line":30,"column":null}},"8":{"start":{"line":29,"column":6},"end":{"line":29,"column":48}},"9":{"start":{"line":31,"column":10},"end":{"line":31,"column":60}},"10":{"start":{"line":32,"column":4},"end":{"line":32,"column":36}},"11":{"start":{"line":33,"column":4},"end":{"line":33,"column":42}},"12":{"start":{"line":36,"column":15},"end":{"line":42,"column":null}},"13":{"start":{"line":37,"column":10},"end":{"line":37,"column":81}},"14":{"start":{"line":37,"column":50},"end":{"line":37,"column":80}},"15":{"start":{"line":38,"column":4},"end":{"line":40,"column":null}},"16":{"start":{"line":39,"column":8},"end":{"line":39,"column":66}},"17":{"start":{"line":41,"column":4},"end":{"line":41,"column":19}},"18":{"start":{"line":44,"column":15},"end":{"line":46,"column":null}},"19":{"start":{"line":45,"column":4},"end":{"line":45,"column":30}},"20":{"start":{"line":48,"column":15},"end":{"line":58,"column":null}},"21":{"start":{"line":49,"column":4},"end":{"line":57,"column":5}},"22":{"start":{"line":50,"column":6},"end":{"line":56,"column":15}},"23":{"start":{"line":51,"column":10},"end":{"line":55,"column":null}},"24":{"start":{"line":52,"column":14},"end":{"line":52,"column":57}},"25":{"start":{"line":54,"column":14},"end":{"line":54,"column":39}},"26":{"start":{"line":60,"column":15},"end":{"line":69,"column":null}},"27":{"start":{"line":61,"column":4},"end":{"line":63,"column":null}},"28":{"start":{"line":62,"column":6},"end":{"line":62,"column":48}},"29":{"start":{"line":64,"column":4},"end":{"line":68,"column":7}},"30":{"start":{"line":65,"column":6},"end":{"line":67,"column":15}},"31":{"start":{"line":66,"column":8},"end":{"line":66,"column":34}},"32":{"start":{"line":71,"column":15},"end":{"line":77,"column":null}},"33":{"start":{"line":72,"column":4},"end":{"line":76,"column":7}},"34":{"start":{"line":73,"column":6},"end":{"line":75,"column":15}},"35":{"start":{"line":74,"column":8},"end":{"line":74,"column":34}},"36":{"start":{"line":78,"column":0},"end":{"line":78,"column":null}},"37":{"start":{"line":80,"column":9},"end":{"line":80,"column":23}}},"fnMap":{"0":{"name":"(anonymous_15)","decl":{"start":{"line":5,"column":0},"end":{"line":5,"column":null}},"loc":{"start":{"line":5,"column":0},"end":{"line":78,"column":null}}},"1":{"name":"ProductDAOStub","decl":{"start":{"line":8,"column":2},"end":{"line":8,"column":null}},"loc":{"start":{"line":8,"column":2},"end":{"line":14,"column":3}}},"2":{"name":"(anonymous_17)","decl":{"start":{"line":16,"column":2},"end":{"line":16,"column":10}},"loc":{"start":{"line":16,"column":37},"end":{"line":25,"column":3}}},"3":{"name":"(anonymous_18)","decl":{"start":{"line":27,"column":2},"end":{"line":27,"column":15}},"loc":{"start":{"line":27,"column":57},"end":{"line":34,"column":null}}},"4":{"name":"(anonymous_21)","decl":{"start":{"line":36,"column":2},"end":{"line":36,"column":15}},"loc":{"start":{"line":36,"column":43},"end":{"line":42,"column":null}}},"5":{"name":"(anonymous_24)","decl":{"start":{"line":37,"column":39},"end":{"line":37,"column":46}},"loc":{"start":{"line":37,"column":46},"end":{"line":37,"column":57}}},"6":{"name":"(anonymous_25)","decl":{"start":{"line":44,"column":2},"end":{"line":44,"column":15}},"loc":{"start":{"line":44,"column":2},"end":{"line":46,"column":null}}},"7":{"name":"(anonymous_28)","decl":{"start":{"line":48,"column":2},"end":{"line":48,"column":15}},"loc":{"start":{"line":48,"column":46},"end":{"line":58,"column":null}}},"8":{"name":"(anonymous_31)","decl":{"start":{"line":49,"column":23},"end":{"line":49,"column":24}},"loc":{"start":{"line":49,"column":39},"end":{"line":57,"column":3}}},"9":{"name":"(anonymous_32)","decl":{"start":{"line":50,"column":17},"end":{"line":50,"column":null}},"loc":{"start":{"line":50,"column":17},"end":{"line":56,"column":7}}},"10":{"name":"(anonymous_33)","decl":{"start":{"line":60,"column":2},"end":{"line":60,"column":15}},"loc":{"start":{"line":60,"column":53},"end":{"line":69,"column":null}}},"11":{"name":"(anonymous_36)","decl":{"start":{"line":64,"column":23},"end":{"line":64,"column":24}},"loc":{"start":{"line":64,"column":39},"end":{"line":68,"column":5}}},"12":{"name":"(anonymous_37)","decl":{"start":{"line":65,"column":17},"end":{"line":65,"column":null}},"loc":{"start":{"line":65,"column":17},"end":{"line":67,"column":7}}},"13":{"name":"(anonymous_38)","decl":{"start":{"line":71,"column":2},"end":{"line":71,"column":15}},"loc":{"start":{"line":71,"column":66},"end":{"line":77,"column":null}}},"14":{"name":"(anonymous_41)","decl":{"start":{"line":72,"column":23},"end":{"line":72,"column":24}},"loc":{"start":{"line":72,"column":39},"end":{"line":76,"column":5}}},"15":{"name":"(anonymous_42)","decl":{"start":{"line":73,"column":17},"end":{"line":73,"column":null}},"loc":{"start":{"line":73,"column":17},"end":{"line":75,"column":7}}}},"branchMap":{"0":{"loc":{"start":{"line":18,"column":6},"end":{"line":23,"column":44}},"type":"binary-expr","locations":[{"start":{"line":18,"column":6},"end":{"line":18,"column":32}},{"start":{"line":19,"column":6},"end":{"line":19,"column":43}},{"start":{"line":20,"column":6},"end":{"line":20,"column":50}},{"start":{"line":21,"column":6},"end":{"line":21,"column":44}},{"start":{"line":22,"column":6},"end":{"line":22,"column":44}},{"start":{"line":23,"column":6},"end":{"line":23,"column":44}}]},"1":{"loc":{"start":{"line":28,"column":4},"end":{"line":30,"column":null}},"type":"if","locations":[{"start":{"line":28,"column":4},"end":{"line":30,"column":null}}]},"2":{"loc":{"start":{"line":38,"column":4},"end":{"line":40,"column":null}},"type":"if","locations":[{"start":{"line":38,"column":4},"end":{"line":40,"column":null}}]},"3":{"loc":{"start":{"line":51,"column":10},"end":{"line":55,"column":null}},"type":"if","locations":[{"start":{"line":51,"column":10},"end":{"line":55,"column":null}},{"start":{"line":53,"column":17},"end":{"line":55,"column":null}}]},"4":{"loc":{"start":{"line":61,"column":4},"end":{"line":63,"column":null}},"type":"if","locations":[{"start":{"line":61,"column":4},"end":{"line":63,"column":null}}]}},"s":{"0":1,"1":1,"2":1,"3":9,"4":1,"5":2,"6":1,"7":1,"8":0,"9":1,"10":1,"11":1,"12":1,"13":3,"14":5,"15":3,"16":1,"17":2,"18":1,"19":1,"20":1,"21":1,"22":1,"23":1,"24":0,"25":1,"26":1,"27":1,"28":0,"29":1,"30":1,"31":1,"32":1,"33":0,"34":0,"35":0,"36":1,"37":1},"f":{"0":1,"1":9,"2":2,"3":1,"4":3,"5":5,"6":1,"7":1,"8":1,"9":1,"10":1,"11":1,"12":1,"13":0,"14":0,"15":0},"b":{"0":[2,2,2,2,2,2],"1":[0],"2":[1],"3":[0,1],"4":[0]}}
,"C:\\Users\\paubo\\OneDrive\\Documentos\\GitHub\\ACS_Proyecto_01\\Code\\backend\\src\\controllers\\_tests_\\PublicationDaoStub.ts": {"path":"C:\\Users\\paubo\\OneDrive\\Documentos\\GitHub\\ACS_Proyecto_01\\Code\\backend\\src\\controllers\\_tests_\\PublicationDaoStub.ts","statementMap":{"0":{"start":{"line":1,"column":0},"end":{"line":1,"column":32}},"1":{"start":{"line":5,"column":0},"end":{"line":5,"column":null}},"2":{"start":{"line":6,"column":10},"end":{"line":6,"column":35}},"3":{"start":{"line":9,"column":4},"end":{"line":37,"column":6}},"4":{"start":{"line":40,"column":8},"end":{"line":42,"column":null}},"5":{"start":{"line":41,"column":4},"end":{"line":41,"column":76}},"6":{"start":{"line":41,"column":41},"end":{"line":41,"column":67}},"7":{"start":{"line":44,"column":8},"end":{"line":46,"column":null}},"8":{"start":{"line":45,"column":4},"end":{"line":45,"column":29}},"9":{"start":{"line":48,"column":8},"end":{"line":53,"column":null}},"10":{"start":{"line":49,"column":4},"end":{"line":52,"column":6}},"11":{"start":{"line":50,"column":6},"end":{"line":51,"column":null}},"12":{"start":{"line":55,"column":8},"end":{"line":59,"column":null}},"13":{"start":{"line":56,"column":4},"end":{"line":58,"column":6}},"14":{"start":{"line":57,"column":6},"end":{"line":57,"column":null}},"15":{"start":{"line":57,"column":37},"end":{"line":57,"column":56}},"16":{"start":{"line":61,"column":8},"end":{"line":79,"column":null}},"17":{"start":{"line":62,"column":4},"end":{"line":64,"column":null}},"18":{"start":{"line":63,"column":6},"end":{"line":63,"column":52}},"19":{"start":{"line":66,"column":10},"end":{"line":74,"column":6}},"20":{"start":{"line":76,"column":4},"end":{"line":76,"column":43}},"21":{"start":{"line":77,"column":4},"end":{"line":77,"column":76}},"22":{"start":{"line":78,"column":4},"end":{"line":78,"column":30}},"23":{"start":{"line":81,"column":10},"end":{"line":89,"column":null}},"24":{"start":{"line":82,"column":4},"end":{"line":88,"column":6}},"25":{"start":{"line":90,"column":8},"end":{"line":99,"column":null}},"26":{"start":{"line":91,"column":4},"end":{"line":93,"column":null}},"27":{"start":{"line":92,"column":6},"end":{"line":92,"column":52}},"28":{"start":{"line":94,"column":4},"end":{"line":98,"column":7}},"29":{"start":{"line":95,"column":6},"end":{"line":97,"column":15}},"30":{"start":{"line":96,"column":8},"end":{"line":96,"column":34}},"31":{"start":{"line":101,"column":8},"end":{"line":111,"column":null}},"32":{"start":{"line":102,"column":4},"end":{"line":110,"column":7}},"33":{"start":{"line":103,"column":8},"end":{"line":109,"column":17}},"34":{"start":{"line":104,"column":12},"end":{"line":108,"column":null}},"35":{"start":{"line":105,"column":16},"end":{"line":105,"column":59}},"36":{"start":{"line":107,"column":16},"end":{"line":107,"column":41}},"37":{"start":{"line":112,"column":0},"end":{"line":112,"column":null}},"38":{"start":{"line":114,"column":9},"end":{"line":114,"column":27}}},"fnMap":{"0":{"name":"(anonymous_14)","decl":{"start":{"line":5,"column":0},"end":{"line":5,"column":null}},"loc":{"start":{"line":5,"column":0},"end":{"line":112,"column":null}}},"1":{"name":"PublicationDAOStub","decl":{"start":{"line":8,"column":2},"end":{"line":8,"column":null}},"loc":{"start":{"line":8,"column":2},"end":{"line":38,"column":3}}},"2":{"name":"(anonymous_16)","decl":{"start":{"line":40,"column":2},"end":{"line":40,"column":8}},"loc":{"start":{"line":40,"column":44},"end":{"line":42,"column":null}}},"3":{"name":"(anonymous_19)","decl":{"start":{"line":41,"column":34},"end":{"line":41,"column":37}},"loc":{"start":{"line":41,"column":37},"end":{"line":41,"column":44}}},"4":{"name":"(anonymous_20)","decl":{"start":{"line":44,"column":2},"end":{"line":44,"column":8}},"loc":{"start":{"line":44,"column":2},"end":{"line":46,"column":null}}},"5":{"name":"(anonymous_23)","decl":{"start":{"line":48,"column":2},"end":{"line":48,"column":8}},"loc":{"start":{"line":48,"column":52},"end":{"line":53,"column":null}}},"6":{"name":"(anonymous_26)","decl":{"start":{"line":49,"column":36},"end":{"line":49,"column":39}},"loc":{"start":{"line":49,"column":39},"end":{"line":50,"column":9}}},"7":{"name":"(anonymous_27)","decl":{"start":{"line":55,"column":2},"end":{"line":55,"column":8}},"loc":{"start":{"line":55,"column":44},"end":{"line":59,"column":null}}},"8":{"name":"(anonymous_30)","decl":{"start":{"line":56,"column":36},"end":{"line":56,"column":39}},"loc":{"start":{"line":56,"column":39},"end":{"line":57,"column":9}}},"9":{"name":"(anonymous_31)","decl":{"start":{"line":57,"column":20},"end":{"line":57,"column":21}},"loc":{"start":{"line":57,"column":32},"end":{"line":57,"column":41}}},"10":{"name":"(anonymous_32)","decl":{"start":{"line":61,"column":2},"end":{"line":61,"column":8}},"loc":{"start":{"line":61,"column":44},"end":{"line":79,"column":null}}},"11":{"name":"(anonymous_35)","decl":{"start":{"line":81,"column":2},"end":{"line":81,"column":10}},"loc":{"start":{"line":81,"column":45},"end":{"line":89,"column":3}}},"12":{"name":"(anonymous_36)","decl":{"start":{"line":90,"column":2},"end":{"line":90,"column":8}},"loc":{"start":{"line":90,"column":63},"end":{"line":99,"column":null}}},"13":{"name":"(anonymous_39)","decl":{"start":{"line":94,"column":23},"end":{"line":94,"column":24}},"loc":{"start":{"line":94,"column":39},"end":{"line":98,"column":5}}},"14":{"name":"(anonymous_40)","decl":{"start":{"line":95,"column":17},"end":{"line":95,"column":null}},"loc":{"start":{"line":95,"column":17},"end":{"line":97,"column":7}}},"15":{"name":"(anonymous_41)","decl":{"start":{"line":101,"column":2},"end":{"line":101,"column":8}},"loc":{"start":{"line":101,"column":47},"end":{"line":111,"column":null}}},"16":{"name":"(anonymous_44)","decl":{"start":{"line":102,"column":23},"end":{"line":102,"column":24}},"loc":{"start":{"line":102,"column":39},"end":{"line":110,"column":5}}},"17":{"name":"(anonymous_45)","decl":{"start":{"line":103,"column":19},"end":{"line":103,"column":null}},"loc":{"start":{"line":103,"column":19},"end":{"line":109,"column":9}}}},"branchMap":{"0":{"loc":{"start":{"line":41,"column":11},"end":{"line":41,"column":75}},"type":"binary-expr","locations":[{"start":{"line":41,"column":11},"end":{"line":41,"column":67}},{"start":{"line":41,"column":71},"end":{"line":41,"column":75}}]},"1":{"loc":{"start":{"line":50,"column":6},"end":{"line":51,"column":66}},"type":"binary-expr","locations":[{"start":{"line":50,"column":6},"end":{"line":50,"column":35}},{"start":{"line":51,"column":7},"end":{"line":51,"column":19}},{"start":{"line":51,"column":23},"end":{"line":51,"column":65}}]},"2":{"loc":{"start":{"line":62,"column":4},"end":{"line":64,"column":null}},"type":"if","locations":[{"start":{"line":62,"column":4},"end":{"line":64,"column":null}}]},"3":{"loc":{"start":{"line":83,"column":6},"end":{"line":87,"column":42}},"type":"binary-expr","locations":[{"start":{"line":83,"column":6},"end":{"line":83,"column":17}},{"start":{"line":84,"column":6},"end":{"line":84,"column":53}},{"start":{"line":85,"column":6},"end":{"line":85,"column":54}},{"start":{"line":86,"column":6},"end":{"line":86,"column":47}},{"start":{"line":87,"column":6},"end":{"line":87,"column":42}}]},"4":{"loc":{"start":{"line":91,"column":4},"end":{"line":93,"column":null}},"type":"if","locations":[{"start":{"line":91,"column":4},"end":{"line":93,"column":null}}]},"5":{"loc":{"start":{"line":104,"column":12},"end":{"line":108,"column":null}},"type":"if","locations":[{"start":{"line":104,"column":12},"end":{"line":108,"column":null}},{"start":{"line":106,"column":19},"end":{"line":108,"column":null}}]}},"s":{"0":1,"1":1,"2":13,"3":13,"4":1,"5":2,"6":4,"7":1,"8":1,"9":1,"10":2,"11":6,"12":1,"13":2,"14":6,"15":16,"16":1,"17":1,"18":0,"19":1,"20":1,"21":1,"22":1,"23":1,"24":2,"25":1,"26":1,"27":0,"28":1,"29":1,"30":1,"31":1,"32":2,"33":2,"34":2,"35":1,"36":1,"37":1,"38":1},"f":{"0":1,"1":13,"2":2,"3":4,"4":1,"5":2,"6":6,"7":2,"8":6,"9":16,"10":1,"11":2,"12":1,"13":1,"14":1,"15":2,"16":2,"17":2},"b":{"0":[2,1],"1":[6,3,3],"2":[0],"3":[2,2,2,2,2],"4":[0],"5":[1,1]}}
,"C:\\Users\\paubo\\OneDrive\\Documentos\\GitHub\\ACS_Proyecto_01\\Code\\backend\\src\\daos\\ProductDAO.ts": {"path":"C:\\Users\\paubo\\OneDrive\\Documentos\\GitHub\\ACS_Proyecto_01\\Code\\backend\\src\\daos\\ProductDAO.ts","statementMap":{"0":{"start":{"line":1,"column":0},"end":{"line":1,"column":42}},"1":{"start":{"line":2,"column":0},"end":{"line":2,"column":36}},"2":{"start":{"line":6,"column":0},"end":{"line":6,"column":null}},"3":{"start":{"line":10,"column":15},"end":{"line":12,"column":null}},"4":{"start":{"line":11,"column":11},"end":{"line":11,"column":53}},"5":{"start":{"line":11,"column":4},"end":{"line":11,"column":53}},"6":{"start":{"line":15,"column":15},"end":{"line":17,"column":null}},"7":{"start":{"line":16,"column":11},"end":{"line":16,"column":32}},"8":{"start":{"line":16,"column":4},"end":{"line":16,"column":32}},"9":{"start":{"line":20,"column":15},"end":{"line":37,"column":null}},"10":{"start":{"line":21,"column":10},"end":{"line":27,"column":7}},"11":{"start":{"line":29,"column":19},"end":{"line":29,"column":null}},"12":{"start":{"line":29,"column":10},"end":{"line":29,"column":null}},"13":{"start":{"line":32,"column":4},"end":{"line":35,"column":6}},"14":{"start":{"line":36,"column":4},"end":{"line":36,"column":22}},"15":{"start":{"line":40,"column":15},"end":{"line":50,"column":null}},"16":{"start":{"line":41,"column":11},"end":{"line":49,"column":6}},"17":{"start":{"line":41,"column":4},"end":{"line":49,"column":6}},"18":{"start":{"line":53,"column":15},"end":{"line":60,"column":null}},"19":{"start":{"line":54,"column":11},"end":{"line":59,"column":6}},"20":{"start":{"line":54,"column":4},"end":{"line":59,"column":6}},"21":{"start":{"line":64,"column":15},"end":{"line":77,"column":null}},"22":{"start":{"line":66,"column":4},"end":{"line":75,"column":6}},"23":{"start":{"line":76,"column":11},"end":{"line":76,"column":55}},"24":{"start":{"line":76,"column":4},"end":{"line":76,"column":55}},"25":{"start":{"line":78,"column":0},"end":{"line":78,"column":null}},"26":{"start":{"line":80,"column":9},"end":{"line":80,"column":19}}},"fnMap":{"0":{"name":"(anonymous_14)","decl":{"start":{"line":6,"column":0},"end":{"line":6,"column":null}},"loc":{"start":{"line":6,"column":0},"end":{"line":78,"column":null}}},"1":{"name":"ProductDAO","decl":{"start":{"line":7,"column":2},"end":{"line":7,"column":17}},"loc":{"start":{"line":7,"column":2},"end":{"line":7,"column":18}}},"2":{"name":"(anonymous_16)","decl":{"start":{"line":10,"column":2},"end":{"line":10,"column":15}},"loc":{"start":{"line":10,"column":43},"end":{"line":12,"column":null}}},"3":{"name":"(anonymous_19)","decl":{"start":{"line":15,"column":2},"end":{"line":15,"column":15}},"loc":{"start":{"line":15,"column":2},"end":{"line":17,"column":null}}},"4":{"name":"(anonymous_22)","decl":{"start":{"line":20,"column":2},"end":{"line":20,"column":15}},"loc":{"start":{"line":20,"column":62},"end":{"line":37,"column":null}}},"5":{"name":"(anonymous_25)","decl":{"start":{"line":40,"column":2},"end":{"line":40,"column":15}},"loc":{"start":{"line":40,"column":58},"end":{"line":50,"column":null}}},"6":{"name":"(anonymous_28)","decl":{"start":{"line":53,"column":2},"end":{"line":53,"column":15}},"loc":{"start":{"line":53,"column":66},"end":{"line":60,"column":null}}},"7":{"name":"(anonymous_31)","decl":{"start":{"line":64,"column":2},"end":{"line":64,"column":15}},"loc":{"start":{"line":64,"column":46},"end":{"line":77,"column":null}}}},"branchMap":{"0":{"loc":{"start":{"line":11,"column":11},"end":{"line":11,"column":53}},"type":"switch","locations":[{"start":{"line":11,"column":11},"end":{"line":11,"column":53}},{"start":{"line":11,"column":4},"end":{"line":11,"column":53}}]},"1":{"loc":{"start":{"line":16,"column":11},"end":{"line":16,"column":32}},"type":"switch","locations":[{"start":{"line":16,"column":11},"end":{"line":16,"column":32}},{"start":{"line":16,"column":4},"end":{"line":16,"column":32}}]},"2":{"loc":{"start":{"line":41,"column":11},"end":{"line":49,"column":6}},"type":"switch","locations":[{"start":{"line":41,"column":11},"end":{"line":49,"column":6}},{"start":{"line":41,"column":4},"end":{"line":49,"column":6}}]},"3":{"loc":{"start":{"line":54,"column":11},"end":{"line":59,"column":6}},"type":"switch","locations":[{"start":{"line":54,"column":11},"end":{"line":59,"column":6}},{"start":{"line":54,"column":4},"end":{"line":59,"column":6}}]},"4":{"loc":{"start":{"line":76,"column":4},"end":{"line":76,"column":55}},"type":"switch","locations":[{"start":{"line":76,"column":4},"end":{"line":76,"column":55}}]}},"s":{"0":1,"1":1,"2":1,"3":1,"4":0,"5":0,"6":1,"7":0,"8":0,"9":1,"10":0,"11":0,"12":0,"13":0,"14":0,"15":1,"16":0,"17":0,"18":1,"19":0,"20":0,"21":1,"22":0,"23":0,"24":0,"25":1,"26":1},"f":{"0":1,"1":9,"2":0,"3":0,"4":0,"5":0,"6":0,"7":0},"b":{"0":[0,0],"1":[0,0],"2":[0,0],"3":[0,0],"4":[0]}}
,"C:\\Users\\paubo\\OneDrive\\Documentos\\GitHub\\ACS_Proyecto_01\\Code\\backend\\src\\daos\\PublicationDAO.ts": {"path":"C:\\Users\\paubo\\OneDrive\\Documentos\\GitHub\\ACS_Proyecto_01\\Code\\backend\\src\\daos\\PublicationDAO.ts","statementMap":{"0":{"start":{"line":1,"column":0},"end":{"line":1,"column":35}},"1":{"start":{"line":2,"column":0},"end":{"line":2,"column":32}},"2":{"start":{"line":3,"column":0},"end":{"line":3,"column":50}},"3":{"start":{"line":7,"column":0},"end":{"line":7,"column":null}},"4":{"start":{"line":11,"column":15},"end":{"line":31,"column":null}},"5":{"start":{"line":12,"column":24},"end":{"line":29,"column":null}},"6":{"start":{"line":12,"column":10},"end":{"line":29,"column":null}},"7":{"start":{"line":30,"column":4},"end":{"line":30,"column":26}},"8":{"start":{"line":34,"column":15},"end":{"line":48,"column":null}},"9":{"start":{"line":35,"column":11},"end":{"line":47,"column":7}},"10":{"start":{"line":35,"column":4},"end":{"line":47,"column":7}},"11":{"start":{"line":51,"column":15},"end":{"line":73,"column":null}},"12":{"start":{"line":52,"column":11},"end":{"line":72,"column":7}},"13":{"start":{"line":52,"column":4},"end":{"line":72,"column":7}},"14":{"start":{"line":76,"column":15},"end":{"line":97,"column":null}},"15":{"start":{"line":77,"column":11},"end":{"line":96,"column":48}},"16":{"start":{"line":77,"column":4},"end":{"line":96,"column":48}},"17":{"start":{"line":100,"column":15},"end":{"line":117,"column":null}},"18":{"start":{"line":101,"column":10},"end":{"line":107,"column":7}},"19":{"start":{"line":109,"column":19},"end":{"line":109,"column":null}},"20":{"start":{"line":109,"column":10},"end":{"line":109,"column":null}},"21":{"start":{"line":112,"column":4},"end":{"line":115,"column":6}},"22":{"start":{"line":116,"column":4},"end":{"line":116,"column":22}},"23":{"start":{"line":120,"column":15},"end":{"line":129,"column":null}},"24":{"start":{"line":121,"column":11},"end":{"line":128,"column":6}},"25":{"start":{"line":121,"column":4},"end":{"line":128,"column":6}},"26":{"start":{"line":132,"column":15},"end":{"line":134,"column":null}},"27":{"start":{"line":133,"column":11},"end":{"line":133,"column":63}},"28":{"start":{"line":133,"column":4},"end":{"line":133,"column":63}},"29":{"start":{"line":135,"column":0},"end":{"line":135,"column":null}},"30":{"start":{"line":137,"column":9},"end":{"line":137,"column":23}}},"fnMap":{"0":{"name":"(anonymous_14)","decl":{"start":{"line":7,"column":0},"end":{"line":7,"column":null}},"loc":{"start":{"line":7,"column":0},"end":{"line":135,"column":null}}},"1":{"name":"PublicationDAO","decl":{"start":{"line":8,"column":2},"end":{"line":8,"column":17}},"loc":{"start":{"line":8,"column":2},"end":{"line":8,"column":18}}},"2":{"name":"(anonymous_16)","decl":{"start":{"line":11,"column":2},"end":{"line":11,"column":15}},"loc":{"start":{"line":11,"column":51},"end":{"line":31,"column":null}}},"3":{"name":"(anonymous_19)","decl":{"start":{"line":34,"column":2},"end":{"line":34,"column":15}},"loc":{"start":{"line":34,"column":2},"end":{"line":48,"column":null}}},"4":{"name":"(anonymous_22)","decl":{"start":{"line":51,"column":2},"end":{"line":51,"column":15}},"loc":{"start":{"line":51,"column":59},"end":{"line":73,"column":null}}},"5":{"name":"(anonymous_25)","decl":{"start":{"line":76,"column":2},"end":{"line":76,"column":15}},"loc":{"start":{"line":76,"column":51},"end":{"line":97,"column":null}}},"6":{"name":"(anonymous_28)","decl":{"start":{"line":100,"column":2},"end":{"line":100,"column":15}},"loc":{"start":{"line":100,"column":74},"end":{"line":117,"column":null}}},"7":{"name":"(anonymous_31)","decl":{"start":{"line":120,"column":2},"end":{"line":120,"column":15}},"loc":{"start":{"line":120,"column":70},"end":{"line":129,"column":null}}},"8":{"name":"(anonymous_34)","decl":{"start":{"line":132,"column":2},"end":{"line":132,"column":15}},"loc":{"start":{"line":132,"column":54},"end":{"line":134,"column":null}}}},"branchMap":{"0":{"loc":{"start":{"line":12,"column":24},"end":{"line":29,"column":null}},"type":"switch","locations":[{"start":{"line":12,"column":24},"end":{"line":29,"column":null}}]},"1":{"loc":{"start":{"line":35,"column":11},"end":{"line":47,"column":7}},"type":"switch","locations":[{"start":{"line":35,"column":11},"end":{"line":47,"column":7}},{"start":{"line":35,"column":4},"end":{"line":47,"column":7}}]},"2":{"loc":{"start":{"line":52,"column":11},"end":{"line":72,"column":7}},"type":"switch","locations":[{"start":{"line":52,"column":11},"end":{"line":72,"column":7}},{"start":{"line":52,"column":4},"end":{"line":72,"column":7}}]},"3":{"loc":{"start":{"line":77,"column":11},"end":{"line":96,"column":48}},"type":"switch","locations":[{"start":{"line":77,"column":11},"end":{"line":96,"column":48}},{"start":{"line":77,"column":4},"end":{"line":96,"column":48}}]},"4":{"loc":{"start":{"line":121,"column":11},"end":{"line":128,"column":6}},"type":"switch","locations":[{"start":{"line":121,"column":11},"end":{"line":128,"column":6}},{"start":{"line":121,"column":4},"end":{"line":128,"column":6}}]},"5":{"loc":{"start":{"line":133,"column":11},"end":{"line":133,"column":63}},"type":"switch","locations":[{"start":{"line":133,"column":11},"end":{"line":133,"column":63}},{"start":{"line":133,"column":4},"end":{"line":133,"column":63}}]}},"s":{"0":1,"1":1,"2":1,"3":1,"4":1,"5":0,"6":0,"7":0,"8":1,"9":0,"10":0,"11":1,"12":0,"13":0,"14":1,"15":0,"16":0,"17":1,"18":0,"19":0,"20":0,"21":0,"22":0,"23":1,"24":0,"25":0,"26":1,"27":0,"28":0,"29":1,"30":1},"f":{"0":1,"1":13,"2":0,"3":0,"4":0,"5":0,"6":0,"7":0,"8":0},"b":{"0":[0],"1":[0,0],"2":[0,0],"3":[0,0],"4":[0,0],"5":[0,0]}}
,"C:\\Users\\paubo\\OneDrive\\Documentos\\GitHub\\ACS_Proyecto_01\\Code\\backend\\src\\daos\\_tests_\\DBCartStub.ts": {"path":"C:\\Users\\paubo\\OneDrive\\Documentos\\GitHub\\ACS_Proyecto_01\\Code\\backend\\src\\daos\\_tests_\\DBCartStub.ts","statementMap":{"0":{"start":{"line":5,"column":0},"end":{"line":5,"column":null}},"1":{"start":{"line":12,"column":4},"end":{"line":12,"column":23}},"2":{"start":{"line":13,"column":4},"end":{"line":13,"column":24}},"3":{"start":{"line":14,"column":4},"end":{"line":14,"column":23}},"4":{"start":{"line":15,"column":4},"end":{"line":15,"column":27}},"5":{"start":{"line":17,"column":4},"end":{"line":21,"column":null}},"6":{"start":{"line":17,"column":17},"end":{"line":17,"column":18}},"7":{"start":{"line":18,"column":24},"end":{"line":18,"column":37}},"8":{"start":{"line":19,"column":21},"end":{"line":19,"column":40}},"9":{"start":{"line":20,"column":6},"end":{"line":20,"column":44}},"10":{"start":{"line":24,"column":8},"end":{"line":31,"column":null}},"11":{"start":{"line":25,"column":4},"end":{"line":30,"column":null}},"12":{"start":{"line":26,"column":12},"end":{"line":26,"column":61}},"13":{"start":{"line":27,"column":6},"end":{"line":27,"column":18}},"14":{"start":{"line":29,"column":6},"end":{"line":29,"column":38}},"15":{"start":{"line":33,"column":8},"end":{"line":41,"column":null}},"16":{"start":{"line":34,"column":4},"end":{"line":36,"column":null}},"17":{"start":{"line":35,"column":6},"end":{"line":35,"column":38}},"18":{"start":{"line":37,"column":4},"end":{"line":39,"column":null}},"19":{"start":{"line":38,"column":6},"end":{"line":38,"column":47}},"20":{"start":{"line":40,"column":4},"end":{"line":40,"column":74}},"21":{"start":{"line":43,"column":8},"end":{"line":47,"column":null}},"22":{"start":{"line":44,"column":4},"end":{"line":46,"column":null}},"23":{"start":{"line":45,"column":6},"end":{"line":45,"column":38}},"24":{"start":{"line":49,"column":8},"end":{"line":62,"column":null}},"25":{"start":{"line":50,"column":4},"end":{"line":52,"column":null}},"26":{"start":{"line":51,"column":6},"end":{"line":51,"column":38}},"27":{"start":{"line":53,"column":10},"end":{"line":56,"column":6}},"28":{"start":{"line":57,"column":10},"end":{"line":61,"column":6}},"29":{"start":{"line":64,"column":8},"end":{"line":69,"column":null}},"30":{"start":{"line":65,"column":4},"end":{"line":67,"column":null}},"31":{"start":{"line":66,"column":6},"end":{"line":66,"column":38}},"32":{"start":{"line":68,"column":4},"end":{"line":68,"column":13}},"33":{"start":{"line":71,"column":8},"end":{"line":75,"column":null}},"34":{"start":{"line":72,"column":4},"end":{"line":74,"column":null}},"35":{"start":{"line":73,"column":6},"end":{"line":73,"column":42}},"36":{"start":{"line":77,"column":8},"end":{"line":101,"column":null}},"37":{"start":{"line":85,"column":4},"end":{"line":87,"column":null}},"38":{"start":{"line":86,"column":6},"end":{"line":86,"column":38}},"39":{"start":{"line":88,"column":10},"end":{"line":88,"column":46}},"40":{"start":{"line":89,"column":10},"end":{"line":98,"column":6}},"41":{"start":{"line":99,"column":4},"end":{"line":99,"column":31}},"42":{"start":{"line":100,"column":4},"end":{"line":100,"column":19}},"43":{"start":{"line":103,"column":0},"end":{"line":103,"column":null}},"44":{"start":{"line":105,"column":0},"end":{"line":105,"column":26}}},"fnMap":{"0":{"name":"(anonymous_13)","decl":{"start":{"line":5,"column":0},"end":{"line":5,"column":null}},"loc":{"start":{"line":5,"column":0},"end":{"line":103,"column":null}}},"1":{"name":"DBCartStub","decl":{"start":{"line":11,"column":2},"end":{"line":11,"column":null}},"loc":{"start":{"line":11,"column":2},"end":{"line":22,"column":3}}},"2":{"name":"(anonymous_15)","decl":{"start":{"line":24,"column":2},"end":{"line":24,"column":8}},"loc":{"start":{"line":24,"column":30},"end":{"line":31,"column":null}}},"3":{"name":"(anonymous_18)","decl":{"start":{"line":33,"column":2},"end":{"line":33,"column":8}},"loc":{"start":{"line":33,"column":67},"end":{"line":41,"column":null}}},"4":{"name":"(anonymous_21)","decl":{"start":{"line":43,"column":2},"end":{"line":43,"column":8}},"loc":{"start":{"line":43,"column":55},"end":{"line":47,"column":null}}},"5":{"name":"(anonymous_24)","decl":{"start":{"line":49,"column":2},"end":{"line":49,"column":8}},"loc":{"start":{"line":49,"column":68},"end":{"line":62,"column":null}}},"6":{"name":"(anonymous_27)","decl":{"start":{"line":64,"column":2},"end":{"line":64,"column":8}},"loc":{"start":{"line":64,"column":53},"end":{"line":69,"column":null}}},"7":{"name":"(anonymous_30)","decl":{"start":{"line":71,"column":2},"end":{"line":71,"column":8}},"loc":{"start":{"line":71,"column":32},"end":{"line":75,"column":null}}},"8":{"name":"(anonymous_33)","decl":{"start":{"line":77,"column":2},"end":{"line":77,"column":8}},"loc":{"start":{"line":83,"column":17},"end":{"line":101,"column":null}}}},"branchMap":{"0":{"loc":{"start":{"line":25,"column":4},"end":{"line":30,"column":null}},"type":"if","locations":[{"start":{"line":25,"column":4},"end":{"line":30,"column":null}},{"start":{"line":28,"column":11},"end":{"line":30,"column":null}}]},"1":{"loc":{"start":{"line":26,"column":19},"end":{"line":26,"column":60}},"type":"binary-expr","locations":[{"start":{"line":26,"column":19},"end":{"line":26,"column":40}},{"start":{"line":26,"column":44},"end":{"line":26,"column":60}}]},"2":{"loc":{"start":{"line":34,"column":4},"end":{"line":36,"column":null}},"type":"if","locations":[{"start":{"line":34,"column":4},"end":{"line":36,"column":null}}]},"3":{"loc":{"start":{"line":37,"column":4},"end":{"line":39,"column":null}},"type":"if","locations":[{"start":{"line":37,"column":4},"end":{"line":39,"column":null}}]},"4":{"loc":{"start":{"line":44,"column":4},"end":{"line":46,"column":null}},"type":"if","locations":[{"start":{"line":44,"column":4},"end":{"line":46,"column":null}}]},"5":{"loc":{"start":{"line":50,"column":4},"end":{"line":52,"column":null}},"type":"if","locations":[{"start":{"line":50,"column":4},"end":{"line":52,"column":null}}]},"6":{"loc":{"start":{"line":65,"column":4},"end":{"line":67,"column":null}},"type":"if","locations":[{"start":{"line":65,"column":4},"end":{"line":67,"column":null}}]},"7":{"loc":{"start":{"line":72,"column":4},"end":{"line":74,"column":null}},"type":"if","locations":[{"start":{"line":72,"column":4},"end":{"line":74,"column":null}}]},"8":{"loc":{"start":{"line":85,"column":4},"end":{"line":87,"column":null}},"type":"if","locations":[{"start":{"line":85,"column":4},"end":{"line":87,"column":null}}]}},"s":{"0":1,"1":18,"2":18,"3":18,"4":18,"5":18,"6":18,"7":1800,"8":1800,"9":1800,"10":1,"11":1002,"12":1001,"13":1001,"14":1,"15":1,"16":5805,"17":1,"18":5804,"19":188,"20":5804,"21":1,"22":1002,"23":1,"24":1,"25":1002,"26":1,"27":1001,"28":1001,"29":1,"30":1002,"31":1,"32":1001,"33":1,"34":0,"35":0,"36":1,"37":2002,"38":1,"39":2001,"40":2001,"41":2001,"42":2001,"43":1,"44":1},"f":{"0":1,"1":18,"2":1002,"3":5805,"4":1002,"5":1002,"6":1002,"7":0,"8":2002},"b":{"0":[1001,1],"1":[1001,1000],"2":[1],"3":[188],"4":[1],"5":[1],"6":[1],"7":[0],"8":[1]}}
,"C:\\Users\\paubo\\OneDrive\\Documentos\\GitHub\\ACS_Proyecto_01\\Code\\backend\\src\\daos\\_tests_\\DBProductStub.ts": {"path":"C:\\Users\\paubo\\OneDrive\\Documentos\\GitHub\\ACS_Proyecto_01\\Code\\backend\\src\\daos\\_tests_\\DBProductStub.ts","statementMap":{"0":{"start":{"line":2,"column":0},"end":{"line":2,"column":63}},"1":{"start":{"line":4,"column":0},"end":{"line":4,"column":null}},"2":{"start":{"line":9,"column":4},"end":{"line":9,"column":23}},"3":{"start":{"line":10,"column":4},"end":{"line":13,"column":6}},"4":{"start":{"line":14,"column":4},"end":{"line":14,"column":25}},"5":{"start":{"line":17,"column":10},"end":{"line":26,"column":null}},"6":{"start":{"line":18,"column":4},"end":{"line":25,"column":6}},"7":{"start":{"line":28,"column":8},"end":{"line":30,"column":null}},"8":{"start":{"line":29,"column":4},"end":{"line":29,"column":null}},"9":{"start":{"line":32,"column":8},"end":{"line":46,"column":null}},"10":{"start":{"line":33,"column":4},"end":{"line":33,"column":100}},"11":{"start":{"line":34,"column":4},"end":{"line":34,"column":100}},"12":{"start":{"line":35,"column":4},"end":{"line":45,"column":null}},"13":{"start":{"line":36,"column":12},"end":{"line":43,"column":8}},"14":{"start":{"line":44,"column":6},"end":{"line":44,"column":34}},"15":{"start":{"line":48,"column":8},"end":{"line":51,"column":null}},"16":{"start":{"line":49,"column":10},"end":{"line":49,"column":74}},"17":{"start":{"line":49,"column":50},"end":{"line":49,"column":73}},"18":{"start":{"line":50,"column":4},"end":{"line":50,"column":27}},"19":{"start":{"line":53,"column":8},"end":{"line":55,"column":null}},"20":{"start":{"line":54,"column":4},"end":{"line":54,"column":25}},"21":{"start":{"line":57,"column":8},"end":{"line":64,"column":null}},"22":{"start":{"line":58,"column":4},"end":{"line":63,"column":null}},"23":{"start":{"line":59,"column":6},"end":{"line":59,"column":44}},"24":{"start":{"line":60,"column":6},"end":{"line":60,"column":29}},"25":{"start":{"line":62,"column":6},"end":{"line":62,"column":18}},"26":{"start":{"line":66,"column":8},"end":{"line":72,"column":null}},"27":{"start":{"line":67,"column":4},"end":{"line":71,"column":null}},"28":{"start":{"line":68,"column":6},"end":{"line":68,"column":18}},"29":{"start":{"line":70,"column":6},"end":{"line":70,"column":29}},"30":{"start":{"line":74,"column":8},"end":{"line":76,"column":null}},"31":{"start":{"line":75,"column":4},"end":{"line":75,"column":46}},"32":{"start":{"line":78,"column":10},"end":{"line":84,"column":null}},"33":{"start":{"line":79,"column":4},"end":{"line":83,"column":null}},"34":{"start":{"line":80,"column":6},"end":{"line":82,"column":null}},"35":{"start":{"line":81,"column":8},"end":{"line":81,"column":124}},"36":{"start":{"line":81,"column":90},"end":{"line":81,"column":123}},"37":{"start":{"line":86,"column":8},"end":{"line":93,"column":null}},"38":{"start":{"line":87,"column":4},"end":{"line":92,"column":null}},"39":{"start":{"line":88,"column":6},"end":{"line":88,"column":null}},"40":{"start":{"line":90,"column":6},"end":{"line":90,"column":null}},"41":{"start":{"line":91,"column":6},"end":{"line":91,"column":29}},"42":{"start":{"line":95,"column":0},"end":{"line":95,"column":null}},"43":{"start":{"line":97,"column":0},"end":{"line":97,"column":29}}},"fnMap":{"0":{"name":"(anonymous_13)","decl":{"start":{"line":4,"column":0},"end":{"line":4,"column":null}},"loc":{"start":{"line":4,"column":0},"end":{"line":95,"column":null}}},"1":{"name":"DBProdcutStub","decl":{"start":{"line":8,"column":2},"end":{"line":8,"column":null}},"loc":{"start":{"line":8,"column":2},"end":{"line":15,"column":3}}},"2":{"name":"(anonymous_15)","decl":{"start":{"line":17,"column":2},"end":{"line":17,"column":10}},"loc":{"start":{"line":17,"column":37},"end":{"line":26,"column":3}}},"3":{"name":"(anonymous_16)","decl":{"start":{"line":28,"column":2},"end":{"line":28,"column":8}},"loc":{"start":{"line":28,"column":32},"end":{"line":30,"column":null}}},"4":{"name":"(anonymous_19)","decl":{"start":{"line":32,"column":2},"end":{"line":32,"column":8}},"loc":{"start":{"line":32,"column":2},"end":{"line":46,"column":null}}},"5":{"name":"(anonymous_22)","decl":{"start":{"line":48,"column":2},"end":{"line":48,"column":8}},"loc":{"start":{"line":48,"column":29},"end":{"line":51,"column":null}}},"6":{"name":"(anonymous_25)","decl":{"start":{"line":49,"column":39},"end":{"line":49,"column":46}},"loc":{"start":{"line":49,"column":46},"end":{"line":49,"column":57}}},"7":{"name":"(anonymous_26)","decl":{"start":{"line":53,"column":2},"end":{"line":53,"column":8}},"loc":{"start":{"line":53,"column":2},"end":{"line":55,"column":null}}},"8":{"name":"(anonymous_29)","decl":{"start":{"line":57,"column":2},"end":{"line":57,"column":8}},"loc":{"start":{"line":57,"column":55},"end":{"line":64,"column":null}}},"9":{"name":"(anonymous_32)","decl":{"start":{"line":66,"column":2},"end":{"line":66,"column":8}},"loc":{"start":{"line":66,"column":51},"end":{"line":72,"column":null}}},"10":{"name":"(anonymous_35)","decl":{"start":{"line":74,"column":2},"end":{"line":74,"column":8}},"loc":{"start":{"line":74,"column":59},"end":{"line":76,"column":null}}},"11":{"name":"(anonymous_38)","decl":{"start":{"line":78,"column":2},"end":{"line":78,"column":10}},"loc":{"start":{"line":78,"column":43},"end":{"line":84,"column":3}}},"12":{"name":"(anonymous_39)","decl":{"start":{"line":81,"column":79},"end":{"line":81,"column":86}},"loc":{"start":{"line":81,"column":86},"end":{"line":81,"column":97}}},"13":{"name":"(anonymous_40)","decl":{"start":{"line":86,"column":2},"end":{"line":86,"column":8}},"loc":{"start":{"line":86,"column":39},"end":{"line":93,"column":null}}}},"branchMap":{"0":{"loc":{"start":{"line":19,"column":6},"end":{"line":24,"column":44}},"type":"binary-expr","locations":[{"start":{"line":19,"column":6},"end":{"line":19,"column":37}},{"start":{"line":20,"column":6},"end":{"line":20,"column":43}},{"start":{"line":21,"column":6},"end":{"line":21,"column":50}},{"start":{"line":22,"column":6},"end":{"line":22,"column":44}},{"start":{"line":23,"column":6},"end":{"line":23,"column":44}},{"start":{"line":24,"column":6},"end":{"line":24,"column":44}}]},"1":{"loc":{"start":{"line":50,"column":11},"end":{"line":50,"column":26}},"type":"binary-expr","locations":[{"start":{"line":50,"column":11},"end":{"line":50,"column":18}},{"start":{"line":50,"column":22},"end":{"line":50,"column":26}}]},"2":{"loc":{"start":{"line":58,"column":4},"end":{"line":63,"column":null}},"type":"if","locations":[{"start":{"line":58,"column":4},"end":{"line":63,"column":null}},{"start":{"line":61,"column":11},"end":{"line":63,"column":null}}]},"3":{"loc":{"start":{"line":67,"column":4},"end":{"line":71,"column":null}},"type":"if","locations":[{"start":{"line":67,"column":4},"end":{"line":71,"column":null}},{"start":{"line":69,"column":9},"end":{"line":71,"column":null}}]},"4":{"loc":{"start":{"line":80,"column":6},"end":{"line":82,"column":null}},"type":"if","locations":[{"start":{"line":80,"column":6},"end":{"line":82,"column":null}}]},"5":{"loc":{"start":{"line":87,"column":4},"end":{"line":92,"column":null}},"type":"if","locations":[{"start":{"line":87,"column":4},"end":{"line":92,"column":null}},{"start":{"line":89,"column":9},"end":{"line":92,"column":null}}]}},"s":{"0":1,"1":1,"2":11,"3":11,"4":11,"5":1,"6":2,"7":1,"8":0,"9":1,"10":11,"11":11,"12":11,"13":1100,"14":1100,"15":1,"16":2,"17":103,"18":2,"19":1,"20":1001,"21":1,"22":2,"23":1,"24":1,"25":1,"26":1,"27":2,"28":1,"29":1,"30":1,"31":0,"32":1,"33":2,"34":4,"35":4,"36":8,"37":1,"38":3,"39":1,"40":2,"41":2,"42":1,"43":1},"f":{"0":1,"1":11,"2":2,"3":0,"4":11,"5":2,"6":103,"7":1001,"8":2,"9":2,"10":0,"11":2,"12":8,"13":3},"b":{"0":[2,1,1,1,1,1],"1":[2,1],"2":[1,1],"3":[1,1],"4":[4],"5":[1,2]}}
,"C:\\Users\\paubo\\OneDrive\\Documentos\\GitHub\\ACS_Proyecto_01\\Code\\backend\\src\\daos\\_tests_\\DBPublicationStub.ts": {"path":"C:\\Users\\paubo\\OneDrive\\Documentos\\GitHub\\ACS_Proyecto_01\\Code\\backend\\src\\daos\\_tests_\\DBPublicationStub.ts","statementMap":{"0":{"start":{"line":2,"column":0},"end":{"line":2,"column":75}},"1":{"start":{"line":4,"column":0},"end":{"line":4,"column":null}},"2":{"start":{"line":8,"column":6},"end":{"line":8,"column":29}},"3":{"start":{"line":9,"column":6},"end":{"line":9,"column":31}},"4":{"start":{"line":12,"column":12},"end":{"line":20,"column":null}},"5":{"start":{"line":13,"column":6},"end":{"line":19,"column":8}},"6":{"start":{"line":22,"column":10},"end":{"line":24,"column":null}},"7":{"start":{"line":23,"column":6},"end":{"line":23,"column":null}},"8":{"start":{"line":26,"column":10},"end":{"line":43,"column":null}},"9":{"start":{"line":27,"column":12},"end":{"line":27,"column":133}},"10":{"start":{"line":28,"column":12},"end":{"line":28,"column":133}},"11":{"start":{"line":29,"column":6},"end":{"line":29,"column":null}},"12":{"start":{"line":30,"column":6},"end":{"line":30,"column":57}},"13":{"start":{"line":32,"column":6},"end":{"line":42,"column":null}},"14":{"start":{"line":33,"column":14},"end":{"line":40,"column":10}},"15":{"start":{"line":41,"column":8},"end":{"line":41,"column":44}},"16":{"start":{"line":45,"column":10},"end":{"line":48,"column":null}},"17":{"start":{"line":46,"column":12},"end":{"line":46,"column":103}},"18":{"start":{"line":46,"column":64},"end":{"line":46,"column":102}},"19":{"start":{"line":47,"column":6},"end":{"line":47,"column":33}},"20":{"start":{"line":50,"column":10},"end":{"line":56,"column":null}},"21":{"start":{"line":51,"column":6},"end":{"line":55,"column":null}},"22":{"start":{"line":52,"column":8},"end":{"line":52,"column":null}},"23":{"start":{"line":54,"column":6},"end":{"line":54,"column":31}},"24":{"start":{"line":58,"column":10},"end":{"line":64,"column":null}},"25":{"start":{"line":59,"column":12},"end":{"line":59,"column":116}},"26":{"start":{"line":59,"column":77},"end":{"line":59,"column":115}},"27":{"start":{"line":60,"column":6},"end":{"line":62,"column":null}},"28":{"start":{"line":61,"column":8},"end":{"line":61,"column":20}},"29":{"start":{"line":63,"column":6},"end":{"line":63,"column":36}},"30":{"start":{"line":66,"column":10},"end":{"line":74,"column":null}},"31":{"start":{"line":67,"column":12},"end":{"line":69,"column":9}},"32":{"start":{"line":68,"column":10},"end":{"line":68,"column":67}},"33":{"start":{"line":68,"column":35},"end":{"line":68,"column":66}},"34":{"start":{"line":70,"column":6},"end":{"line":72,"column":null}},"35":{"start":{"line":71,"column":10},"end":{"line":71,"column":22}},"36":{"start":{"line":73,"column":6},"end":{"line":73,"column":34}},"37":{"start":{"line":76,"column":10},"end":{"line":83,"column":null}},"38":{"start":{"line":77,"column":6},"end":{"line":79,"column":null}},"39":{"start":{"line":78,"column":10},"end":{"line":78,"column":22}},"40":{"start":{"line":81,"column":6},"end":{"line":81,"column":52}},"41":{"start":{"line":82,"column":6},"end":{"line":82,"column":33}},"42":{"start":{"line":85,"column":12},"end":{"line":90,"column":null}},"43":{"start":{"line":86,"column":8},"end":{"line":88,"column":null}},"44":{"start":{"line":87,"column":10},"end":{"line":87,"column":22}},"45":{"start":{"line":89,"column":8},"end":{"line":89,"column":35}},"46":{"start":{"line":92,"column":12},"end":{"line":100,"column":null}},"47":{"start":{"line":93,"column":14},"end":{"line":93,"column":104}},"48":{"start":{"line":93,"column":65},"end":{"line":93,"column":103}},"49":{"start":{"line":94,"column":8},"end":{"line":99,"column":null}},"50":{"start":{"line":95,"column":10},"end":{"line":95,"column":45}},"51":{"start":{"line":96,"column":10},"end":{"line":96,"column":31}},"52":{"start":{"line":98,"column":10},"end":{"line":98,"column":22}},"53":{"start":{"line":102,"column":0},"end":{"line":102,"column":null}},"54":{"start":{"line":104,"column":0},"end":{"line":104,"column":33}}},"fnMap":{"0":{"name":"(anonymous_13)","decl":{"start":{"line":4,"column":0},"end":{"line":4,"column":null}},"loc":{"start":{"line":4,"column":0},"end":{"line":102,"column":null}}},"1":{"name":"DBPublicationStub","decl":{"start":{"line":7,"column":4},"end":{"line":7,"column":null}},"loc":{"start":{"line":7,"column":4},"end":{"line":10,"column":5}}},"2":{"name":"(anonymous_15)","decl":{"start":{"line":12,"column":4},"end":{"line":12,"column":12}},"loc":{"start":{"line":12,"column":47},"end":{"line":20,"column":5}}},"3":{"name":"(anonymous_16)","decl":{"start":{"line":22,"column":4},"end":{"line":22,"column":10}},"loc":{"start":{"line":22,"column":42},"end":{"line":24,"column":null}}},"4":{"name":"(anonymous_19)","decl":{"start":{"line":26,"column":4},"end":{"line":26,"column":10}},"loc":{"start":{"line":26,"column":4},"end":{"line":43,"column":null}}},"5":{"name":"(anonymous_22)","decl":{"start":{"line":45,"column":4},"end":{"line":45,"column":10}},"loc":{"start":{"line":45,"column":46},"end":{"line":48,"column":null}}},"6":{"name":"(anonymous_25)","decl":{"start":{"line":46,"column":49},"end":{"line":46,"column":60}},"loc":{"start":{"line":46,"column":60},"end":{"line":46,"column":75}}},"7":{"name":"(anonymous_26)","decl":{"start":{"line":50,"column":4},"end":{"line":50,"column":10}},"loc":{"start":{"line":50,"column":4},"end":{"line":56,"column":null}}},"8":{"name":"(anonymous_29)","decl":{"start":{"line":58,"column":4},"end":{"line":58,"column":10}},"loc":{"start":{"line":58,"column":54},"end":{"line":64,"column":null}}},"9":{"name":"(anonymous_32)","decl":{"start":{"line":59,"column":62},"end":{"line":59,"column":73}},"loc":{"start":{"line":59,"column":73},"end":{"line":59,"column":88}}},"10":{"name":"(anonymous_33)","decl":{"start":{"line":66,"column":4},"end":{"line":66,"column":10}},"loc":{"start":{"line":66,"column":46},"end":{"line":74,"column":null}}},"11":{"name":"(anonymous_36)","decl":{"start":{"line":67,"column":60},"end":{"line":67,"column":71}},"loc":{"start":{"line":67,"column":71},"end":{"line":69,"column":7}}},"12":{"name":"(anonymous_37)","decl":{"start":{"line":68,"column":28},"end":{"line":68,"column":31}},"loc":{"start":{"line":68,"column":31},"end":{"line":68,"column":46}}},"13":{"name":"(anonymous_38)","decl":{"start":{"line":76,"column":4},"end":{"line":76,"column":10}},"loc":{"start":{"line":76,"column":69},"end":{"line":83,"column":null}}},"14":{"name":"(anonymous_41)","decl":{"start":{"line":85,"column":6},"end":{"line":85,"column":12}},"loc":{"start":{"line":85,"column":67},"end":{"line":90,"column":null}}},"15":{"name":"(anonymous_44)","decl":{"start":{"line":92,"column":6},"end":{"line":92,"column":12}},"loc":{"start":{"line":92,"column":51},"end":{"line":100,"column":null}}},"16":{"name":"(anonymous_47)","decl":{"start":{"line":93,"column":50},"end":{"line":93,"column":61}},"loc":{"start":{"line":93,"column":61},"end":{"line":93,"column":76}}}},"branchMap":{"0":{"loc":{"start":{"line":14,"column":8},"end":{"line":18,"column":44}},"type":"binary-expr","locations":[{"start":{"line":14,"column":8},"end":{"line":14,"column":19}},{"start":{"line":15,"column":8},"end":{"line":15,"column":55}},{"start":{"line":16,"column":8},"end":{"line":16,"column":56}},{"start":{"line":17,"column":8},"end":{"line":17,"column":49}},{"start":{"line":18,"column":8},"end":{"line":18,"column":44}}]},"1":{"loc":{"start":{"line":47,"column":13},"end":{"line":47,"column":32}},"type":"binary-expr","locations":[{"start":{"line":47,"column":13},"end":{"line":47,"column":24}},{"start":{"line":47,"column":28},"end":{"line":47,"column":32}}]},"2":{"loc":{"start":{"line":51,"column":6},"end":{"line":55,"column":null}},"type":"if","locations":[{"start":{"line":51,"column":6},"end":{"line":55,"column":null}},{"start":{"line":53,"column":11},"end":{"line":55,"column":null}}]},"3":{"loc":{"start":{"line":60,"column":6},"end":{"line":62,"column":null}},"type":"if","locations":[{"start":{"line":60,"column":6},"end":{"line":62,"column":null}}]},"4":{"loc":{"start":{"line":70,"column":6},"end":{"line":72,"column":null}},"type":"if","locations":[{"start":{"line":70,"column":6},"end":{"line":72,"column":null}}]},"5":{"loc":{"start":{"line":77,"column":6},"end":{"line":79,"column":null}},"type":"if","locations":[{"start":{"line":77,"column":6},"end":{"line":79,"column":null}}]},"6":{"loc":{"start":{"line":86,"column":8},"end":{"line":88,"column":null}},"type":"if","locations":[{"start":{"line":86,"column":8},"end":{"line":88,"column":null}}]},"7":{"loc":{"start":{"line":94,"column":8},"end":{"line":99,"column":null}},"type":"if","locations":[{"start":{"line":94,"column":8},"end":{"line":99,"column":null}},{"start":{"line":97,"column":15},"end":{"line":99,"column":null}}]}},"s":{"0":1,"1":1,"2":17,"3":17,"4":1,"5":4,"6":1,"7":1,"8":1,"9":18,"10":18,"11":18,"12":18,"13":18,"14":1800,"15":1800,"16":1,"17":1002,"18":3105,"19":1002,"20":1,"21":1001,"22":1,"23":1000,"24":1,"25":1002,"26":102204,"27":1002,"28":1,"29":1001,"30":1,"31":1002,"32":102204,"33":104206,"34":1002,"35":1,"36":1001,"37":1,"38":2,"39":1,"40":1,"41":1,"42":1,"43":2,"44":1,"45":1,"46":1,"47":2,"48":103,"49":2,"50":1,"51":1,"52":1,"53":1,"54":1},"f":{"0":1,"1":17,"2":4,"3":1,"4":18,"5":1002,"6":3105,"7":1001,"8":1002,"9":102204,"10":1002,"11":102204,"12":104206,"13":2,"14":2,"15":2,"16":103},"b":{"0":[4,4,2,2,2],"1":[1002,1],"2":[1,1000],"3":[1],"4":[1],"5":[1],"6":[1],"7":[1,1]}}
,"C:\\Users\\paubo\\OneDrive\\Documentos\\GitHub\\ACS_Proyecto_01\\Code\\backend\\src\\exceptions\\exceptions.ts": {"path":"C:\\Users\\paubo\\OneDrive\\Documentos\\GitHub\\ACS_Proyecto_01\\Code\\backend\\src\\exceptions\\exceptions.ts","statementMap":{"0":{"start":{"line":1,"column":0},"end":{"line":1,"column":null}},"1":{"start":{"line":1,"column":25},"end":{"line":1,"column":30}},"2":{"start":{"line":3,"column":4},"end":{"line":3,"column":null}},"3":{"start":{"line":4,"column":4},"end":{"line":4,"column":29}},"4":{"start":{"line":5,"column":4},"end":{"line":5,"column":54}},"5":{"start":{"line":7,"column":0},"end":{"line":7,"column":null}},"6":{"start":{"line":38,"column":2},"end":{"line":38,"column":12}},"7":{"start":{"line":9,"column":0},"end":{"line":9,"column":null}},"8":{"start":{"line":9,"column":32},"end":{"line":9,"column":37}},"9":{"start":{"line":11,"column":4},"end":{"line":13,"column":null}},"10":{"start":{"line":14,"column":4},"end":{"line":14,"column":36}},"11":{"start":{"line":15,"column":4},"end":{"line":15,"column":61}},"12":{"start":{"line":17,"column":0},"end":{"line":17,"column":null}},"13":{"start":{"line":39,"column":2},"end":{"line":39,"column":19}},"14":{"start":{"line":19,"column":0},"end":{"line":19,"column":null}},"15":{"start":{"line":19,"column":35},"end":{"line":19,"column":40}},"16":{"start":{"line":21,"column":4},"end":{"line":23,"column":null}},"17":{"start":{"line":24,"column":4},"end":{"line":24,"column":39}},"18":{"start":{"line":25,"column":4},"end":{"line":25,"column":64}},"19":{"start":{"line":27,"column":0},"end":{"line":27,"column":null}},"20":{"start":{"line":40,"column":2},"end":{"line":40,"column":22}},"21":{"start":{"line":29,"column":0},"end":{"line":29,"column":null}},"22":{"start":{"line":29,"column":35},"end":{"line":29,"column":40}},"23":{"start":{"line":31,"column":4},"end":{"line":31,"column":null}},"24":{"start":{"line":32,"column":4},"end":{"line":32,"column":39}},"25":{"start":{"line":33,"column":4},"end":{"line":33,"column":64}},"26":{"start":{"line":35,"column":0},"end":{"line":35,"column":null}},"27":{"start":{"line":41,"column":2},"end":{"line":41,"column":22}}},"fnMap":{"0":{"name":"(anonymous_6)","decl":{"start":{"line":1,"column":0},"end":{"line":1,"column":25}},"loc":{"start":{"line":1,"column":0},"end":{"line":7,"column":null}}},"1":{"name":"EmailInUse","decl":{"start":{"line":2,"column":2},"end":{"line":2,"column":null}},"loc":{"start":{"line":2,"column":2},"end":{"line":6,"column":3}}},"2":{"name":"(anonymous_8)","decl":{"start":{"line":9,"column":0},"end":{"line":9,"column":32}},"loc":{"start":{"line":9,"column":0},"end":{"line":17,"column":null}}},"3":{"name":"ProductNotInStock","decl":{"start":{"line":10,"column":2},"end":{"line":10,"column":14}},"loc":{"start":{"line":10,"column":33},"end":{"line":16,"column":3}}},"4":{"name":"(anonymous_10)","decl":{"start":{"line":19,"column":0},"end":{"line":19,"column":35}},"loc":{"start":{"line":19,"column":0},"end":{"line":27,"column":null}}},"5":{"name":"ProductDoesNotExists","decl":{"start":{"line":20,"column":2},"end":{"line":20,"column":14}},"loc":{"start":{"line":20,"column":33},"end":{"line":26,"column":3}}},"6":{"name":"(anonymous_12)","decl":{"start":{"line":29,"column":0},"end":{"line":29,"column":35}},"loc":{"start":{"line":29,"column":0},"end":{"line":35,"column":null}}},"7":{"name":"ToManyProductsInCart","decl":{"start":{"line":30,"column":2},"end":{"line":30,"column":null}},"loc":{"start":{"line":30,"column":2},"end":{"line":34,"column":3}}}},"branchMap":{"0":{"loc":{"start":{"line":3,"column":4},"end":{"line":3,"column":null}},"type":"binary-expr","locations":[{"start":{"line":3,"column":4},"end":{"line":3,"column":57}},{"start":{"line":3,"column":57},"end":{"line":3,"column":null}}]},"1":{"loc":{"start":{"line":11,"column":4},"end":{"line":13,"column":null}},"type":"binary-expr","locations":[{"start":{"line":11,"column":4},"end":{"line":12,"column":null}},{"start":{"line":13,"column":5},"end":{"line":13,"column":null}}]},"2":{"loc":{"start":{"line":21,"column":4},"end":{"line":23,"column":null}},"type":"binary-expr","locations":[{"start":{"line":21,"column":4},"end":{"line":22,"column":null}},{"start":{"line":23,"column":5},"end":{"line":23,"column":null}}]},"3":{"loc":{"start":{"line":31,"column":4},"end":{"line":31,"column":null}},"type":"binary-expr","locations":[{"start":{"line":31,"column":4},"end":{"line":31,"column":70}},{"start":{"line":31,"column":70},"end":{"line":31,"column":null}}]}},"s":{"0":1,"1":1,"2":0,"3":0,"4":0,"5":1,"6":1,"7":1,"8":1,"9":0,"10":0,"11":0,"12":1,"13":1,"14":1,"15":1,"16":0,"17":0,"18":0,"19":1,"20":1,"21":1,"22":1,"23":1,"24":1,"25":1,"26":1,"27":1},"f":{"0":1,"1":0,"2":1,"3":0,"4":1,"5":0,"6":1,"7":1},"b":{"0":[0,0],"1":[0,0],"2":[0,0],"3":[1,0]}}
,"C:\\Users\\paubo\\OneDrive\\Documentos\\GitHub\\ACS_Proyecto_01\\Code\\backend\\src\\models\\Product.ts": {"path":"C:\\Users\\paubo\\OneDrive\\Documentos\\GitHub\\ACS_Proyecto_01\\Code\\backend\\src\\models\\Product.ts","statementMap":{"0":{"start":{"line":1,"column":0},"end":{"line":1,"column":38}},"1":{"start":{"line":3,"column":0},"end":{"line":3,"column":null}},"2":{"start":{"line":3,"column":22},"end":{"line":3,"column":30}},"3":{"start":{"line":17,"column":4},"end":{"line":17,"column":null}},"4":{"start":{"line":18,"column":4},"end":{"line":18,"column":31}},"5":{"start":{"line":19,"column":4},"end":{"line":19,"column":21}},"6":{"start":{"line":20,"column":4},"end":{"line":20,"column":23}},"7":{"start":{"line":21,"column":4},"end":{"line":21,"column":23}},"8":{"start":{"line":24,"column":2},"end":{"line":26,"column":null}},"9":{"start":{"line":25,"column":4},"end":{"line":25,"column":26}},"10":{"start":{"line":28,"column":2},"end":{"line":30,"column":null}},"11":{"start":{"line":29,"column":4},"end":{"line":29,"column":21}},"12":{"start":{"line":32,"column":2},"end":{"line":34,"column":null}},"13":{"start":{"line":33,"column":4},"end":{"line":33,"column":28}},"14":{"start":{"line":36,"column":2},"end":{"line":38,"column":null}},"15":{"start":{"line":37,"column":4},"end":{"line":37,"column":22}},"16":{"start":{"line":40,"column":2},"end":{"line":42,"column":null}},"17":{"start":{"line":41,"column":4},"end":{"line":41,"column":22}},"18":{"start":{"line":44,"column":2},"end":{"line":46,"column":null}},"19":{"start":{"line":45,"column":4},"end":{"line":45,"column":22}},"20":{"start":{"line":48,"column":2},"end":{"line":50,"column":null}},"21":{"start":{"line":49,"column":4},"end":{"line":49,"column":27}},"22":{"start":{"line":52,"column":2},"end":{"line":54,"column":null}},"23":{"start":{"line":53,"column":4},"end":{"line":53,"column":24}},"24":{"start":{"line":56,"column":2},"end":{"line":58,"column":null}},"25":{"start":{"line":57,"column":4},"end":{"line":57,"column":38}},"26":{"start":{"line":60,"column":2},"end":{"line":62,"column":null}},"27":{"start":{"line":61,"column":4},"end":{"line":61,"column":26}},"28":{"start":{"line":64,"column":2},"end":{"line":66,"column":null}},"29":{"start":{"line":65,"column":4},"end":{"line":65,"column":26}},"30":{"start":{"line":68,"column":2},"end":{"line":70,"column":null}},"31":{"start":{"line":69,"column":4},"end":{"line":69,"column":26}},"32":{"start":{"line":71,"column":0},"end":{"line":71,"column":null}},"33":{"start":{"line":73,"column":9},"end":{"line":73,"column":16}}},"fnMap":{"0":{"name":"(anonymous_6)","decl":{"start":{"line":3,"column":0},"end":{"line":3,"column":22}},"loc":{"start":{"line":3,"column":0},"end":{"line":71,"column":null}}},"1":{"name":"Product","decl":{"start":{"line":9,"column":2},"end":{"line":9,"column":null}},"loc":{"start":{"line":15,"column":22},"end":{"line":22,"column":3}}},"2":{"name":"(anonymous_8)","decl":{"start":{"line":24,"column":2},"end":{"line":24,"column":7}},"loc":{"start":{"line":24,"column":2},"end":{"line":26,"column":3}}},"3":{"name":"(anonymous_9)","decl":{"start":{"line":28,"column":2},"end":{"line":28,"column":9}},"loc":{"start":{"line":28,"column":2},"end":{"line":30,"column":3}}},"4":{"name":"(anonymous_10)","decl":{"start":{"line":32,"column":2},"end":{"line":32,"column":16}},"loc":{"start":{"line":32,"column":2},"end":{"line":34,"column":3}}},"5":{"name":"(anonymous_11)","decl":{"start":{"line":36,"column":2},"end":{"line":36,"column":10}},"loc":{"start":{"line":36,"column":2},"end":{"line":38,"column":3}}},"6":{"name":"(anonymous_12)","decl":{"start":{"line":40,"column":2},"end":{"line":40,"column":10}},"loc":{"start":{"line":40,"column":2},"end":{"line":42,"column":3}}},"7":{"name":"(anonymous_13)","decl":{"start":{"line":44,"column":2},"end":{"line":44,"column":10}},"loc":{"start":{"line":44,"column":2},"end":{"line":46,"column":3}}},"8":{"name":"(anonymous_14)","decl":{"start":{"line":48,"column":2},"end":{"line":48,"column":7}},"loc":{"start":{"line":48,"column":21},"end":{"line":50,"column":3}}},"9":{"name":"(anonymous_15)","decl":{"start":{"line":52,"column":2},"end":{"line":52,"column":9}},"loc":{"start":{"line":52,"column":25},"end":{"line":54,"column":3}}},"10":{"name":"(anonymous_16)","decl":{"start":{"line":56,"column":2},"end":{"line":56,"column":16}},"loc":{"start":{"line":56,"column":39},"end":{"line":58,"column":3}}},"11":{"name":"(anonymous_17)","decl":{"start":{"line":60,"column":2},"end":{"line":60,"column":10}},"loc":{"start":{"line":60,"column":27},"end":{"line":62,"column":3}}},"12":{"name":"(anonymous_18)","decl":{"start":{"line":64,"column":2},"end":{"line":64,"column":10}},"loc":{"start":{"line":64,"column":27},"end":{"line":66,"column":3}}},"13":{"name":"(anonymous_19)","decl":{"start":{"line":68,"column":2},"end":{"line":68,"column":10}},"loc":{"start":{"line":68,"column":27},"end":{"line":70,"column":3}}}},"branchMap":{"0":{"loc":{"start":{"line":17,"column":4},"end":{"line":17,"column":null}},"type":"binary-expr","locations":[{"start":{"line":17,"column":4},"end":{"line":17,"column":29}},{"start":{"line":17,"column":29},"end":{"line":17,"column":null}}]}},"s":{"0":2,"1":2,"2":2,"3":1144,"4":1144,"5":1144,"6":1144,"7":1144,"8":2,"9":112,"10":2,"11":0,"12":2,"13":0,"14":2,"15":0,"16":2,"17":0,"18":2,"19":3,"20":2,"21":1,"22":2,"23":0,"24":2,"25":0,"26":2,"27":0,"28":2,"29":0,"30":2,"31":0,"32":2,"33":2},"f":{"0":2,"1":1144,"2":112,"3":0,"4":0,"5":0,"6":0,"7":3,"8":1,"9":0,"10":0,"11":0,"12":0,"13":0},"b":{"0":[1144,1144]}}
,"C:\\Users\\paubo\\OneDrive\\Documentos\\GitHub\\ACS_Proyecto_01\\Code\\backend\\src\\models\\Publication.ts": {"path":"C:\\Users\\paubo\\OneDrive\\Documentos\\GitHub\\ACS_Proyecto_01\\Code\\backend\\src\\models\\Publication.ts","statementMap":{"0":{"start":{"line":1,"column":0},"end":{"line":1,"column":38}},"1":{"start":{"line":3,"column":0},"end":{"line":3,"column":null}},"2":{"start":{"line":3,"column":26},"end":{"line":3,"column":34}},"3":{"start":{"line":17,"column":4},"end":{"line":17,"column":null}},"4":{"start":{"line":18,"column":4},"end":{"line":18,"column":47}},"5":{"start":{"line":19,"column":4},"end":{"line":19,"column":33}},"6":{"start":{"line":20,"column":4},"end":{"line":20,"column":21}},"7":{"start":{"line":21,"column":4},"end":{"line":21,"column":21}},"8":{"start":{"line":24,"column":2},"end":{"line":26,"column":null}},"9":{"start":{"line":25,"column":4},"end":{"line":25,"column":30}},"10":{"start":{"line":28,"column":2},"end":{"line":30,"column":null}},"11":{"start":{"line":29,"column":4},"end":{"line":29,"column":27}},"12":{"start":{"line":32,"column":2},"end":{"line":34,"column":null}},"13":{"start":{"line":33,"column":4},"end":{"line":33,"column":21}},"14":{"start":{"line":36,"column":2},"end":{"line":38,"column":null}},"15":{"start":{"line":37,"column":4},"end":{"line":37,"column":28}},"16":{"start":{"line":40,"column":2},"end":{"line":42,"column":null}},"17":{"start":{"line":41,"column":4},"end":{"line":41,"column":22}},"18":{"start":{"line":44,"column":2},"end":{"line":46,"column":null}},"19":{"start":{"line":45,"column":4},"end":{"line":45,"column":21}},"20":{"start":{"line":48,"column":2},"end":{"line":50,"column":null}},"21":{"start":{"line":49,"column":4},"end":{"line":49,"column":31}},"22":{"start":{"line":52,"column":2},"end":{"line":54,"column":null}},"23":{"start":{"line":53,"column":4},"end":{"line":53,"column":36}},"24":{"start":{"line":56,"column":2},"end":{"line":58,"column":null}},"25":{"start":{"line":57,"column":4},"end":{"line":57,"column":24}},"26":{"start":{"line":60,"column":2},"end":{"line":62,"column":null}},"27":{"start":{"line":61,"column":4},"end":{"line":61,"column":38}},"28":{"start":{"line":64,"column":2},"end":{"line":66,"column":null}},"29":{"start":{"line":65,"column":4},"end":{"line":65,"column":26}},"30":{"start":{"line":68,"column":2},"end":{"line":70,"column":null}},"31":{"start":{"line":69,"column":4},"end":{"line":69,"column":24}},"32":{"start":{"line":71,"column":0},"end":{"line":71,"column":null}},"33":{"start":{"line":73,"column":9},"end":{"line":73,"column":20}}},"fnMap":{"0":{"name":"(anonymous_6)","decl":{"start":{"line":3,"column":0},"end":{"line":3,"column":26}},"loc":{"start":{"line":3,"column":0},"end":{"line":71,"column":null}}},"1":{"name":"Publication","decl":{"start":{"line":9,"column":2},"end":{"line":9,"column":null}},"loc":{"start":{"line":15,"column":26},"end":{"line":22,"column":3}}},"2":{"name":"(anonymous_8)","decl":{"start":{"line":24,"column":2},"end":{"line":24,"column":7}},"loc":{"start":{"line":24,"column":2},"end":{"line":26,"column":3}}},"3":{"name":"(anonymous_9)","decl":{"start":{"line":28,"column":2},"end":{"line":28,"column":15}},"loc":{"start":{"line":28,"column":2},"end":{"line":30,"column":3}}},"4":{"name":"(anonymous_10)","decl":{"start":{"line":32,"column":2},"end":{"line":32,"column":9}},"loc":{"start":{"line":32,"column":2},"end":{"line":34,"column":3}}},"5":{"name":"(anonymous_11)","decl":{"start":{"line":36,"column":2},"end":{"line":36,"column":16}},"loc":{"start":{"line":36,"column":2},"end":{"line":38,"column":3}}},"6":{"name":"(anonymous_12)","decl":{"start":{"line":40,"column":2},"end":{"line":40,"column":10}},"loc":{"start":{"line":40,"column":2},"end":{"line":42,"column":3}}},"7":{"name":"(anonymous_13)","decl":{"start":{"line":44,"column":2},"end":{"line":44,"column":9}},"loc":{"start":{"line":44,"column":2},"end":{"line":46,"column":3}}},"8":{"name":"(anonymous_14)","decl":{"start":{"line":48,"column":2},"end":{"line":48,"column":7}},"loc":{"start":{"line":48,"column":21},"end":{"line":50,"column":3}}},"9":{"name":"(anonymous_15)","decl":{"start":{"line":52,"column":2},"end":{"line":52,"column":15}},"loc":{"start":{"line":52,"column":37},"end":{"line":54,"column":3}}},"10":{"name":"(anonymous_16)","decl":{"start":{"line":56,"column":2},"end":{"line":56,"column":9}},"loc":{"start":{"line":56,"column":23},"end":{"line":58,"column":3}}},"11":{"name":"(anonymous_17)","decl":{"start":{"line":60,"column":2},"end":{"line":60,"column":16}},"loc":{"start":{"line":60,"column":39},"end":{"line":62,"column":3}}},"12":{"name":"(anonymous_18)","decl":{"start":{"line":64,"column":2},"end":{"line":64,"column":10}},"loc":{"start":{"line":64,"column":27},"end":{"line":66,"column":3}}},"13":{"name":"(anonymous_19)","decl":{"start":{"line":68,"column":2},"end":{"line":68,"column":9}},"loc":{"start":{"line":68,"column":27},"end":{"line":70,"column":3}}}},"branchMap":{"0":{"loc":{"start":{"line":17,"column":4},"end":{"line":17,"column":null}},"type":"binary-expr","locations":[{"start":{"line":17,"column":4},"end":{"line":17,"column":29}},{"start":{"line":17,"column":29},"end":{"line":17,"column":null}}]},"1":{"loc":{"start":{"line":18,"column":25},"end":{"line":18,"column":46}},"type":"binary-expr","locations":[{"start":{"line":18,"column":25},"end":{"line":18,"column":38}},{"start":{"line":18,"column":42},"end":{"line":18,"column":46}}]}},"s":{"0":2,"1":2,"2":2,"3":1840,"4":1840,"5":1840,"6":1840,"7":1840,"8":2,"9":4211,"10":2,"11":4,"12":2,"13":0,"14":2,"15":3,"16":2,"17":3,"18":2,"19":9,"20":2,"21":18,"22":2,"23":0,"24":2,"25":0,"26":2,"27":0,"28":2,"29":0,"30":2,"31":0,"32":2,"33":2},"f":{"0":2,"1":1840,"2":4211,"3":4,"4":0,"5":3,"6":3,"7":9,"8":18,"9":0,"10":0,"11":0,"12":0,"13":0},"b":{"0":[1840,1840],"1":[1840,1]}}
,"C:\\Users\\paubo\\OneDrive\\Documentos\\GitHub\\ACS_Proyecto_01\\Code\\backend\\src\\models\\Viewable.ts": {"path":"C:\\Users\\paubo\\OneDrive\\Documentos\\GitHub\\ACS_Proyecto_01\\Code\\backend\\src\\models\\Viewable.ts","statementMap":{"0":{"start":{"line":1,"column":0},"end":{"line":1,"column":null}},"1":{"start":{"line":6,"column":4},"end":{"line":6,"column":35}},"2":{"start":{"line":7,"column":4},"end":{"line":7,"column":23}},"3":{"start":{"line":9,"column":0},"end":{"line":9,"column":null}},"4":{"start":{"line":11,"column":9},"end":{"line":11,"column":17}}},"fnMap":{"0":{"name":"(anonymous_0)","decl":{"start":{"line":1,"column":0},"end":{"line":1,"column":null}},"loc":{"start":{"line":1,"column":0},"end":{"line":9,"column":null}}},"1":{"name":"Viewable","decl":{"start":{"line":5,"column":2},"end":{"line":5,"column":14}},"loc":{"start":{"line":5,"column":48},"end":{"line":8,"column":3}}}},"branchMap":{},"s":{"0":4,"1":2984,"2":2984,"3":4,"4":4},"f":{"0":4,"1":2984},"b":{}}
,"C:\\Users\\paubo\\OneDrive\\Documentos\\GitHub\\ACS_Proyecto_01\\Code\\backend\\src\\schemas\\cartS.ts": {"path":"C:\\Users\\paubo\\OneDrive\\Documentos\\GitHub\\ACS_Proyecto_01\\Code\\backend\\src\\schemas\\cartS.ts","statementMap":{"0":{"start":{"line":1,"column":0},"end":{"line":1,"column":51}},"1":{"start":{"line":2,"column":0},"end":{"line":2,"column":32}},"2":{"start":{"line":4,"column":27},"end":{"line":12,"column":2}},"3":{"start":{"line":16,"column":0},"end":{"line":16,"column":50}}},"fnMap":{},"branchMap":{},"s":{"0":1,"1":1,"2":1,"3":1},"f":{},"b":{}}
,"C:\\Users\\paubo\\OneDrive\\Documentos\\GitHub\\ACS_Proyecto_01\\Code\\backend\\src\\schemas\\productS.ts": {"path":"C:\\Users\\paubo\\OneDrive\\Documentos\\GitHub\\ACS_Proyecto_01\\Code\\backend\\src\\schemas\\productS.ts","statementMap":{"0":{"start":{"line":1,"column":0},"end":{"line":1,"column":51}},"1":{"start":{"line":2,"column":0},"end":{"line":2,"column":32}},"2":{"start":{"line":4,"column":30},"end":{"line":10,"column":2}},"3":{"start":{"line":14,"column":0},"end":{"line":14,"column":56}}},"fnMap":{},"branchMap":{},"s":{"0":1,"1":1,"2":1,"3":1},"f":{},"b":{}}
,"C:\\Users\\paubo\\OneDrive\\Documentos\\GitHub\\ACS_Proyecto_01\\Code\\backend\\src\\schemas\\publicationS.ts": {"path":"C:\\Users\\paubo\\OneDrive\\Documentos\\GitHub\\ACS_Proyecto_01\\Code\\backend\\src\\schemas\\publicationS.ts","statementMap":{"0":{"start":{"line":1,"column":0},"end":{"line":1,"column":51}},"1":{"start":{"line":2,"column":0},"end":{"line":2,"column":32}},"2":{"start":{"line":4,"column":34},"end":{"line":10,"column":2}},"3":{"start":{"line":14,"column":0},"end":{"line":14,"column":64}}},"fnMap":{},"branchMap":{},"s":{"0":1,"1":1,"2":1,"3":1},"f":{},"b":{}}
}
