TN:
SF:src\mongo-config.ts
FN:6,(anonymous_1)
FN:9,Database
FN:11,(anonymous_3)
FN:18,(anonymous_4)
FN:21,(anonymous_5)
FN:24,(anonymous_6)
FN:29,(anonymous_7)
FN:32,(anonymous_8)
FN:35,(anonymous_9)
FNF:9
FNH:7
FNDA:1,(anonymous_1)
FNDA:1,Database
FNDA:2,(anonymous_3)
FNDA:1,(anonymous_4)
FNDA:1,(anonymous_5)
FNDA:0,(anonymous_6)
FNDA:1,(anonymous_7)
FNDA:1,(anonymous_8)
FNDA:0,(anonymous_9)
DA:1,1
DA:4,1
DA:6,1
DA:11,1
DA:12,2
DA:13,1
DA:15,2
DA:18,1
DA:19,1
DA:22,1
DA:25,0
DA:29,1
DA:30,1
DA:33,1
DA:36,0
DA:39,1
DA:41,1
LF:17
LH:15
BRDA:12,0,0,1
BRF:1
BRH:1
end_of_record
TN:
SF:src\daos\PublicationDAO.ts
FN:6,(anonymous_14)
FN:7,PublicationDAO
FN:10,(anonymous_16)
FN:33,(anonymous_19)
FN:50,(anonymous_22)
FN:75,(anonymous_25)
FN:99,(anonymous_28)
FN:119,(anonymous_31)
FN:131,(anonymous_34)
FNF:9
FNH:9
FNDA:1,(anonymous_14)
FNDA:1,PublicationDAO
FNDA:5,(anonymous_16)
FNDA:101,(anonymous_19)
FNDA:101,(anonymous_22)
FNDA:103,(anonymous_25)
FNDA:4,(anonymous_28)
FNDA:2,(anonymous_31)
FNDA:2,(anonymous_34)
DA:1,1
DA:2,1
DA:3,1
DA:6,1
DA:10,1
DA:11,5
DA:29,5
DA:33,1
DA:34,101
DA:50,1
DA:51,101
DA:75,1
DA:76,103
DA:99,1
DA:100,4
DA:108,3
DA:111,6
DA:115,3
DA:119,1
DA:120,2
DA:131,1
DA:132,2
DA:134,1
DA:136,1
LF:24
LH:24
BRDA:11,0,0,5
BRDA:34,1,0,101
BRDA:34,1,1,101
BRDA:51,2,0,101
BRDA:51,2,1,101
BRDA:76,3,0,103
BRDA:76,3,1,103
BRDA:120,4,0,2
BRDA:120,4,1,1
BRDA:132,5,0,2
BRDA:132,5,1,2
BRF:11
BRH:11
end_of_record
TN:
SF:src\models\Publication.ts
FN:3,(anonymous_6)
FN:9,Publication
FN:24,(anonymous_8)
FN:28,(anonymous_9)
FN:32,(anonymous_10)
FN:36,(anonymous_11)
FN:40,(anonymous_12)
FN:44,(anonymous_13)
FN:48,(anonymous_14)
FN:52,(anonymous_15)
FN:56,(anonymous_16)
FN:60,(anonymous_17)
FN:64,(anonymous_18)
FN:68,(anonymous_19)
FNF:14
FNH:7
FNDA:1,(anonymous_6)
FNDA:4,Publication
FNDA:1,(anonymous_8)
FNDA:4,(anonymous_9)
FNDA:0,(anonymous_10)
FNDA:4,(anonymous_11)
FNDA:0,(anonymous_12)
FNDA:4,(anonymous_13)
FNDA:1,(anonymous_14)
FNDA:0,(anonymous_15)
FNDA:0,(anonymous_16)
FNDA:0,(anonymous_17)
FNDA:0,(anonymous_18)
FNDA:0,(anonymous_19)
DA:1,1
DA:3,1
DA:17,4
DA:18,4
DA:19,4
DA:20,4
DA:21,4
DA:24,1
DA:25,1
DA:28,1
DA:29,4
DA:32,1
DA:33,0
DA:36,1
DA:37,4
DA:40,1
DA:41,0
DA:44,1
DA:45,4
DA:48,1
DA:49,1
DA:52,1
DA:53,0
DA:56,1
DA:57,0
DA:60,1
DA:61,0
DA:64,1
DA:65,0
DA:68,1
DA:69,0
DA:71,1
DA:73,1
LF:33
LH:26
BRDA:17,0,0,4
BRDA:17,0,1,4
BRDA:18,1,0,4
BRDA:18,1,1,4
BRF:4
BRH:4
end_of_record
TN:
SF:src\models\Viewable.ts
FN:1,(anonymous_0)
FN:5,Viewable
FNF:2
FNH:2
FNDA:1,(anonymous_0)
FNDA:4,Viewable
DA:1,1
DA:6,4
DA:7,4
DA:9,1
DA:11,1
LF:5
LH:5
BRF:0
BRH:0
end_of_record
TN:
SF:src\schemas\publicationS.ts
FNF:0
FNH:0
DA:1,1
DA:2,1
DA:4,1
DA:14,1
LF:4
LH:4
BRF:0
BRH:0
end_of_record
