TN:
SF:src\controllers\CartAdmin.ts
FN:6,(anonymous_13)
FN:9,CartAdmin
FN:15,(anonymous_15)
FN:39,(anonymous_18)
FN:54,(anonymous_21)
FN:60,(anonymous_24)
FN:69,(anonymous_27)
FNF:7
FNH:5
FNDA:1,(anonymous_13)
FNDA:6,CartAdmin
FNDA:3,(anonymous_15)
FNDA:0,(anonymous_18)
FNDA:3,(anonymous_21)
FNDA:3,(anonymous_24)
FNDA:0,(anonymous_27)
DA:3,1
DA:4,1
DA:6,1
DA:10,6
DA:15,1
DA:20,3
DA:22,6
DA:23,0
DA:26,3
DA:27,5
DA:28,1
DA:32,2
DA:39,1
DA:44,0
DA:45,0
DA:46,0
DA:47,0
DA:49,0
DA:54,1
DA:55,3
DA:60,1
DA:67,3
DA:68,3
DA:74,0
DA:82,3
DA:92,6
DA:95,6
DA:97,3
DA:99,1
DA:101,1
LF:30
LH:23
BRDA:20,0,0,3
BRDA:20,0,1,0
BRDA:20,0,2,2
BRDA:22,1,0,3
BRDA:27,2,0,2
BRDA:44,3,0,0
BRDA:44,3,1,0
BRDA:44,3,2,0
BRDA:44,3,3,0
BRDA:46,4,0,0
BRDA:55,5,0,3
BRDA:55,5,1,3
BRDA:67,6,0,3
BRF:13
BRH:7
end_of_record
TN:
SF:src\controllers\ProductAdmin.ts
FN:6,(anonymous_13)
FN:9,ProductAdmin
FN:13,(anonymous_15)
FN:25,(anonymous_16)
FN:35,(anonymous_19)
FN:42,(anonymous_22)
FN:53,(anonymous_23)
FN:71,(anonymous_26)
FN:76,(anonymous_29)
FNF:9
FNH:8
FNDA:1,(anonymous_13)
FNDA:9,ProductAdmin
FNDA:4,(anonymous_15)
FNDA:2,(anonymous_16)
FNDA:2,(anonymous_19)
FNDA:0,(anonymous_22)
FNDA:2,(anonymous_23)
FNDA:1,(anonymous_26)
FNDA:2,(anonymous_29)
DA:1,1
DA:2,1
DA:4,1
DA:6,1
DA:7,9
DA:10,9
DA:13,1
DA:14,4
DA:25,1
DA:26,2
DA:27,1
DA:29,1
DA:31,2
DA:35,1
DA:36,2
DA:37,1
DA:40,1
DA:42,2
DA:44,2
DA:49,1
DA:53,1
DA:54,2
DA:55,2
DA:56,1
DA:61,2
DA:63,0
DA:67,2
DA:71,1
DA:72,1
DA:76,1
DA:77,2
DA:78,1
DA:79,0
DA:81,1
DA:83,1
DA:85,1
LF:36
LH:34
BRDA:15,0,0,4
BRDA:15,0,1,2
BRDA:15,0,2,2
BRDA:15,0,3,2
BRDA:15,0,4,2
BRDA:15,0,5,2
BRDA:26,1,0,1
BRDA:49,2,0,1
BRDA:49,2,1,1
BRDA:36,3,0,1
BRDA:40,4,0,0
BRDA:54,5,0,2
BRDA:55,6,0,1
BRDA:72,7,0,1
BRDA:72,7,1,1
BRDA:77,8,0,2
BRDA:78,9,0,0
BRF:17
BRH:15
end_of_record
TN:
SF:src\controllers\PublicationAdmin.ts
FN:6,(anonymous_13)
FN:9,PublicationAdmin
FN:14,(anonymous_15)
FN:23,(anonymous_16)
FN:28,(anonymous_17)
FN:37,(anonymous_20)
FN:42,(anonymous_23)
FN:51,(anonymous_26)
FN:60,(anonymous_29)
FN:72,(anonymous_32)
FN:81,(anonymous_35)
FN:93,(anonymous_36)
FNF:12
FNH:11
FNDA:1,(anonymous_13)
FNDA:13,PublicationAdmin
FNDA:4,(anonymous_15)
FNDA:2,(anonymous_16)
FNDA:2,(anonymous_17)
FNDA:1,(anonymous_20)
FNDA:2,(anonymous_23)
FNDA:2,(anonymous_26)
FNDA:2,(anonymous_29)
FNDA:2,(anonymous_32)
FNDA:0,(anonymous_35)
FNDA:2,(anonymous_36)
DA:1,1
DA:4,1
DA:6,1
DA:7,13
DA:10,13
DA:14,1
DA:15,4
DA:23,2
DA:28,1
DA:29,2
DA:30,2
DA:31,1
DA:33,1
DA:37,1
DA:38,1
DA:42,1
DA:43,2
DA:44,2
DA:45,1
DA:47,1
DA:51,1
DA:52,2
DA:53,2
DA:54,1
DA:56,1
DA:60,1
DA:61,2
DA:62,1
DA:64,1
DA:65,2
DA:72,1
DA:73,2
DA:74,1
DA:77,1
DA:79,2
DA:84,2
DA:89,2
DA:93,1
DA:95,4
DA:96,4
DA:99,1
DA:100,1
DA:102,0
DA:103,0
DA:107,1
DA:109,1
LF:46
LH:44
BRDA:16,0,0,4
BRDA:16,0,1,4
BRDA:16,0,2,2
BRDA:16,0,3,2
BRDA:16,0,4,2
BRDA:16,0,5,2
BRDA:16,0,6,2
BRDA:16,0,7,2
BRDA:29,1,0,2
BRDA:30,2,0,1
BRDA:38,3,0,1
BRDA:38,3,1,1
BRDA:43,4,0,2
BRDA:44,5,0,1
BRDA:52,6,0,2
BRDA:53,7,0,1
BRDA:61,8,0,1
BRDA:89,9,0,1
BRDA:73,10,0,1
BRDA:77,11,0,0
BRDA:99,12,0,1
BRDA:99,12,1,0
BRF:22
BRH:20
end_of_record
TN:
SF:src\controllers\_tests_\CartDaoStub.ts
FN:2,(anonymous_13)
FN:8,(anonymous_15)
FN:12,(anonymous_18)
FN:21,(anonymous_21)
FN:25,(anonymous_22)
FN:29,(anonymous_23)
FN:39,(anonymous_26)
FN:43,(anonymous_29)
FN:48,(anonymous_30)
FN:53,(anonymous_33)
FN:58,(anonymous_36)
FN:69,(anonymous_39)
FNF:12
FNH:9
FNDA:7,(anonymous_13)
FNDA:3,(anonymous_15)
FNDA:0,(anonymous_18)
FNDA:0,(anonymous_21)
FNDA:3,(anonymous_22)
FNDA:2,(anonymous_23)
FNDA:3,(anonymous_26)
FNDA:3,(anonymous_29)
FNDA:0,(anonymous_30)
FNDA:3,(anonymous_33)
FNDA:3,(anonymous_36)
FNDA:2,(anonymous_39)
DA:2,1
DA:8,1
DA:9,3
DA:12,1
DA:18,0
DA:21,1
DA:22,0
DA:25,1
DA:26,3
DA:29,1
DA:35,2
DA:39,1
DA:40,3
DA:43,1
DA:44,3
DA:48,1
DA:49,0
DA:53,1
DA:54,3
DA:58,1
DA:66,3
DA:69,1
DA:70,2
DA:72,1
DA:74,1
LF:25
LH:22
BRF:0
BRH:0
end_of_record
TN:
SF:src\controllers\_tests_\ProductDaoStub.ts
FN:5,(anonymous_15)
FN:8,ProductDAOStub
FN:16,(anonymous_17)
FN:27,(anonymous_18)
FN:36,(anonymous_21)
FN:37,(anonymous_24)
FN:44,(anonymous_25)
FN:48,(anonymous_28)
FN:49,(anonymous_31)
FN:50,(anonymous_32)
FN:60,(anonymous_33)
FN:64,(anonymous_36)
FN:65,(anonymous_37)
FN:71,(anonymous_38)
FN:72,(anonymous_41)
FN:73,(anonymous_42)
FNF:16
FNH:13
FNDA:1,(anonymous_15)
FNDA:9,ProductDAOStub
FNDA:2,(anonymous_17)
FNDA:1,(anonymous_18)
FNDA:3,(anonymous_21)
FNDA:5,(anonymous_24)
FNDA:1,(anonymous_25)
FNDA:1,(anonymous_28)
FNDA:1,(anonymous_31)
FNDA:1,(anonymous_32)
FNDA:1,(anonymous_33)
FNDA:1,(anonymous_36)
FNDA:1,(anonymous_37)
FNDA:0,(anonymous_38)
FNDA:0,(anonymous_41)
FNDA:0,(anonymous_42)
DA:2,1
DA:3,1
DA:5,1
DA:9,9
DA:16,1
DA:17,2
DA:27,1
DA:28,1
DA:29,0
DA:31,1
DA:32,1
DA:33,1
DA:36,1
DA:37,5
DA:38,3
DA:39,1
DA:41,2
DA:44,1
DA:45,1
DA:48,1
DA:49,1
DA:50,1
DA:51,1
DA:52,0
DA:54,1
DA:60,1
DA:61,1
DA:62,0
DA:64,1
DA:65,1
DA:66,1
DA:71,1
DA:72,0
DA:73,0
DA:74,0
DA:78,1
DA:80,1
LF:37
LH:31
BRDA:18,0,0,2
BRDA:18,0,1,2
BRDA:18,0,2,2
BRDA:18,0,3,2
BRDA:18,0,4,2
BRDA:18,0,5,2
BRDA:28,1,0,0
BRDA:38,2,0,1
BRDA:51,3,0,0
BRDA:51,3,1,1
BRDA:61,4,0,0
BRF:11
BRH:8
end_of_record
TN:
SF:src\controllers\_tests_\PublicationDaoStub.ts
FN:5,(anonymous_14)
FN:8,PublicationDAOStub
FN:40,(anonymous_16)
FN:41,(anonymous_19)
FN:44,(anonymous_20)
FN:48,(anonymous_23)
FN:49,(anonymous_26)
FN:55,(anonymous_27)
FN:56,(anonymous_30)
FN:57,(anonymous_31)
FN:61,(anonymous_32)
FN:81,(anonymous_35)
FN:90,(anonymous_36)
FN:94,(anonymous_39)
FN:95,(anonymous_40)
FN:101,(anonymous_41)
FN:102,(anonymous_44)
FN:103,(anonymous_45)
FNF:18
FNH:18
FNDA:1,(anonymous_14)
FNDA:13,PublicationDAOStub
FNDA:2,(anonymous_16)
FNDA:4,(anonymous_19)
FNDA:1,(anonymous_20)
FNDA:2,(anonymous_23)
FNDA:6,(anonymous_26)
FNDA:2,(anonymous_27)
FNDA:6,(anonymous_30)
FNDA:16,(anonymous_31)
FNDA:1,(anonymous_32)
FNDA:2,(anonymous_35)
FNDA:1,(anonymous_36)
FNDA:1,(anonymous_39)
FNDA:1,(anonymous_40)
FNDA:2,(anonymous_41)
FNDA:2,(anonymous_44)
FNDA:2,(anonymous_45)
DA:1,1
DA:5,1
DA:6,13
DA:9,13
DA:40,1
DA:41,4
DA:44,1
DA:45,1
DA:48,1
DA:49,2
DA:50,6
DA:55,1
DA:56,2
DA:57,16
DA:61,1
DA:62,1
DA:63,0
DA:66,1
DA:76,1
DA:77,1
DA:78,1
DA:81,1
DA:82,2
DA:90,1
DA:91,1
DA:92,0
DA:94,1
DA:95,1
DA:96,1
DA:101,1
DA:102,2
DA:103,2
DA:104,2
DA:105,1
DA:107,1
DA:112,1
DA:114,1
LF:37
LH:35
BRDA:41,0,0,2
BRDA:41,0,1,1
BRDA:50,1,0,6
BRDA:50,1,1,3
BRDA:50,1,2,3
BRDA:62,2,0,0
BRDA:83,3,0,2
BRDA:83,3,1,2
BRDA:83,3,2,2
BRDA:83,3,3,2
BRDA:83,3,4,2
BRDA:91,4,0,0
BRDA:104,5,0,1
BRDA:104,5,1,1
BRF:14
BRH:12
end_of_record
TN:
SF:src\daos\ProductDAO.ts
FN:5,(anonymous_14)
FN:6,ProductDAO
FN:9,(anonymous_16)
FN:14,(anonymous_19)
FN:19,(anonymous_22)
FN:39,(anonymous_25)
FN:52,(anonymous_28)
FN:63,(anonymous_31)
FNF:8
FNH:2
FNDA:1,(anonymous_14)
FNDA:9,ProductDAO
FNDA:0,(anonymous_16)
FNDA:0,(anonymous_19)
FNDA:0,(anonymous_22)
FNDA:0,(anonymous_25)
FNDA:0,(anonymous_28)
FNDA:0,(anonymous_31)
DA:1,1
DA:2,1
DA:5,1
DA:9,1
DA:10,0
DA:14,1
DA:15,0
DA:19,1
DA:20,0
DA:28,0
DA:31,0
DA:35,0
DA:39,1
DA:40,0
DA:52,1
DA:53,0
DA:63,1
DA:65,0
DA:75,0
DA:77,1
DA:79,1
LF:21
LH:11
BRDA:10,0,0,0
BRDA:10,0,1,0
BRDA:15,1,0,0
BRDA:15,1,1,0
BRDA:40,2,0,0
BRDA:40,2,1,0
BRDA:53,3,0,0
BRDA:53,3,1,0
BRDA:75,4,0,0
BRF:9
BRH:0
end_of_record
TN:
SF:src\daos\PublicationDAO.ts
FN:6,(anonymous_14)
FN:7,PublicationDAO
FN:10,(anonymous_16)
FN:33,(anonymous_19)
FN:50,(anonymous_22)
FN:75,(anonymous_25)
FN:99,(anonymous_28)
FN:119,(anonymous_31)
FN:131,(anonymous_34)
FNF:9
FNH:2
FNDA:1,(anonymous_14)
FNDA:13,PublicationDAO
FNDA:0,(anonymous_16)
FNDA:0,(anonymous_19)
FNDA:0,(anonymous_22)
FNDA:0,(anonymous_25)
FNDA:0,(anonymous_28)
FNDA:0,(anonymous_31)
FNDA:0,(anonymous_34)
DA:1,1
DA:2,1
DA:3,1
DA:6,1
DA:10,1
DA:11,0
DA:29,0
DA:33,1
DA:34,0
DA:50,1
DA:51,0
DA:75,1
DA:76,0
DA:99,1
DA:100,0
DA:108,0
DA:111,0
DA:115,0
DA:119,1
DA:120,0
DA:131,1
DA:132,0
DA:134,1
DA:136,1
LF:24
LH:13
BRDA:11,0,0,0
BRDA:34,1,0,0
BRDA:34,1,1,0
BRDA:51,2,0,0
BRDA:51,2,1,0
BRDA:76,3,0,0
BRDA:76,3,1,0
BRDA:120,4,0,0
BRDA:120,4,1,0
BRDA:132,5,0,0
BRDA:132,5,1,0
BRF:11
BRH:0
end_of_record
TN:
SF:src\daos\_tests_\DataBaseStub.ts
FN:3,(anonymous_13)
FN:7,DataBaseStub
FN:18,(anonymous_15)
FN:27,(anonymous_18)
FN:37,(anonymous_21)
FN:43,(anonymous_24)
FN:58,(anonymous_27)
FN:65,(anonymous_30)
FN:71,(anonymous_33)
FNF:9
FNH:8
FNDA:1,(anonymous_13)
FNDA:18,DataBaseStub
FNDA:1002,(anonymous_15)
FNDA:5805,(anonymous_18)
FNDA:1002,(anonymous_21)
FNDA:1002,(anonymous_24)
FNDA:1002,(anonymous_27)
FNDA:0,(anonymous_30)
FNDA:2002,(anonymous_33)
DA:3,1
DA:8,18
DA:9,18
DA:11,18
DA:12,1800
DA:13,1800
DA:14,1800
DA:18,1
DA:19,1002
DA:20,1001
DA:21,1001
DA:23,1
DA:27,1
DA:28,5805
DA:29,1
DA:31,5804
DA:32,188
DA:34,5804
DA:37,1
DA:38,1002
DA:39,1
DA:43,1
DA:44,1002
DA:45,1
DA:47,1001
DA:51,1001
DA:58,1
DA:59,1002
DA:60,1
DA:62,1001
DA:65,1
DA:66,0
DA:67,0
DA:71,1
DA:79,2002
DA:80,1
DA:82,2001
DA:83,2001
DA:93,2001
DA:94,2001
DA:96,1
DA:98,1
LF:42
LH:40
BRDA:19,0,0,1001
BRDA:19,0,1,1
BRDA:20,1,0,1001
BRDA:20,1,1,1000
BRDA:28,2,0,1
BRDA:31,3,0,188
BRDA:38,4,0,1
BRDA:44,5,0,1
BRDA:59,6,0,1
BRDA:66,7,0,0
BRDA:79,8,0,1
BRF:11
BRH:10
end_of_record
TN:
SF:src\exceptions\exceptions.ts
FN:1,(anonymous_6)
FN:2,EmailInUse
FN:9,(anonymous_8)
FN:10,ProductNotInStock
FN:19,(anonymous_10)
FN:20,ProductDoesNotExists
FN:29,(anonymous_12)
FN:30,ToManyProductsInCart
FNF:8
FNH:5
FNDA:1,(anonymous_6)
FNDA:0,EmailInUse
FNDA:1,(anonymous_8)
FNDA:0,ProductNotInStock
FNDA:1,(anonymous_10)
FNDA:0,ProductDoesNotExists
FNDA:1,(anonymous_12)
FNDA:1,ToManyProductsInCart
DA:1,1
DA:3,0
DA:4,0
DA:5,0
DA:7,1
DA:9,1
DA:11,0
DA:14,0
DA:15,0
DA:17,1
DA:19,1
DA:21,0
DA:24,0
DA:25,0
DA:27,1
DA:29,1
DA:31,1
DA:32,1
DA:33,1
DA:35,1
DA:38,1
DA:39,1
DA:40,1
DA:41,1
LF:24
LH:15
BRDA:3,0,0,0
BRDA:3,0,1,0
BRDA:11,1,0,0
BRDA:11,1,1,0
BRDA:21,2,0,0
BRDA:21,2,1,0
BRDA:31,3,0,1
BRDA:31,3,1,0
BRF:8
BRH:1
end_of_record
TN:
SF:src\models\Product.ts
FN:3,(anonymous_6)
FN:9,Product
FN:24,(anonymous_8)
FN:28,(anonymous_9)
FN:32,(anonymous_10)
FN:36,(anonymous_11)
FN:40,(anonymous_12)
FN:44,(anonymous_13)
FN:48,(anonymous_14)
FN:52,(anonymous_15)
FN:56,(anonymous_16)
FN:60,(anonymous_17)
FN:64,(anonymous_18)
FN:68,(anonymous_19)
FNF:14
FNH:5
FNDA:1,(anonymous_6)
FNDA:20,Product
FNDA:8,(anonymous_8)
FNDA:0,(anonymous_9)
FNDA:0,(anonymous_10)
FNDA:0,(anonymous_11)
FNDA:0,(anonymous_12)
FNDA:3,(anonymous_13)
FNDA:1,(anonymous_14)
FNDA:0,(anonymous_15)
FNDA:0,(anonymous_16)
FNDA:0,(anonymous_17)
FNDA:0,(anonymous_18)
FNDA:0,(anonymous_19)
DA:1,1
DA:3,1
DA:17,20
DA:18,20
DA:19,20
DA:20,20
DA:21,20
DA:24,1
DA:25,8
DA:28,1
DA:29,0
DA:32,1
DA:33,0
DA:36,1
DA:37,0
DA:40,1
DA:41,0
DA:44,1
DA:45,3
DA:48,1
DA:49,1
DA:52,1
DA:53,0
DA:56,1
DA:57,0
DA:60,1
DA:61,0
DA:64,1
DA:65,0
DA:68,1
DA:69,0
DA:71,1
DA:73,1
LF:33
LH:24
BRDA:17,0,0,20
BRDA:17,0,1,20
BRF:2
BRH:2
end_of_record
TN:
SF:src\models\Publication.ts
FN:3,(anonymous_6)
FN:9,Publication
FN:24,(anonymous_8)
FN:28,(anonymous_9)
FN:32,(anonymous_10)
FN:36,(anonymous_11)
FN:40,(anonymous_12)
FN:44,(anonymous_13)
FN:48,(anonymous_14)
FN:52,(anonymous_15)
FN:56,(anonymous_16)
FN:60,(anonymous_17)
FN:64,(anonymous_18)
FN:68,(anonymous_19)
FNF:14
FNH:7
FNDA:1,(anonymous_6)
FNDA:2,Publication
FNDA:2,(anonymous_8)
FNDA:4,(anonymous_9)
FNDA:0,(anonymous_10)
FNDA:3,(anonymous_11)
FNDA:3,(anonymous_12)
FNDA:7,(anonymous_13)
FNDA:0,(anonymous_14)
FNDA:0,(anonymous_15)
FNDA:0,(anonymous_16)
FNDA:0,(anonymous_17)
FNDA:0,(anonymous_18)
FNDA:0,(anonymous_19)
DA:1,1
DA:3,1
DA:17,2
DA:18,2
DA:19,2
DA:20,2
DA:21,2
DA:24,1
DA:25,2
DA:28,1
DA:29,4
DA:32,1
DA:33,0
DA:36,1
DA:37,3
DA:40,1
DA:41,3
DA:44,1
DA:45,7
DA:48,1
DA:49,0
DA:52,1
DA:53,0
DA:56,1
DA:57,0
DA:60,1
DA:61,0
DA:64,1
DA:65,0
DA:68,1
DA:69,0
DA:71,1
DA:73,1
LF:33
LH:26
BRDA:17,0,0,2
BRDA:17,0,1,2
BRDA:18,1,0,2
BRDA:18,1,1,1
BRF:4
BRH:4
end_of_record
TN:
SF:src\models\Viewable.ts
FN:1,(anonymous_0)
FN:5,Viewable
FNF:2
FNH:2
FNDA:2,(anonymous_0)
FNDA:22,Viewable
DA:1,2
DA:6,22
DA:7,22
DA:9,2
DA:11,2
LF:5
LH:5
BRF:0
BRH:0
end_of_record
TN:
SF:src\schemas\cartS.ts
FNF:0
FNH:0
DA:1,1
DA:2,1
DA:4,1
DA:16,1
LF:4
LH:4
BRF:0
BRH:0
end_of_record
TN:
SF:src\schemas\productS.ts
FNF:0
FNH:0
DA:1,1
DA:2,1
DA:4,1
DA:14,1
LF:4
LH:4
BRF:0
BRH:0
end_of_record
TN:
SF:src\schemas\publicationS.ts
FNF:0
FNH:0
DA:1,1
DA:2,1
DA:4,1
DA:14,1
LF:4
LH:4
BRF:0
BRH:0
end_of_record
